<?xml version="1.0" encoding="UTF-8"?>
<coverage generated="1789586103344" clover="3.2.0">
  <project timestamp="1789586103344" name="All files">
    <metrics statements="202" coveredstatements="152" conditionals="179" coveredconditionals="114" methods="104" coveredmethods="49" elements="485" coveredelements="315" complexity="0" loc="202" ncloc="202" packages="2" files="7" classes="7"/>
    <package name="components">
      <metrics statements="99" coveredstatements="73" conditionals="56" coveredconditionals="36" methods="57" coveredmethods="22"/>
      <file name="EmptyState.jsx" path="C:\Users\missr\OneDrive - belgiumcampus.ac.za\Desktop\Uni\Projects\11. SEN371\main-project\SEN371\frontend\src\components\EmptyState.jsx">
        <metrics statements="1" coveredstatements="0" conditionals="4" coveredconditionals="0" methods="1" coveredmethods="0"/>
        <line num="3" count="0" type="stmt"/>
      </file>
      <file name="Icons.jsx" path="C:\Users\missr\OneDrive - belgiumcampus.ac.za\Desktop\Uni\Projects\11. SEN371\main-project\SEN371\frontend\src\components\Icons.jsx">
        <metrics statements="22" coveredstatements="22" conditionals="2" coveredconditionals="1" methods="21" coveredmethods="8"/>
        <line num="4" count="68" type="stmt"/>
        <line num="21" count="3" type="stmt"/>
        <line num="22" count="12" type="stmt"/>
        <line num="23" count="3" type="stmt"/>
        <line num="24" count="12" type="cond" truecount="1" falsecount="1"/>
        <line num="28" count="3" type="stmt"/>
        <line num="29" count="3" type="stmt"/>
        <line num="30" count="4" type="stmt"/>
        <line num="31" count="3" type="stmt"/>
        <line num="32" count="18" type="stmt"/>
        <line num="33" count="3" type="stmt"/>
        <line num="34" count="3" type="stmt"/>
        <line num="35" count="6" type="stmt"/>
        <line num="36" count="6" type="stmt"/>
        <line num="37" count="3" type="stmt"/>
        <line num="38" count="3" type="stmt"/>
        <line num="39" count="3" type="stmt"/>
        <line num="40" count="3" type="stmt"/>
        <line num="41" count="3" type="stmt"/>
        <line num="42" count="3" type="stmt"/>
        <line num="43" count="10" type="stmt"/>
        <line num="44" count="3" type="stmt"/>
      </file>
      <file name="Illustrations.jsx" path="C:\Users\missr\OneDrive - belgiumcampus.ac.za\Desktop\Uni\Projects\11. SEN371\main-project\SEN371\frontend\src\components\Illustrations.jsx">
        <metrics statements="51" coveredstatements="32" conditionals="14" coveredconditionals="8" methods="27" coveredmethods="9"/>
        <line num="5" count="3" type="stmt"/>
        <line num="6" count="3" type="stmt"/>
        <line num="7" count="3" type="stmt"/>
        <line num="8" count="3" type="stmt"/>
        <line num="9" count="3" type="stmt"/>
        <line num="10" count="3" type="stmt"/>
        <line num="11" count="3" type="stmt"/>
        <line num="12" count="3" type="stmt"/>
        <line num="13" count="3" type="stmt"/>
        <line num="15" count="32" type="stmt"/>
        <line num="24" count="0" type="stmt"/>
        <line num="35" count="0" type="stmt"/>
        <line num="88" count="0" type="stmt"/>
        <line num="139" count="0" type="stmt"/>
        <line num="156" count="0" type="stmt"/>
        <line num="173" count="0" type="stmt"/>
        <line num="194" count="0" type="stmt"/>
        <line num="221" count="0" type="stmt"/>
        <line num="229" count="0" type="cond" truecount="0" falsecount="2"/>
        <line num="233" count="0" type="stmt"/>
        <line num="267" count="0" type="stmt"/>
        <line num="289" count="0" type="stmt"/>
        <line num="313" count="0" type="stmt"/>
        <line num="324" count="14" type="stmt"/>
        <line num="330" count="3" type="stmt"/>
        <line num="331" count="0" type="stmt"/>
        <line num="337" count="3" type="stmt"/>
        <line num="338" count="0" type="stmt"/>
        <line num="345" count="3" type="stmt"/>
        <line num="346" count="7" type="stmt"/>
        <line num="352" count="3" type="stmt"/>
        <line num="353" count="0" type="stmt"/>
        <line num="359" count="3" type="stmt"/>
        <line num="360" count="7" type="stmt"/>
        <line num="369" count="14" type="cond" truecount="3" falsecount="1"/>
        <line num="370" count="14" type="cond" truecount="1" falsecount="1"/>
        <line num="371" count="14" type="cond" truecount="1" falsecount="1"/>
        <line num="372" count="14" type="cond" truecount="2" falsecount="0"/>
        <line num="373" count="7" type="cond" truecount="1" falsecount="1"/>
        <line num="374" count="7" type="stmt"/>
        <line num="379" count="18" type="stmt"/>
        <line num="386" count="3" type="stmt"/>
        <line num="387" count="6" type="stmt"/>
        <line num="394" count="3" type="stmt"/>
        <line num="395" count="6" type="stmt"/>
        <line num="400" count="3" type="stmt"/>
        <line num="401" count="6" type="stmt"/>
        <line num="406" count="3" type="stmt"/>
        <line num="407" count="0" type="stmt"/>
        <line num="417" count="0" type="stmt"/>
        <line num="418" count="0" type="stmt"/>
      </file>
      <file name="ProductCard.jsx" path="C:\Users\missr\OneDrive - belgiumcampus.ac.za\Desktop\Uni\Projects\11. SEN371\main-project\SEN371\frontend\src\components\ProductCard.jsx">
        <metrics statements="22" coveredstatements="18" conditionals="28" coveredconditionals="20" methods="5" coveredmethods="4"/>
        <line num="9" count="6" type="stmt"/>
        <line num="10" count="6" type="stmt"/>
        <line num="11" count="6" type="stmt"/>
        <line num="13" count="6" type="stmt"/>
        <line num="14" count="6" type="stmt"/>
        <line num="15" count="6" type="cond" truecount="2" falsecount="0"/>
        <line num="16" count="6" type="stmt"/>
        <line num="17" count="6" type="stmt"/>
        <line num="20" count="6" type="stmt"/>
        <line num="21" count="2" type="cond" truecount="1" falsecount="1"/>
        <line num="22" count="0" type="stmt"/>
        <line num="23" count="0" type="stmt"/>
        <line num="24" count="0" type="stmt"/>
        <line num="27" count="6" type="stmt"/>
        <line num="28" count="1" type="cond" truecount="1" falsecount="1"/>
        <line num="29" count="1" type="stmt"/>
        <line num="30" count="1" type="stmt"/>
        <line num="33" count="6" type="stmt"/>
        <line num="34" count="1" type="cond" truecount="1" falsecount="1"/>
        <line num="35" count="1" type="stmt"/>
        <line num="38" count="6" type="stmt"/>
        <line num="79" count="0" type="stmt"/>
      </file>
      <file name="Stepper.jsx" path="C:\Users\missr\OneDrive - belgiumcampus.ac.za\Desktop\Uni\Projects\11. SEN371\main-project\SEN371\frontend\src\components\Stepper.jsx">
        <metrics statements="3" coveredstatements="1" conditionals="8" coveredconditionals="7" methods="3" coveredmethods="1"/>
        <line num="4" count="6" type="stmt"/>
        <line num="6" count="0" type="cond" truecount="2" falsecount="0"/>
        <line num="10" count="0" type="cond" truecount="2" falsecount="0"/>
      </file>
    </package>
    <package name="pages">
      <metrics statements="103" coveredstatements="79" conditionals="123" coveredconditionals="78" methods="47" coveredmethods="27"/>
      <file name="ProductDetail.jsx" path="C:\Users\missr\OneDrive - belgiumcampus.ac.za\Desktop\Uni\Projects\11. SEN371\main-project\SEN371\frontend\src\pages\ProductDetail.jsx">
        <metrics statements="47" coveredstatements="37" conditionals="50" coveredconditionals="30" methods="14" coveredmethods="9"/>
        <line num="14" count="3" type="stmt"/>
        <line num="15" count="3" type="stmt"/>
        <line num="19" count="9" type="stmt"/>
        <line num="20" count="9" type="stmt"/>
        <line num="22" count="9" type="stmt"/>
        <line num="23" count="9" type="stmt"/>
        <line num="24" count="9" type="stmt"/>
        <line num="25" count="9" type="stmt"/>
        <line num="26" count="9" type="stmt"/>
        <line num="27" count="9" type="stmt"/>
        <line num="28" count="9" type="stmt"/>
        <line num="30" count="9" type="stmt"/>
        <line num="31" count="3" type="stmt"/>
        <line num="33" count="3" type="stmt"/>
        <line num="35" count="3" type="stmt"/>
        <line num="36" count="3" type="stmt"/>
        <line num="37" count="3" type="stmt"/>
        <line num="38" count="3" type="cond" truecount="1" falsecount="1"/>
        <line num="39" count="3" type="stmt"/>
        <line num="40" count="3" type="cond" truecount="1" falsecount="1"/>
        <line num="43" count="0" type="cond" truecount="0" falsecount="2"/>
        <line num="44" count="0" type="stmt"/>
        <line num="45" count="0" type="stmt"/>
        <line num="48" count="3" type="stmt"/>
        <line num="51" count="9" type="cond" truecount="2" falsecount="0"/>
        <line num="52" count="3" type="stmt"/>
        <line num="67" count="6" type="cond" truecount="3" falsecount="1"/>
        <line num="68" count="0" type="stmt"/>
        <line num="77" count="6" type="cond" truecount="1" falsecount="1"/>
        <line num="78" count="9" type="stmt"/>
        <line num="79" count="9" type="stmt"/>
        <line num="80" count="9" type="stmt"/>
        <line num="82" count="9" type="stmt"/>
        <line num="83" count="1" type="cond" truecount="1" falsecount="1"/>
        <line num="84" count="0" type="stmt"/>
        <line num="85" count="0" type="stmt"/>
        <line num="86" count="0" type="stmt"/>
        <line num="89" count="9" type="stmt"/>
        <line num="90" count="1" type="cond" truecount="1" falsecount="1"/>
        <line num="91" count="1" type="stmt"/>
        <line num="92" count="1" type="stmt"/>
        <line num="95" count="9" type="stmt"/>
        <line num="96" count="0" type="cond" truecount="0" falsecount="2"/>
        <line num="97" count="0" type="stmt"/>
        <line num="100" count="9" type="stmt"/>
        <line num="117" count="12" type="cond" truecount="2" falsecount="0"/>
        <line num="170" count="0" type="stmt"/>
      </file>
      <file name="Products.jsx" path="C:\Users\missr\OneDrive - belgiumcampus.ac.za\Desktop\Uni\Projects\11. SEN371\main-project\SEN371\frontend\src\pages\Products.jsx">
        <metrics statements="56" coveredstatements="42" conditionals="73" coveredconditionals="48" methods="33" coveredmethods="18"/>
        <line num="9" count="1" type="stmt"/>
        <line num="11" count="1" type="stmt"/>
        <line num="13" count="0" type="stmt"/>
        <line num="14" count="0" type="stmt"/>
        <line num="15" count="0" type="stmt"/>
        <line num="19" count="10" type="stmt"/>
        <line num="22" count="10" type="stmt"/>
        <line num="23" count="10" type="stmt"/>
        <line num="24" count="10" type="stmt"/>
        <line num="26" count="10" type="cond" truecount="2" falsecount="0"/>
        <line num="27" count="10" type="cond" truecount="2" falsecount="0"/>
        <line num="28" count="10" type="cond" truecount="3" falsecount="1"/>
        <line num="29" count="10" type="cond" truecount="1" falsecount="1"/>
        <line num="30" count="10" type="stmt"/>
        <line num="31" count="10" type="stmt"/>
        <line num="32" count="10" type="stmt"/>
        <line num="35" count="10" type="stmt"/>
        <line num="36" count="2" type="stmt"/>
        <line num="37" count="2" type="stmt"/>
        <line num="38" count="2" type="cond" truecount="1" falsecount="1"/>
        <line num="40" count="2" type="cond" truecount="2" falsecount="0"/>
        <line num="41" count="2" type="stmt"/>
        <line num="44" count="10" type="stmt"/>
        <line num="45" count="3" type="cond" truecount="1" falsecount="1"/>
        <line num="48" count="10" type="stmt"/>
        <line num="49" count="5" type="stmt"/>
        <line num="50" count="5" type="stmt"/>
        <line num="51" count="5" type="cond" truecount="1" falsecount="1"/>
        <line num="52" count="5" type="cond" truecount="2" falsecount="0"/>
        <line num="54" count="5" type="stmt"/>
        <line num="55" count="5" type="stmt"/>
        <line num="62" count="0" type="cond" truecount="0" falsecount="2"/>
        <line num="63" count="0" type="stmt"/>
        <line num="66" count="5" type="stmt"/>
        <line num="69" count="10" type="stmt"/>
        <line num="70" count="6" type="stmt"/>
        <line num="71" count="6" type="cond" truecount="1" falsecount="1"/>
        <line num="74" count="10" type="stmt"/>
        <line num="75" count="10" type="cond" truecount="2" falsecount="0"/>
        <line num="77" count="10" type="stmt"/>
        <line num="91" count="0" type="cond" truecount="2" falsecount="0"/>
        <line num="93" count="14" type="stmt"/>
        <line num="94" count="1" type="cond" truecount="2" falsecount="0"/>
        <line num="101" count="0" type="stmt"/>
        <line num="108" count="0" type="stmt"/>
        <line num="112" count="0" type="stmt"/>
        <line num="115" count="0" type="stmt"/>
        <line num="120" count="0" type="cond" truecount="0" falsecount="2"/>
        <line num="121" count="40" type="stmt"/>
        <line num="129" count="40" type="stmt"/>
        <line num="134" count="0" type="cond" truecount="0" falsecount="2"/>
        <line num="140" count="10" type="stmt"/>
        <line num="146" count="0" type="stmt"/>
        <line num="147" count="14" type="stmt"/>
        <line num="148" count="14" type="cond" truecount="4" falsecount="0"/>
        <line num="150" count="0" type="stmt"/>
      </file>
    </package>
  </project>
</coverage>
