{"C:\\Users\\missr\\OneDrive - belgiumcampus.ac.za\\Desktop\\Uni\\Projects\\11. SEN371\\main-project\\SEN371\\frontend\\src\\components\\EmptyState.jsx": {"path":"C:\\Users\\missr\\OneDrive - belgiumcampus.ac.za\\Desktop\\Uni\\Projects\\11. SEN371\\main-project\\SEN371\\frontend\\src\\components\\EmptyState.jsx","statementMap":{"0":{"start":{"line":3,"column":2},"end":{"line":9,"column":null}}},"fnMap":{"0":{"name":"EmptyState","decl":{"start":{"line":2,"column":24},"end":{"line":2,"column":35}},"loc":{"start":{"line":2,"column":79},"end":{"line":11,"column":null}},"line":2}},"branchMap":{"0":{"loc":{"start":{"line":7,"column":7},"end":{"line":7,"column":null}},"type":"binary-expr","locations":[{"start":{"line":7,"column":7},"end":{"line":7,"column":19}},{"start":{"line":7,"column":19},"end":{"line":7,"column":null}}],"line":7},"1":{"loc":{"start":{"line":8,"column":7},"end":{"line":8,"column":null}},"type":"binary-expr","locations":[{"start":{"line":8,"column":7},"end":{"line":8,"column":18}},{"start":{"line":8,"column":18},"end":{"line":8,"column":null}}],"line":8}},"s":{"0":0},"f":{"0":0},"b":{"0":[0,0],"1":[0,0]},"meta":{"lastBranch":2,"lastFunction":1,"lastStatement":1,"seen":{"f:2:24:2:35":0,"s:3:2:9:Infinity":0,"b:7:7:7:19:7:19:7:Infinity":0,"b:8:7:8:18:8:18:8:Infinity":1},"fnNames":{}}}
,"C:\\Users\\missr\\OneDrive - belgiumcampus.ac.za\\Desktop\\Uni\\Projects\\11. SEN371\\main-project\\SEN371\\frontend\\src\\components\\Icons.jsx": {"path":"C:\\Users\\missr\\OneDrive - belgiumcampus.ac.za\\Desktop\\Uni\\Projects\\11. SEN371\\main-project\\SEN371\\frontend\\src\\components\\Icons.jsx","statementMap":{"0":{"start":{"line":4,"column":2},"end":{"line":17,"column":null}},"1":{"start":{"line":21,"column":13},"end":{"line":21,"column":null}},"2":{"start":{"line":21,"column":33},"end":{"line":21,"column":null}},"3":{"start":{"line":22,"column":13},"end":{"line":22,"column":null}},"4":{"start":{"line":22,"column":30},"end":{"line":22,"column":null}},"5":{"start":{"line":23,"column":13},"end":{"line":26,"column":null}},"6":{"start":{"line":24,"column":2},"end":{"line":26,"column":null}},"7":{"start":{"line":28,"column":13},"end":{"line":28,"column":null}},"8":{"start":{"line":28,"column":31},"end":{"line":28,"column":null}},"9":{"start":{"line":29,"column":13},"end":{"line":29,"column":null}},"10":{"start":{"line":29,"column":31},"end":{"line":29,"column":null}},"11":{"start":{"line":30,"column":13},"end":{"line":30,"column":null}},"12":{"start":{"line":30,"column":32},"end":{"line":30,"column":null}},"13":{"start":{"line":31,"column":13},"end":{"line":31,"column":null}},"14":{"start":{"line":31,"column":32},"end":{"line":31,"column":null}},"15":{"start":{"line":32,"column":13},"end":{"line":32,"column":null}},"16":{"start":{"line":32,"column":35},"end":{"line":32,"column":null}},"17":{"start":{"line":33,"column":13},"end":{"line":33,"column":null}},"18":{"start":{"line":33,"column":34},"end":{"line":33,"column":null}},"19":{"start":{"line":34,"column":13},"end":{"line":34,"column":null}},"20":{"start":{"line":34,"column":33},"end":{"line":34,"column":null}},"21":{"start":{"line":35,"column":13},"end":{"line":35,"column":null}},"22":{"start":{"line":35,"column":31},"end":{"line":35,"column":null}},"23":{"start":{"line":36,"column":13},"end":{"line":36,"column":null}},"24":{"start":{"line":36,"column":32},"end":{"line":36,"column":null}},"25":{"start":{"line":37,"column":13},"end":{"line":37,"column":null}},"26":{"start":{"line":37,"column":32},"end":{"line":37,"column":null}},"27":{"start":{"line":38,"column":13},"end":{"line":38,"column":null}},"28":{"start":{"line":38,"column":31},"end":{"line":38,"column":null}},"29":{"start":{"line":39,"column":13},"end":{"line":39,"column":null}},"30":{"start":{"line":39,"column":32},"end":{"line":39,"column":null}},"31":{"start":{"line":40,"column":13},"end":{"line":40,"column":null}},"32":{"start":{"line":40,"column":31},"end":{"line":40,"column":null}},"33":{"start":{"line":41,"column":13},"end":{"line":41,"column":null}},"34":{"start":{"line":41,"column":33},"end":{"line":41,"column":null}},"35":{"start":{"line":42,"column":13},"end":{"line":42,"column":null}},"36":{"start":{"line":42,"column":34},"end":{"line":42,"column":null}},"37":{"start":{"line":43,"column":13},"end":{"line":43,"column":null}},"38":{"start":{"line":43,"column":33},"end":{"line":43,"column":null}},"39":{"start":{"line":44,"column":13},"end":{"line":44,"column":null}},"40":{"start":{"line":44,"column":31},"end":{"line":44,"column":null}}},"fnMap":{"0":{"name":"Icon","decl":{"start":{"line":3,"column":9},"end":{"line":3,"column":14}},"loc":{"start":{"line":3,"column":38},"end":{"line":19,"column":null}},"line":3},"1":{"name":"(anonymous_1)","decl":{"start":{"line":21,"column":13},"end":{"line":21,"column":27}},"loc":{"start":{"line":21,"column":33},"end":{"line":21,"column":null}},"line":21},"2":{"name":"(anonymous_2)","decl":{"start":{"line":22,"column":13},"end":{"line":22,"column":24}},"loc":{"start":{"line":22,"column":30},"end":{"line":22,"column":null}},"line":22},"3":{"name":"(anonymous_3)","decl":{"start":{"line":23,"column":13},"end":{"line":23,"column":26}},"loc":{"start":{"line":24,"column":2},"end":{"line":26,"column":null}},"line":24},"4":{"name":"(anonymous_4)","decl":{"start":{"line":28,"column":13},"end":{"line":28,"column":25}},"loc":{"start":{"line":28,"column":31},"end":{"line":28,"column":null}},"line":28},"5":{"name":"(anonymous_5)","decl":{"start":{"line":29,"column":13},"end":{"line":29,"column":25}},"loc":{"start":{"line":29,"column":31},"end":{"line":29,"column":null}},"line":29},"6":{"name":"(anonymous_6)","decl":{"start":{"line":30,"column":13},"end":{"line":30,"column":26}},"loc":{"start":{"line":30,"column":32},"end":{"line":30,"column":null}},"line":30},"7":{"name":"(anonymous_7)","decl":{"start":{"line":31,"column":13},"end":{"line":31,"column":26}},"loc":{"start":{"line":31,"column":32},"end":{"line":31,"column":null}},"line":31},"8":{"name":"(anonymous_8)","decl":{"start":{"line":32,"column":13},"end":{"line":32,"column":29}},"loc":{"start":{"line":32,"column":35},"end":{"line":32,"column":null}},"line":32},"9":{"name":"(anonymous_9)","decl":{"start":{"line":33,"column":13},"end":{"line":33,"column":28}},"loc":{"start":{"line":33,"column":34},"end":{"line":33,"column":null}},"line":33},"10":{"name":"(anonymous_10)","decl":{"start":{"line":34,"column":13},"end":{"line":34,"column":27}},"loc":{"start":{"line":34,"column":33},"end":{"line":34,"column":null}},"line":34},"11":{"name":"(anonymous_11)","decl":{"start":{"line":35,"column":13},"end":{"line":35,"column":25}},"loc":{"start":{"line":35,"column":31},"end":{"line":35,"column":null}},"line":35},"12":{"name":"(anonymous_12)","decl":{"start":{"line":36,"column":13},"end":{"line":36,"column":26}},"loc":{"start":{"line":36,"column":32},"end":{"line":36,"column":null}},"line":36},"13":{"name":"(anonymous_13)","decl":{"start":{"line":37,"column":13},"end":{"line":37,"column":26}},"loc":{"start":{"line":37,"column":32},"end":{"line":37,"column":null}},"line":37},"14":{"name":"(anonymous_14)","decl":{"start":{"line":38,"column":13},"end":{"line":38,"column":25}},"loc":{"start":{"line":38,"column":31},"end":{"line":38,"column":null}},"line":38},"15":{"name":"(anonymous_15)","decl":{"start":{"line":39,"column":13},"end":{"line":39,"column":26}},"loc":{"start":{"line":39,"column":32},"end":{"line":39,"column":null}},"line":39},"16":{"name":"(anonymous_16)","decl":{"start":{"line":40,"column":13},"end":{"line":40,"column":25}},"loc":{"start":{"line":40,"column":31},"end":{"line":40,"column":null}},"line":40},"17":{"name":"(anonymous_17)","decl":{"start":{"line":41,"column":13},"end":{"line":41,"column":27}},"loc":{"start":{"line":41,"column":33},"end":{"line":41,"column":null}},"line":41},"18":{"name":"(anonymous_18)","decl":{"start":{"line":42,"column":13},"end":{"line":42,"column":28}},"loc":{"start":{"line":42,"column":34},"end":{"line":42,"column":null}},"line":42},"19":{"name":"(anonymous_19)","decl":{"start":{"line":43,"column":13},"end":{"line":43,"column":27}},"loc":{"start":{"line":43,"column":33},"end":{"line":43,"column":null}},"line":43},"20":{"name":"(anonymous_20)","decl":{"start":{"line":44,"column":13},"end":{"line":44,"column":25}},"loc":{"start":{"line":44,"column":31},"end":{"line":44,"column":null}},"line":44}},"branchMap":{"0":{"loc":{"start":{"line":24,"column":21},"end":{"line":24,"column":null}},"type":"cond-expr","locations":[{"start":{"line":24,"column":30},"end":{"line":24,"column":47}},{"start":{"line":24,"column":47},"end":{"line":24,"column":null}}],"line":24}},"s":{"0":68,"1":3,"2":0,"3":3,"4":12,"5":3,"6":12,"7":3,"8":0,"9":3,"10":0,"11":3,"12":4,"13":3,"14":0,"15":3,"16":18,"17":3,"18":0,"19":3,"20":0,"21":3,"22":6,"23":3,"24":6,"25":3,"26":0,"27":3,"28":0,"29":3,"30":0,"31":3,"32":0,"33":3,"34":0,"35":3,"36":0,"37":3,"38":10,"39":3,"40":0},"f":{"0":68,"1":0,"2":12,"3":12,"4":0,"5":0,"6":4,"7":0,"8":18,"9":0,"10":0,"11":6,"12":6,"13":0,"14":0,"15":0,"16":0,"17":0,"18":0,"19":10,"20":0},"b":{"0":[0,12]},"meta":{"lastBranch":1,"lastFunction":21,"lastStatement":41,"seen":{"f:3:9:3:14":0,"s:4:2:17:Infinity":0,"s:21:13:21:Infinity":1,"f:21:13:21:27":1,"s:21:33:21:Infinity":2,"s:22:13:22:Infinity":3,"f:22:13:22:24":2,"s:22:30:22:Infinity":4,"s:23:13:26:Infinity":5,"f:23:13:23:26":3,"s:24:2:26:Infinity":6,"b:24:30:24:47:24:47:24:Infinity":0,"s:28:13:28:Infinity":7,"f:28:13:28:25":4,"s:28:31:28:Infinity":8,"s:29:13:29:Infinity":9,"f:29:13:29:25":5,"s:29:31:29:Infinity":10,"s:30:13:30:Infinity":11,"f:30:13:30:26":6,"s:30:32:30:Infinity":12,"s:31:13:31:Infinity":13,"f:31:13:31:26":7,"s:31:32:31:Infinity":14,"s:32:13:32:Infinity":15,"f:32:13:32:29":8,"s:32:35:32:Infinity":16,"s:33:13:33:Infinity":17,"f:33:13:33:28":9,"s:33:34:33:Infinity":18,"s:34:13:34:Infinity":19,"f:34:13:34:27":10,"s:34:33:34:Infinity":20,"s:35:13:35:Infinity":21,"f:35:13:35:25":11,"s:35:31:35:Infinity":22,"s:36:13:36:Infinity":23,"f:36:13:36:26":12,"s:36:32:36:Infinity":24,"s:37:13:37:Infinity":25,"f:37:13:37:26":13,"s:37:32:37:Infinity":26,"s:38:13:38:Infinity":27,"f:38:13:38:25":14,"s:38:31:38:Infinity":28,"s:39:13:39:Infinity":29,"f:39:13:39:26":15,"s:39:32:39:Infinity":30,"s:40:13:40:Infinity":31,"f:40:13:40:25":16,"s:40:31:40:Infinity":32,"s:41:13:41:Infinity":33,"f:41:13:41:27":17,"s:41:33:41:Infinity":34,"s:42:13:42:Infinity":35,"f:42:13:42:28":18,"s:42:34:42:Infinity":36,"s:43:13:43:Infinity":37,"f:43:13:43:27":19,"s:43:33:43:Infinity":38,"s:44:13:44:Infinity":39,"f:44:13:44:25":20,"s:44:31:44:Infinity":40},"fnNames":{}}}
,"C:\\Users\\missr\\OneDrive - belgiumcampus.ac.za\\Desktop\\Uni\\Projects\\11. SEN371\\main-project\\SEN371\\frontend\\src\\components\\Illustrations.jsx": {"path":"C:\\Users\\missr\\OneDrive - belgiumcampus.ac.za\\Desktop\\Uni\\Projects\\11. SEN371\\main-project\\SEN371\\frontend\\src\\components\\Illustrations.jsx","statementMap":{"0":{"start":{"line":5,"column":12},"end":{"line":5,"column":null}},"1":{"start":{"line":6,"column":14},"end":{"line":6,"column":null}},"2":{"start":{"line":7,"column":14},"end":{"line":7,"column":null}},"3":{"start":{"line":8,"column":19},"end":{"line":8,"column":null}},"4":{"start":{"line":9,"column":14},"end":{"line":9,"column":null}},"5":{"start":{"line":10,"column":16},"end":{"line":10,"column":null}},"6":{"start":{"line":11,"column":12},"end":{"line":11,"column":null}},"7":{"start":{"line":12,"column":14},"end":{"line":12,"column":null}},"8":{"start":{"line":13,"column":14},"end":{"line":13,"column":null}},"9":{"start":{"line":15,"column":6},"end":{"line":20,"column":null}},"10":{"start":{"line":15,"column":38},"end":{"line":20,"column":null}},"11":{"start":{"line":24,"column":2},"end":{"line":29,"column":null}},"12":{"start":{"line":35,"column":2},"end":{"line":133,"column":null}},"13":{"start":{"line":88,"column":8},"end":{"line":88,"column":null}},"14":{"start":{"line":139,"column":2},"end":{"line":151,"column":null}},"15":{"start":{"line":156,"column":2},"end":{"line":168,"column":null}},"16":{"start":{"line":173,"column":2},"end":{"line":189,"column":null}},"17":{"start":{"line":194,"column":2},"end":{"line":215,"column":null}},"18":{"start":{"line":221,"column":2},"end":{"line":262,"column":null}},"19":{"start":{"line":229,"column":8},"end":{"line":229,"column":null}},"20":{"start":{"line":233,"column":8},"end":{"line":233,"column":null}},"21":{"start":{"line":267,"column":2},"end":{"line":284,"column":null}},"22":{"start":{"line":289,"column":2},"end":{"line":307,"column":null}},"23":{"start":{"line":313,"column":2},"end":{"line":318,"column":null}},"24":{"start":{"line":324,"column":2},"end":{"line":327,"column":null}},"25":{"start":{"line":330,"column":13},"end":{"line":335,"column":null}},"26":{"start":{"line":331,"column":2},"end":{"line":335,"column":null}},"27":{"start":{"line":337,"column":13},"end":{"line":343,"column":null}},"28":{"start":{"line":338,"column":2},"end":{"line":343,"column":null}},"29":{"start":{"line":345,"column":13},"end":{"line":350,"column":null}},"30":{"start":{"line":346,"column":2},"end":{"line":350,"column":null}},"31":{"start":{"line":352,"column":13},"end":{"line":357,"column":null}},"32":{"start":{"line":353,"column":2},"end":{"line":357,"column":null}},"33":{"start":{"line":359,"column":13},"end":{"line":364,"column":null}},"34":{"start":{"line":360,"column":2},"end":{"line":364,"column":null}},"35":{"start":{"line":369,"column":14},"end":{"line":369,"column":null}},"36":{"start":{"line":370,"column":2},"end":{"line":370,"column":null}},"37":{"start":{"line":370,"column":30},"end":{"line":370,"column":null}},"38":{"start":{"line":371,"column":2},"end":{"line":371,"column":null}},"39":{"start":{"line":371,"column":42},"end":{"line":371,"column":null}},"40":{"start":{"line":372,"column":2},"end":{"line":372,"column":null}},"41":{"start":{"line":372,"column":44},"end":{"line":372,"column":null}},"42":{"start":{"line":373,"column":2},"end":{"line":373,"column":null}},"43":{"start":{"line":373,"column":30},"end":{"line":373,"column":null}},"44":{"start":{"line":374,"column":2},"end":{"line":374,"column":null}},"45":{"start":{"line":379,"column":2},"end":{"line":383,"column":null}},"46":{"start":{"line":386,"column":13},"end":{"line":392,"column":null}},"47":{"start":{"line":387,"column":2},"end":{"line":392,"column":null}},"48":{"start":{"line":394,"column":13},"end":{"line":398,"column":null}},"49":{"start":{"line":395,"column":2},"end":{"line":398,"column":null}},"50":{"start":{"line":400,"column":13},"end":{"line":404,"column":null}},"51":{"start":{"line":401,"column":2},"end":{"line":404,"column":null}},"52":{"start":{"line":406,"column":13},"end":{"line":412,"column":null}},"53":{"start":{"line":407,"column":2},"end":{"line":412,"column":null}},"54":{"start":{"line":417,"column":15},"end":{"line":417,"column":null}},"55":{"start":{"line":418,"column":2},"end":{"line":424,"column":null}}},"fnMap":{"0":{"name":"(anonymous_0)","decl":{"start":{"line":15,"column":6},"end":{"line":15,"column":18}},"loc":{"start":{"line":15,"column":38},"end":{"line":20,"column":null}},"line":15},"1":{"name":"LogoMark","decl":{"start":{"line":23,"column":16},"end":{"line":23,"column":25}},"loc":{"start":{"line":23,"column":32},"end":{"line":31,"column":null}},"line":23},"2":{"name":"HeroIllustration","decl":{"start":{"line":34,"column":16},"end":{"line":34,"column":33}},"loc":{"start":{"line":34,"column":40},"end":{"line":135,"column":null}},"line":34},"3":{"name":"(anonymous_3)","decl":{"start":{"line":87,"column":46},"end":{"line":87,"column":51}},"loc":{"start":{"line":88,"column":8},"end":{"line":88,"column":null}},"line":88},"4":{"name":"EmptyBagIllustration","decl":{"start":{"line":138,"column":16},"end":{"line":138,"column":37}},"loc":{"start":{"line":138,"column":44},"end":{"line":153,"column":null}},"line":138},"5":{"name":"EmptyWishlistIllustration","decl":{"start":{"line":155,"column":16},"end":{"line":155,"column":42}},"loc":{"start":{"line":155,"column":49},"end":{"line":170,"column":null}},"line":155},"6":{"name":"EmptyOrdersIllustration","decl":{"start":{"line":172,"column":16},"end":{"line":172,"column":40}},"loc":{"start":{"line":172,"column":47},"end":{"line":191,"column":null}},"line":172},"7":{"name":"OrderSuccessIllustration","decl":{"start":{"line":193,"column":16},"end":{"line":193,"column":41}},"loc":{"start":{"line":193,"column":48},"end":{"line":217,"column":null}},"line":193},"8":{"name":"StorefrontIllustration","decl":{"start":{"line":220,"column":16},"end":{"line":220,"column":39}},"loc":{"start":{"line":220,"column":46},"end":{"line":264,"column":null}},"line":220},"9":{"name":"(anonymous_9)","decl":{"start":{"line":228,"column":29},"end":{"line":228,"column":34}},"loc":{"start":{"line":229,"column":8},"end":{"line":229,"column":null}},"line":229},"10":{"name":"(anonymous_10)","decl":{"start":{"line":232,"column":32},"end":{"line":232,"column":37}},"loc":{"start":{"line":233,"column":8},"end":{"line":233,"column":null}},"line":233},"11":{"name":"LockedIllustration","decl":{"start":{"line":266,"column":16},"end":{"line":266,"column":35}},"loc":{"start":{"line":266,"column":42},"end":{"line":286,"column":null}},"line":266},"12":{"name":"NotFoundIllustration","decl":{"start":{"line":288,"column":16},"end":{"line":288,"column":37}},"loc":{"start":{"line":288,"column":44},"end":{"line":309,"column":null}},"line":288},"13":{"name":"ImagePlaceholder","decl":{"start":{"line":312,"column":16},"end":{"line":312,"column":33}},"loc":{"start":{"line":312,"column":40},"end":{"line":320,"column":null}},"line":312},"14":{"name":"IconFrame","decl":{"start":{"line":323,"column":9},"end":{"line":323,"column":19}},"loc":{"start":{"line":323,"column":43},"end":{"line":329,"column":null}},"line":323},"15":{"name":"(anonymous_15)","decl":{"start":{"line":330,"column":13},"end":{"line":330,"column":29}},"loc":{"start":{"line":331,"column":2},"end":{"line":335,"column":null}},"line":331},"16":{"name":"(anonymous_16)","decl":{"start":{"line":337,"column":13},"end":{"line":337,"column":28}},"loc":{"start":{"line":338,"column":2},"end":{"line":343,"column":null}},"line":338},"17":{"name":"(anonymous_17)","decl":{"start":{"line":345,"column":13},"end":{"line":345,"column":31}},"loc":{"start":{"line":346,"column":2},"end":{"line":350,"column":null}},"line":346},"18":{"name":"(anonymous_18)","decl":{"start":{"line":352,"column":13},"end":{"line":352,"column":26}},"loc":{"start":{"line":353,"column":2},"end":{"line":357,"column":null}},"line":353},"19":{"name":"(anonymous_19)","decl":{"start":{"line":359,"column":13},"end":{"line":359,"column":24}},"loc":{"start":{"line":360,"column":2},"end":{"line":364,"column":null}},"line":360},"20":{"name":"CategoryIcon","decl":{"start":{"line":368,"column":16},"end":{"line":368,"column":29}},"loc":{"start":{"line":368,"column":53},"end":{"line":375,"column":null}},"line":368},"21":{"name":"ValueFrame","decl":{"start":{"line":378,"column":9},"end":{"line":378,"column":20}},"loc":{"start":{"line":378,"column":44},"end":{"line":385,"column":null}},"line":378},"22":{"name":"(anonymous_22)","decl":{"start":{"line":386,"column":13},"end":{"line":386,"column":26}},"loc":{"start":{"line":387,"column":2},"end":{"line":392,"column":null}},"line":387},"23":{"name":"(anonymous_23)","decl":{"start":{"line":394,"column":13},"end":{"line":394,"column":27}},"loc":{"start":{"line":395,"column":2},"end":{"line":398,"column":null}},"line":395},"24":{"name":"(anonymous_24)","decl":{"start":{"line":400,"column":13},"end":{"line":400,"column":28}},"loc":{"start":{"line":401,"column":2},"end":{"line":404,"column":null}},"line":401},"25":{"name":"(anonymous_25)","decl":{"start":{"line":406,"column":13},"end":{"line":406,"column":28}},"loc":{"start":{"line":407,"column":2},"end":{"line":412,"column":null}},"line":407},"26":{"name":"PaymentGlyphs","decl":{"start":{"line":416,"column":16},"end":{"line":416,"column":32}},"loc":{"start":{"line":416,"column":32},"end":{"line":426,"column":null}},"line":416}},"branchMap":{"0":{"loc":{"start":{"line":229,"column":83},"end":{"line":229,"column":101}},"type":"cond-expr","locations":[{"start":{"line":229,"column":91},"end":{"line":229,"column":97}},{"start":{"line":229,"column":97},"end":{"line":229,"column":101}}],"line":229},"1":{"loc":{"start":{"line":369,"column":17},"end":{"line":369,"column":38}},"type":"binary-expr","locations":[{"start":{"line":369,"column":17},"end":{"line":369,"column":35}},{"start":{"line":369,"column":35},"end":{"line":369,"column":38}}],"line":369},"2":{"loc":{"start":{"line":369,"column":41},"end":{"line":369,"column":64}},"type":"binary-expr","locations":[{"start":{"line":369,"column":41},"end":{"line":369,"column":59}},{"start":{"line":369,"column":59},"end":{"line":369,"column":64}}],"line":369},"3":{"loc":{"start":{"line":370,"column":2},"end":{"line":370,"column":null}},"type":"if","locations":[{"start":{"line":370,"column":2},"end":{"line":370,"column":null}},{"start":{},"end":{}}],"line":370},"4":{"loc":{"start":{"line":371,"column":2},"end":{"line":371,"column":null}},"type":"if","locations":[{"start":{"line":371,"column":2},"end":{"line":371,"column":null}},{"start":{},"end":{}}],"line":371},"5":{"loc":{"start":{"line":372,"column":2},"end":{"line":372,"column":null}},"type":"if","locations":[{"start":{"line":372,"column":2},"end":{"line":372,"column":null}},{"start":{},"end":{}}],"line":372},"6":{"loc":{"start":{"line":373,"column":2},"end":{"line":373,"column":null}},"type":"if","locations":[{"start":{"line":373,"column":2},"end":{"line":373,"column":null}},{"start":{},"end":{}}],"line":373}},"s":{"0":3,"1":3,"2":3,"3":3,"4":3,"5":3,"6":3,"7":3,"8":3,"9":3,"10":32,"11":0,"12":0,"13":0,"14":0,"15":0,"16":0,"17":0,"18":0,"19":0,"20":0,"21":0,"22":0,"23":0,"24":14,"25":3,"26":0,"27":3,"28":0,"29":3,"30":7,"31":3,"32":0,"33":3,"34":7,"35":14,"36":14,"37":0,"38":14,"39":0,"40":14,"41":7,"42":7,"43":0,"44":7,"45":18,"46":3,"47":6,"48":3,"49":6,"50":3,"51":6,"52":3,"53":0,"54":0,"55":0},"f":{"0":32,"1":0,"2":0,"3":0,"4":0,"5":0,"6":0,"7":0,"8":0,"9":0,"10":0,"11":0,"12":0,"13":0,"14":14,"15":0,"16":0,"17":7,"18":0,"19":7,"20":14,"21":18,"22":6,"23":6,"24":6,"25":0,"26":0},"b":{"0":[0,0],"1":[14,14],"2":[14,0],"3":[0,14],"4":[0,14],"5":[7,7],"6":[0,7]},"meta":{"lastBranch":7,"lastFunction":27,"lastStatement":56,"seen":{"s:5:12:5:Infinity":0,"s:6:14:6:Infinity":1,"s:7:14:7:Infinity":2,"s:8:19:8:Infinity":3,"s:9:14:9:Infinity":4,"s:10:16:10:Infinity":5,"s:11:12:11:Infinity":6,"s:12:14:12:Infinity":7,"s:13:14:13:Infinity":8,"s:15:6:20:Infinity":9,"f:15:6:15:18":0,"s:15:38:20:Infinity":10,"f:23:16:23:25":1,"s:24:2:29:Infinity":11,"f:34:16:34:33":2,"s:35:2:133:Infinity":12,"f:87:46:87:51":3,"s:88:8:88:Infinity":13,"f:138:16:138:37":4,"s:139:2:151:Infinity":14,"f:155:16:155:42":5,"s:156:2:168:Infinity":15,"f:172:16:172:40":6,"s:173:2:189:Infinity":16,"f:193:16:193:41":7,"s:194:2:215:Infinity":17,"f:220:16:220:39":8,"s:221:2:262:Infinity":18,"f:228:29:228:34":9,"s:229:8:229:Infinity":19,"b:229:91:229:97:229:97:229:101":0,"f:232:32:232:37":10,"s:233:8:233:Infinity":20,"f:266:16:266:35":11,"s:267:2:284:Infinity":21,"f:288:16:288:37":12,"s:289:2:307:Infinity":22,"f:312:16:312:33":13,"s:313:2:318:Infinity":23,"f:323:9:323:19":14,"s:324:2:327:Infinity":24,"s:330:13:335:Infinity":25,"f:330:13:330:29":15,"s:331:2:335:Infinity":26,"s:337:13:343:Infinity":27,"f:337:13:337:28":16,"s:338:2:343:Infinity":28,"s:345:13:350:Infinity":29,"f:345:13:345:31":17,"s:346:2:350:Infinity":30,"s:352:13:357:Infinity":31,"f:352:13:352:26":18,"s:353:2:357:Infinity":32,"s:359:13:364:Infinity":33,"f:359:13:359:24":19,"s:360:2:364:Infinity":34,"f:368:16:368:29":20,"s:369:14:369:Infinity":35,"b:369:17:369:35:369:35:369:38":1,"b:369:41:369:59:369:59:369:64":2,"b:370:2:370:Infinity:undefined:undefined:undefined:undefined":3,"s:370:2:370:Infinity":36,"s:370:30:370:Infinity":37,"b:371:2:371:Infinity:undefined:undefined:undefined:undefined":4,"s:371:2:371:Infinity":38,"s:371:42:371:Infinity":39,"b:372:2:372:Infinity:undefined:undefined:undefined:undefined":5,"s:372:2:372:Infinity":40,"s:372:44:372:Infinity":41,"b:373:2:373:Infinity:undefined:undefined:undefined:undefined":6,"s:373:2:373:Infinity":42,"s:373:30:373:Infinity":43,"s:374:2:374:Infinity":44,"f:378:9:378:20":21,"s:379:2:383:Infinity":45,"s:386:13:392:Infinity":46,"f:386:13:386:26":22,"s:387:2:392:Infinity":47,"s:394:13:398:Infinity":48,"f:394:13:394:27":23,"s:395:2:398:Infinity":49,"s:400:13:404:Infinity":50,"f:400:13:400:28":24,"s:401:2:404:Infinity":51,"s:406:13:412:Infinity":52,"f:406:13:406:28":25,"s:407:2:412:Infinity":53,"f:416:16:416:32":26,"s:417:15:417:Infinity":54,"s:418:2:424:Infinity":55},"fnNames":{}}}
,"C:\\Users\\missr\\OneDrive - belgiumcampus.ac.za\\Desktop\\Uni\\Projects\\11. SEN371\\main-project\\SEN371\\frontend\\src\\components\\ProductCard.jsx": {"path":"C:\\Users\\missr\\OneDrive - belgiumcampus.ac.za\\Desktop\\Uni\\Projects\\11. SEN371\\main-project\\SEN371\\frontend\\src\\components\\ProductCard.jsx","statementMap":{"0":{"start":{"line":9,"column":71},"end":{"line":9,"column":80}},"1":{"start":{"line":10,"column":19},"end":{"line":10,"column":31}},"2":{"start":{"line":11,"column":26},"end":{"line":11,"column":null}},"3":{"start":{"line":13,"column":16},"end":{"line":13,"column":null}},"4":{"start":{"line":14,"column":18},"end":{"line":14,"column":null}},"5":{"start":{"line":15,"column":19},"end":{"line":15,"column":null}},"6":{"start":{"line":16,"column":16},"end":{"line":16,"column":null}},"7":{"start":{"line":17,"column":15},"end":{"line":17,"column":null}},"8":{"start":{"line":20,"column":8},"end":{"line":25,"column":null}},"9":{"start":{"line":21,"column":4},"end":{"line":21,"column":null}},"10":{"start":{"line":21,"column":18},"end":{"line":21,"column":null}},"11":{"start":{"line":22,"column":4},"end":{"line":22,"column":null}},"12":{"start":{"line":23,"column":4},"end":{"line":23,"column":null}},"13":{"start":{"line":24,"column":4},"end":{"line":24,"column":null}},"14":{"start":{"line":27,"column":20},"end":{"line":31,"column":null}},"15":{"start":{"line":28,"column":4},"end":{"line":28,"column":null}},"16":{"start":{"line":28,"column":18},"end":{"line":28,"column":null}},"17":{"start":{"line":29,"column":4},"end":{"line":29,"column":null}},"18":{"start":{"line":30,"column":4},"end":{"line":30,"column":null}},"19":{"start":{"line":30,"column":10},"end":{"line":30,"column":39}},"20":{"start":{"line":30,"column":57},"end":{"line":30,"column":90}},"21":{"start":{"line":30,"column":102},"end":{"line":30,"column":118}},"22":{"start":{"line":33,"column":21},"end":{"line":36,"column":null}},"23":{"start":{"line":34,"column":4},"end":{"line":34,"column":null}},"24":{"start":{"line":34,"column":18},"end":{"line":34,"column":null}},"25":{"start":{"line":35,"column":4},"end":{"line":35,"column":null}},"26":{"start":{"line":35,"column":10},"end":{"line":35,"column":41}},"27":{"start":{"line":35,"column":59},"end":{"line":35,"column":92}},"28":{"start":{"line":38,"column":2},"end":{"line":74,"column":null}},"29":{"start":{"line":79,"column":2},"end":{"line":87,"column":null}}},"fnMap":{"0":{"name":"ProductCard","decl":{"start":{"line":8,"column":24},"end":{"line":8,"column":36}},"loc":{"start":{"line":8,"column":49},"end":{"line":76,"column":null}},"line":8},"1":{"name":"(anonymous_1)","decl":{"start":{"line":20,"column":8},"end":{"line":20,"column":22}},"loc":{"start":{"line":20,"column":22},"end":{"line":25,"column":null}},"line":20},"2":{"name":"(anonymous_2)","decl":{"start":{"line":27,"column":20},"end":{"line":27,"column":32}},"loc":{"start":{"line":27,"column":32},"end":{"line":31,"column":null}},"line":27},"3":{"name":"(anonymous_3)","decl":{"start":{"line":33,"column":21},"end":{"line":33,"column":33}},"loc":{"start":{"line":33,"column":33},"end":{"line":36,"column":null}},"line":33},"4":{"name":"ProductCardSkeleton","decl":{"start":{"line":78,"column":16},"end":{"line":78,"column":38}},"loc":{"start":{"line":78,"column":38},"end":{"line":89,"column":null}},"line":78}},"branchMap":{"0":{"loc":{"start":{"line":15,"column":19},"end":{"line":15,"column":null}},"type":"binary-expr","locations":[{"start":{"line":15,"column":19},"end":{"line":15,"column":30}},{"start":{"line":15,"column":30},"end":{"line":15,"column":null}}],"line":15},"1":{"loc":{"start":{"line":21,"column":4},"end":{"line":21,"column":null}},"type":"if","locations":[{"start":{"line":21,"column":4},"end":{"line":21,"column":null}},{"start":{},"end":{}}],"line":21},"2":{"loc":{"start":{"line":28,"column":4},"end":{"line":28,"column":null}},"type":"if","locations":[{"start":{"line":28,"column":4},"end":{"line":28,"column":null}},{"start":{},"end":{}}],"line":28},"3":{"loc":{"start":{"line":34,"column":4},"end":{"line":34,"column":null}},"type":"if","locations":[{"start":{"line":34,"column":4},"end":{"line":34,"column":null}},{"start":{},"end":{}}],"line":34},"4":{"loc":{"start":{"line":41,"column":9},"end":{"line":41,"column":null}},"type":"cond-expr","locations":[{"start":{"line":41,"column":17},"end":{"line":41,"column":74}},{"start":{"line":41,"column":73},"end":{"line":41,"column":null}}],"line":41},"5":{"loc":{"start":{"line":43,"column":11},"end":{"line":44,"column":23}},"type":"binary-expr","locations":[{"start":{"line":43,"column":11},"end":{"line":43,"column":23}},{"start":{"line":43,"column":23},"end":{"line":44,"column":23}}],"line":43},"6":{"loc":{"start":{"line":44,"column":11},"end":{"line":45,"column":null}},"type":"binary-expr","locations":[{"start":{"line":44,"column":11},"end":{"line":44,"column":23}},{"start":{"line":44,"column":23},"end":{"line":45,"column":null}}],"line":44},"7":{"loc":{"start":{"line":48,"column":45},"end":{"line":48,"column":null}},"type":"cond-expr","locations":[{"start":{"line":48,"column":53},"end":{"line":48,"column":68}},{"start":{"line":48,"column":68},"end":{"line":48,"column":null}}],"line":48},"8":{"loc":{"start":{"line":51,"column":22},"end":{"line":51,"column":null}},"type":"cond-expr","locations":[{"start":{"line":51,"column":30},"end":{"line":51,"column":58}},{"start":{"line":51,"column":58},"end":{"line":51,"column":null}}],"line":51},"9":{"loc":{"start":{"line":52,"column":17},"end":{"line":52,"column":null}},"type":"cond-expr","locations":[{"start":{"line":52,"column":25},"end":{"line":52,"column":53}},{"start":{"line":52,"column":53},"end":{"line":52,"column":null}}],"line":52},"10":{"loc":{"start":{"line":58,"column":9},"end":{"line":58,"column":null}},"type":"binary-expr","locations":[{"start":{"line":58,"column":9},"end":{"line":58,"column":38}},{"start":{"line":58,"column":38},"end":{"line":58,"column":null}}],"line":58},"11":{"loc":{"start":{"line":66,"column":22},"end":{"line":66,"column":null}},"type":"binary-expr","locations":[{"start":{"line":66,"column":22},"end":{"line":66,"column":34}},{"start":{"line":66,"column":34},"end":{"line":66,"column":null}}],"line":66},"12":{"loc":{"start":{"line":67,"column":24},"end":{"line":67,"column":null}},"type":"cond-expr","locations":[{"start":{"line":67,"column":34},"end":{"line":67,"column":65}},{"start":{"line":67,"column":65},"end":{"line":67,"column":null}}],"line":67},"13":{"loc":{"start":{"line":68,"column":19},"end":{"line":68,"column":null}},"type":"cond-expr","locations":[{"start":{"line":68,"column":29},"end":{"line":68,"column":44}},{"start":{"line":68,"column":44},"end":{"line":68,"column":null}}],"line":68}},"s":{"0":6,"1":6,"2":6,"3":6,"4":6,"5":6,"6":6,"7":6,"8":6,"9":2,"10":2,"11":0,"12":0,"13":0,"14":6,"15":1,"16":0,"17":1,"18":1,"19":1,"20":0,"21":1,"22":6,"23":1,"24":0,"25":1,"26":1,"27":0,"28":6,"29":0},"f":{"0":6,"1":2,"2":1,"3":1,"4":0},"b":{"0":[6,5],"1":[2,0],"2":[0,1],"3":[0,1],"4":[6,0],"5":[6,1],"6":[6,0],"7":[0,6],"8":[0,6],"9":[0,6],"10":[6,6],"11":[6,5],"12":[5,1],"13":[5,1]},"meta":{"lastBranch":14,"lastFunction":5,"lastStatement":30,"seen":{"f:8:24:8:36":0,"s:9:71:9:80":0,"s:10:19:10:31":1,"s:11:26:11:Infinity":2,"s:13:16:13:Infinity":3,"s:14:18:14:Infinity":4,"s:15:19:15:Infinity":5,"b:15:19:15:30:15:30:15:Infinity":0,"s:16:16:16:Infinity":6,"s:17:15:17:Infinity":7,"s:20:8:25:Infinity":8,"f:20:8:20:22":1,"b:21:4:21:Infinity:undefined:undefined:undefined:undefined":1,"s:21:4:21:Infinity":9,"s:21:18:21:Infinity":10,"s:22:4:22:Infinity":11,"s:23:4:23:Infinity":12,"s:24:4:24:Infinity":13,"s:27:20:31:Infinity":14,"f:27:20:27:32":2,"b:28:4:28:Infinity:undefined:undefined:undefined:undefined":2,"s:28:4:28:Infinity":15,"s:28:18:28:Infinity":16,"s:29:4:29:Infinity":17,"s:30:4:30:Infinity":18,"s:30:10:30:39":19,"s:30:57:30:90":20,"s:30:102:30:118":21,"s:33:21:36:Infinity":22,"f:33:21:33:33":3,"b:34:4:34:Infinity:undefined:undefined:undefined:undefined":3,"s:34:4:34:Infinity":23,"s:34:18:34:Infinity":24,"s:35:4:35:Infinity":25,"s:35:10:35:41":26,"s:35:59:35:92":27,"s:38:2:74:Infinity":28,"b:41:17:41:74:41:73:41:Infinity":4,"b:43:11:43:23:43:23:44:23":5,"b:44:11:44:23:44:23:45:Infinity":6,"b:48:53:48:68:48:68:48:Infinity":7,"b:51:30:51:58:51:58:51:Infinity":8,"b:52:25:52:53:52:53:52:Infinity":9,"b:58:9:58:38:58:38:58:Infinity":10,"b:66:22:66:34:66:34:66:Infinity":11,"b:67:34:67:65:67:65:67:Infinity":12,"b:68:29:68:44:68:44:68:Infinity":13,"f:78:16:78:38":4,"s:79:2:87:Infinity":29},"fnNames":{}}}
,"C:\\Users\\missr\\OneDrive - belgiumcampus.ac.za\\Desktop\\Uni\\Projects\\11. SEN371\\main-project\\SEN371\\frontend\\src\\components\\Stepper.jsx": {"path":"C:\\Users\\missr\\OneDrive - belgiumcampus.ac.za\\Desktop\\Uni\\Projects\\11. SEN371\\main-project\\SEN371\\frontend\\src\\components\\Stepper.jsx","statementMap":{"0":{"start":{"line":4,"column":2},"end":{"line":13,"column":null}},"1":{"start":{"line":6,"column":43},"end":{"line":6,"column":64}},"2":{"start":{"line":10,"column":43},"end":{"line":10,"column":64}}},"fnMap":{"0":{"name":"Stepper","decl":{"start":{"line":3,"column":24},"end":{"line":3,"column":32}},"loc":{"start":{"line":3,"column":88},"end":{"line":15,"column":null}},"line":3},"1":{"name":"(anonymous_1)","decl":{"start":{"line":6,"column":28},"end":{"line":6,"column":43}},"loc":{"start":{"line":6,"column":43},"end":{"line":6,"column":64}},"line":6},"2":{"name":"(anonymous_2)","decl":{"start":{"line":10,"column":28},"end":{"line":10,"column":43}},"loc":{"start":{"line":10,"column":43},"end":{"line":10,"column":64}},"line":10}},"branchMap":{"0":{"loc":{"start":{"line":3,"column":51},"end":{"line":3,"column":60}},"type":"default-arg","locations":[{"start":{"line":3,"column":57},"end":{"line":3,"column":60}}],"line":3},"1":{"loc":{"start":{"line":3,"column":60},"end":{"line":3,"column":70}},"type":"default-arg","locations":[{"start":{"line":3,"column":66},"end":{"line":3,"column":70}}],"line":3},"2":{"loc":{"start":{"line":5,"column":30},"end":{"line":5,"column":60}},"type":"cond-expr","locations":[{"start":{"line":5,"column":46},"end":{"line":5,"column":54}},{"start":{"line":5,"column":54},"end":{"line":5,"column":60}}],"line":5},"3":{"loc":{"start":{"line":6,"column":74},"end":{"line":6,"column":100}},"type":"binary-expr","locations":[{"start":{"line":6,"column":74},"end":{"line":6,"column":86}},{"start":{"line":6,"column":86},"end":{"line":6,"column":100}}],"line":6},"4":{"loc":{"start":{"line":10,"column":74},"end":{"line":10,"column":100}},"type":"binary-expr","locations":[{"start":{"line":10,"column":74},"end":{"line":10,"column":86}},{"start":{"line":10,"column":86},"end":{"line":10,"column":100}}],"line":10}},"s":{"0":6,"1":0,"2":0},"f":{"0":6,"1":0,"2":0},"b":{"0":[6],"1":[6],"2":[0,6],"3":[6,6],"4":[6,6]},"meta":{"lastBranch":5,"lastFunction":3,"lastStatement":3,"seen":{"f:3:24:3:32":0,"b:3:57:3:60":0,"b:3:66:3:70":1,"s:4:2:13:Infinity":0,"b:5:46:5:54:5:54:5:60":2,"f:6:28:6:43":1,"s:6:43:6:64":1,"b:6:74:6:86:6:86:6:100":3,"f:10:28:10:43":2,"s:10:43:10:64":2,"b:10:74:10:86:10:86:10:100":4},"fnNames":{}}}
,"C:\\Users\\missr\\OneDrive - belgiumcampus.ac.za\\Desktop\\Uni\\Projects\\11. SEN371\\main-project\\SEN371\\frontend\\src\\pages\\ProductDetail.jsx": {"path":"C:\\Users\\missr\\OneDrive - belgiumcampus.ac.za\\Desktop\\Uni\\Projects\\11. SEN371\\main-project\\SEN371\\frontend\\src\\pages\\ProductDetail.jsx","statementMap":{"0":{"start":{"line":14,"column":18},"end":{"line":14,"column":28}},"1":{"start":{"line":15,"column":2},"end":{"line":15,"column":null}},"2":{"start":{"line":19,"column":19},"end":{"line":19,"column":31}},"3":{"start":{"line":20,"column":71},"end":{"line":20,"column":80}},"4":{"start":{"line":22,"column":32},"end":{"line":22,"column":null}},"5":{"start":{"line":23,"column":32},"end":{"line":23,"column":null}},"6":{"start":{"line":24,"column":40},"end":{"line":24,"column":null}},"7":{"start":{"line":25,"column":34},"end":{"line":25,"column":null}},"8":{"start":{"line":26,"column":32},"end":{"line":26,"column":null}},"9":{"start":{"line":27,"column":28},"end":{"line":27,"column":null}},"10":{"start":{"line":28,"column":26},"end":{"line":28,"column":null}},"11":{"start":{"line":30,"column":2},"end":{"line":49,"column":null}},"12":{"start":{"line":31,"column":23},"end":{"line":31,"column":null}},"13":{"start":{"line":33,"column":4},"end":{"line":46,"column":null}},"14":{"start":{"line":35,"column":8},"end":{"line":35,"column":null}},"15":{"start":{"line":36,"column":8},"end":{"line":36,"column":null}},"16":{"start":{"line":37,"column":27},"end":{"line":37,"column":null}},"17":{"start":{"line":38,"column":8},"end":{"line":38,"column":null}},"18":{"start":{"line":38,"column":25},"end":{"line":38,"column":null}},"19":{"start":{"line":39,"column":8},"end":{"line":40,"column":null}},"20":{"start":{"line":40,"column":26},"end":{"line":40,"column":119}},"21":{"start":{"line":40,"column":76},"end":{"line":40,"column":105}},"22":{"start":{"line":43,"column":8},"end":{"line":43,"column":null}},"23":{"start":{"line":43,"column":39},"end":{"line":43,"column":null}},"24":{"start":{"line":44,"column":8},"end":{"line":44,"column":null}},"25":{"start":{"line":45,"column":8},"end":{"line":45,"column":null}},"26":{"start":{"line":48,"column":4},"end":{"line":48,"column":null}},"27":{"start":{"line":48,"column":17},"end":{"line":48,"column":null}},"28":{"start":{"line":51,"column":2},"end":{"line":65,"column":null}},"29":{"start":{"line":52,"column":4},"end":{"line":63,"column":null}},"30":{"start":{"line":67,"column":2},"end":{"line":75,"column":null}},"31":{"start":{"line":68,"column":4},"end":{"line":73,"column":null}},"32":{"start":{"line":77,"column":17},"end":{"line":77,"column":null}},"33":{"start":{"line":78,"column":18},"end":{"line":78,"column":null}},"34":{"start":{"line":79,"column":18},"end":{"line":79,"column":null}},"35":{"start":{"line":80,"column":16},"end":{"line":80,"column":null}},"36":{"start":{"line":82,"column":8},"end":{"line":87,"column":null}},"37":{"start":{"line":83,"column":4},"end":{"line":83,"column":null}},"38":{"start":{"line":83,"column":18},"end":{"line":83,"column":null}},"39":{"start":{"line":84,"column":4},"end":{"line":84,"column":null}},"40":{"start":{"line":85,"column":4},"end":{"line":85,"column":null}},"41":{"start":{"line":86,"column":4},"end":{"line":86,"column":null}},"42":{"start":{"line":89,"column":20},"end":{"line":93,"column":null}},"43":{"start":{"line":90,"column":4},"end":{"line":90,"column":null}},"44":{"start":{"line":90,"column":18},"end":{"line":90,"column":null}},"45":{"start":{"line":91,"column":4},"end":{"line":91,"column":null}},"46":{"start":{"line":92,"column":4},"end":{"line":92,"column":null}},"47":{"start":{"line":92,"column":10},"end":{"line":92,"column":46}},"48":{"start":{"line":92,"column":62},"end":{"line":92,"column":93}},"49":{"start":{"line":92,"column":105},"end":{"line":92,"column":121}},"50":{"start":{"line":95,"column":21},"end":{"line":98,"column":null}},"51":{"start":{"line":96,"column":4},"end":{"line":96,"column":null}},"52":{"start":{"line":96,"column":18},"end":{"line":96,"column":null}},"53":{"start":{"line":97,"column":4},"end":{"line":97,"column":null}},"54":{"start":{"line":97,"column":10},"end":{"line":97,"column":41}},"55":{"start":{"line":97,"column":57},"end":{"line":97,"column":88}},"56":{"start":{"line":100,"column":2},"end":{"line":174,"column":null}},"57":{"start":{"line":117,"column":16},"end":{"line":119,"column":null}},"58":{"start":{"line":117,"column":139},"end":{"line":117,"column":162}},"59":{"start":{"line":170,"column":35},"end":{"line":170,"column":80}}},"fnMap":{"0":{"name":"ProductDetail","decl":{"start":{"line":13,"column":24},"end":{"line":13,"column":40}},"loc":{"start":{"line":13,"column":40},"end":{"line":16,"column":null}},"line":13},"1":{"name":"ProductView","decl":{"start":{"line":18,"column":9},"end":{"line":18,"column":21}},"loc":{"start":{"line":18,"column":30},"end":{"line":176,"column":null}},"line":18},"2":{"name":"(anonymous_2)","decl":{"start":{"line":30,"column":2},"end":{"line":30,"column":18}},"loc":{"start":{"line":30,"column":18},"end":{"line":49,"column":5}},"line":30},"3":{"name":"(anonymous_3)","decl":{"start":{"line":34,"column":7},"end":{"line":34,"column":13}},"loc":{"start":{"line":34,"column":22},"end":{"line":41,"column":7}},"line":34},"4":{"name":"(anonymous_4)","decl":{"start":{"line":40,"column":11},"end":{"line":40,"column":17}},"loc":{"start":{"line":40,"column":26},"end":{"line":40,"column":119}},"line":40},"5":{"name":"(anonymous_5)","decl":{"start":{"line":40,"column":59},"end":{"line":40,"column":67}},"loc":{"start":{"line":40,"column":76},"end":{"line":40,"column":105}},"line":40},"6":{"name":"(anonymous_6)","decl":{"start":{"line":42,"column":7},"end":{"line":42,"column":14}},"loc":{"start":{"line":42,"column":22},"end":{"line":46,"column":7}},"line":42},"7":{"name":"(anonymous_7)","decl":{"start":{"line":48,"column":4},"end":{"line":48,"column":17}},"loc":{"start":{"line":48,"column":17},"end":{"line":48,"column":null}},"line":48},"8":{"name":"(anonymous_8)","decl":{"start":{"line":82,"column":8},"end":{"line":82,"column":22}},"loc":{"start":{"line":82,"column":22},"end":{"line":87,"column":null}},"line":82},"9":{"name":"(anonymous_9)","decl":{"start":{"line":89,"column":20},"end":{"line":89,"column":32}},"loc":{"start":{"line":89,"column":32},"end":{"line":93,"column":null}},"line":89},"10":{"name":"(anonymous_10)","decl":{"start":{"line":95,"column":21},"end":{"line":95,"column":33}},"loc":{"start":{"line":95,"column":33},"end":{"line":98,"column":null}},"line":95},"11":{"name":"(anonymous_11)","decl":{"start":{"line":116,"column":22},"end":{"line":116,"column":27}},"loc":{"start":{"line":117,"column":16},"end":{"line":119,"column":null}},"line":117},"12":{"name":"(anonymous_12)","decl":{"start":{"line":117,"column":124},"end":{"line":117,"column":139}},"loc":{"start":{"line":117,"column":139},"end":{"line":117,"column":162}},"line":117},"13":{"name":"(anonymous_13)","decl":{"start":{"line":170,"column":21},"end":{"line":170,"column":26}},"loc":{"start":{"line":170,"column":35},"end":{"line":170,"column":80}},"line":170}},"branchMap":{"0":{"loc":{"start":{"line":38,"column":8},"end":{"line":38,"column":null}},"type":"if","locations":[{"start":{"line":38,"column":8},"end":{"line":38,"column":null}},{"start":{},"end":{}}],"line":38},"1":{"loc":{"start":{"line":40,"column":38},"end":{"line":40,"column":57}},"type":"binary-expr","locations":[{"start":{"line":40,"column":38},"end":{"line":40,"column":55}},{"start":{"line":40,"column":55},"end":{"line":40,"column":57}}],"line":40},"2":{"loc":{"start":{"line":43,"column":8},"end":{"line":43,"column":null}},"type":"if","locations":[{"start":{"line":43,"column":8},"end":{"line":43,"column":null}},{"start":{},"end":{}}],"line":43},"3":{"loc":{"start":{"line":51,"column":2},"end":{"line":65,"column":null}},"type":"if","locations":[{"start":{"line":51,"column":2},"end":{"line":65,"column":null}},{"start":{},"end":{}}],"line":51},"4":{"loc":{"start":{"line":67,"column":2},"end":{"line":75,"column":null}},"type":"if","locations":[{"start":{"line":67,"column":2},"end":{"line":75,"column":null}},{"start":{},"end":{}}],"line":67},"5":{"loc":{"start":{"line":67,"column":6},"end":{"line":67,"column":25}},"type":"binary-expr","locations":[{"start":{"line":67,"column":6},"end":{"line":67,"column":15}},{"start":{"line":67,"column":15},"end":{"line":67,"column":25}}],"line":67},"6":{"loc":{"start":{"line":71,"column":11},"end":{"line":71,"column":null}},"type":"binary-expr","locations":[{"start":{"line":71,"column":11},"end":{"line":71,"column":20}},{"start":{"line":71,"column":20},"end":{"line":71,"column":null}}],"line":71},"7":{"loc":{"start":{"line":77,"column":17},"end":{"line":77,"column":null}},"type":"binary-expr","locations":[{"start":{"line":77,"column":17},"end":{"line":77,"column":35}},{"start":{"line":77,"column":35},"end":{"line":77,"column":null}}],"line":77},"8":{"loc":{"start":{"line":83,"column":4},"end":{"line":83,"column":null}},"type":"if","locations":[{"start":{"line":83,"column":4},"end":{"line":83,"column":null}},{"start":{},"end":{}}],"line":83},"9":{"loc":{"start":{"line":90,"column":4},"end":{"line":90,"column":null}},"type":"if","locations":[{"start":{"line":90,"column":4},"end":{"line":90,"column":null}},{"start":{},"end":{}}],"line":90},"10":{"loc":{"start":{"line":96,"column":4},"end":{"line":96,"column":null}},"type":"if","locations":[{"start":{"line":96,"column":4},"end":{"line":96,"column":null}},{"start":{},"end":{}}],"line":96},"11":{"loc":{"start":{"line":105,"column":9},"end":{"line":105,"column":null}},"type":"binary-expr","locations":[{"start":{"line":105,"column":9},"end":{"line":105,"column":39}},{"start":{"line":105,"column":39},"end":{"line":105,"column":null}}],"line":105},"12":{"loc":{"start":{"line":112,"column":13},"end":{"line":112,"column":null}},"type":"cond-expr","locations":[{"start":{"line":112,"column":23},"end":{"line":112,"column":67}},{"start":{"line":112,"column":66},"end":{"line":112,"column":null}}],"line":112},"13":{"loc":{"start":{"line":114,"column":11},"end":{"line":123,"column":null}},"type":"binary-expr","locations":[{"start":{"line":114,"column":11},"end":{"line":114,"column":null}},{"start":{"line":115,"column":12},"end":{"line":123,"column":null}}],"line":114},"14":{"loc":{"start":{"line":117,"column":85},"end":{"line":117,"column":124}},"type":"cond-expr","locations":[{"start":{"line":117,"column":109},"end":{"line":117,"column":120}},{"start":{"line":117,"column":120},"end":{"line":117,"column":124}}],"line":117},"15":{"loc":{"start":{"line":126,"column":11},"end":{"line":126,"column":null}},"type":"binary-expr","locations":[{"start":{"line":126,"column":11},"end":{"line":126,"column":40}},{"start":{"line":126,"column":40},"end":{"line":126,"column":null}}],"line":126},"16":{"loc":{"start":{"line":129,"column":13},"end":{"line":132,"column":13}},"type":"cond-expr","locations":[{"start":{"line":130,"column":16},"end":{"line":131,"column":17}},{"start":{"line":131,"column":16},"end":{"line":132,"column":13}}],"line":129},"17":{"loc":{"start":{"line":140,"column":99},"end":{"line":140,"column":null}},"type":"binary-expr","locations":[{"start":{"line":140,"column":99},"end":{"line":140,"column":111}},{"start":{"line":140,"column":111},"end":{"line":140,"column":null}}],"line":140},"18":{"loc":{"start":{"line":141,"column":27},"end":{"line":141,"column":null}},"type":"cond-expr","locations":[{"start":{"line":141,"column":38},"end":{"line":141,"column":73}},{"start":{"line":141,"column":73},"end":{"line":141,"column":null}}],"line":141},"19":{"loc":{"start":{"line":141,"column":38},"end":{"line":141,"column":73}},"type":"cond-expr","locations":[{"start":{"line":141,"column":45},"end":{"line":141,"column":57}},{"start":{"line":141,"column":57},"end":{"line":141,"column":73}}],"line":141},"20":{"loc":{"start":{"line":143,"column":56},"end":{"line":143,"column":85}},"type":"cond-expr","locations":[{"start":{"line":143,"column":64},"end":{"line":143,"column":79}},{"start":{"line":143,"column":79},"end":{"line":143,"column":85}}],"line":143},"21":{"loc":{"start":{"line":143,"column":173},"end":{"line":143,"column":null}},"type":"cond-expr","locations":[{"start":{"line":143,"column":181},"end":{"line":143,"column":209}},{"start":{"line":143,"column":209},"end":{"line":143,"column":null}}],"line":143},"22":{"loc":{"start":{"line":149,"column":44},"end":{"line":149,"column":83}},"type":"binary-expr","locations":[{"start":{"line":149,"column":44},"end":{"line":149,"column":73}},{"start":{"line":149,"column":73},"end":{"line":149,"column":83}}],"line":149},"23":{"loc":{"start":{"line":151,"column":48},"end":{"line":151,"column":118}},"type":"cond-expr","locations":[{"start":{"line":151,"column":58},"end":{"line":151,"column":97}},{"start":{"line":151,"column":97},"end":{"line":151,"column":118}}],"line":151},"24":{"loc":{"start":{"line":163,"column":7},"end":{"line":172,"column":null}},"type":"binary-expr","locations":[{"start":{"line":163,"column":7},"end":{"line":163,"column":null}},{"start":{"line":164,"column":8},"end":{"line":172,"column":null}}],"line":163}},"s":{"0":3,"1":3,"2":9,"3":9,"4":9,"5":9,"6":9,"7":9,"8":9,"9":9,"10":9,"11":9,"12":3,"13":3,"14":3,"15":3,"16":3,"17":3,"18":0,"19":3,"20":3,"21":0,"22":0,"23":0,"24":0,"25":0,"26":3,"27":0,"28":9,"29":3,"30":6,"31":0,"32":6,"33":9,"34":9,"35":9,"36":9,"37":1,"38":1,"39":0,"40":0,"41":0,"42":9,"43":1,"44":0,"45":1,"46":1,"47":1,"48":0,"49":1,"50":9,"51":0,"52":0,"53":0,"54":0,"55":0,"56":9,"57":12,"58":1,"59":0},"f":{"0":3,"1":9,"2":3,"3":3,"4":3,"5":0,"6":0,"7":0,"8":1,"9":1,"10":0,"11":12,"12":1,"13":0},"b":{"0":[0,3],"1":[3,0],"2":[0,0],"3":[3,6],"4":[0,6],"5":[6,6],"6":[0,0],"7":[6,0],"8":[1,0],"9":[0,1],"10":[0,0],"11":[9,6],"12":[6,0],"13":[9,6],"14":[6,6],"15":[9,6],"16":[6,0],"17":[9,6],"18":[6,0],"19":[1,5],"20":[0,6],"21":[0,6],"22":[9,0],"23":[6,0],"24":[9,0]},"meta":{"lastBranch":25,"lastFunction":14,"lastStatement":60,"seen":{"f:13:24:13:40":0,"s:14:18:14:28":0,"s:15:2:15:Infinity":1,"f:18:9:18:21":1,"s:19:19:19:31":2,"s:20:71:20:80":3,"s:22:32:22:Infinity":4,"s:23:32:23:Infinity":5,"s:24:40:24:Infinity":6,"s:25:34:25:Infinity":7,"s:26:32:26:Infinity":8,"s:27:28:27:Infinity":9,"s:28:26:28:Infinity":10,"s:30:2:49:Infinity":11,"f:30:2:30:18":2,"s:31:23:31:Infinity":12,"s:33:4:46:Infinity":13,"f:34:7:34:13":3,"s:35:8:35:Infinity":14,"s:36:8:36:Infinity":15,"s:37:27:37:Infinity":16,"b:38:8:38:Infinity:undefined:undefined:undefined:undefined":0,"s:38:8:38:Infinity":17,"s:38:25:38:Infinity":18,"s:39:8:40:Infinity":19,"f:40:11:40:17":4,"s:40:26:40:119":20,"b:40:38:40:55:40:55:40:57":1,"f:40:59:40:67":5,"s:40:76:40:105":21,"f:42:7:42:14":6,"b:43:8:43:Infinity:undefined:undefined:undefined:undefined":2,"s:43:8:43:Infinity":22,"s:43:39:43:Infinity":23,"s:44:8:44:Infinity":24,"s:45:8:45:Infinity":25,"s:48:4:48:Infinity":26,"f:48:4:48:17":7,"s:48:17:48:Infinity":27,"b:51:2:65:Infinity:undefined:undefined:undefined:undefined":3,"s:51:2:65:Infinity":28,"s:52:4:63:Infinity":29,"b:67:2:75:Infinity:undefined:undefined:undefined:undefined":4,"s:67:2:75:Infinity":30,"b:67:6:67:15:67:15:67:25":5,"s:68:4:73:Infinity":31,"b:71:11:71:20:71:20:71:Infinity":6,"s:77:17:77:Infinity":32,"b:77:17:77:35:77:35:77:Infinity":7,"s:78:18:78:Infinity":33,"s:79:18:79:Infinity":34,"s:80:16:80:Infinity":35,"s:82:8:87:Infinity":36,"f:82:8:82:22":8,"b:83:4:83:Infinity:undefined:undefined:undefined:undefined":8,"s:83:4:83:Infinity":37,"s:83:18:83:Infinity":38,"s:84:4:84:Infinity":39,"s:85:4:85:Infinity":40,"s:86:4:86:Infinity":41,"s:89:20:93:Infinity":42,"f:89:20:89:32":9,"b:90:4:90:Infinity:undefined:undefined:undefined:undefined":9,"s:90:4:90:Infinity":43,"s:90:18:90:Infinity":44,"s:91:4:91:Infinity":45,"s:92:4:92:Infinity":46,"s:92:10:92:46":47,"s:92:62:92:93":48,"s:92:105:92:121":49,"s:95:21:98:Infinity":50,"f:95:21:95:33":10,"b:96:4:96:Infinity:undefined:undefined:undefined:undefined":10,"s:96:4:96:Infinity":51,"s:96:18:96:Infinity":52,"s:97:4:97:Infinity":53,"s:97:10:97:41":54,"s:97:57:97:88":55,"s:100:2:174:Infinity":56,"b:105:9:105:39:105:39:105:Infinity":11,"b:112:23:112:67:112:66:112:Infinity":12,"b:114:11:114:Infinity:115:12:123:Infinity":13,"f:116:22:116:27":11,"s:117:16:119:Infinity":57,"b:117:109:117:120:117:120:117:124":14,"f:117:124:117:139":12,"s:117:139:117:162":58,"b:126:11:126:40:126:40:126:Infinity":15,"b:130:16:131:17:131:16:132:13":16,"b:140:99:140:111:140:111:140:Infinity":17,"b:141:38:141:73:141:73:141:Infinity":18,"b:141:45:141:57:141:57:141:73":19,"b:143:64:143:79:143:79:143:85":20,"b:143:181:143:209:143:209:143:Infinity":21,"b:149:44:149:73:149:73:149:83":22,"b:151:58:151:97:151:97:151:118":23,"b:163:7:163:Infinity:164:8:172:Infinity":24,"f:170:21:170:26":13,"s:170:35:170:80":59},"fnNames":{}}}
,"C:\\Users\\missr\\OneDrive - belgiumcampus.ac.za\\Desktop\\Uni\\Projects\\11. SEN371\\main-project\\SEN371\\frontend\\src\\pages\\Products.jsx": {"path":"C:\\Users\\missr\\OneDrive - belgiumcampus.ac.za\\Desktop\\Uni\\Projects\\11. SEN371\\main-project\\SEN371\\frontend\\src\\pages\\Products.jsx","statementMap":{"0":{"start":{"line":9,"column":18},"end":{"line":9,"column":null}},"1":{"start":{"line":11,"column":14},"end":{"line":16,"column":null}},"2":{"start":{"line":13,"column":62},"end":{"line":13,"column":92}},"3":{"start":{"line":14,"column":63},"end":{"line":14,"column":93}},"4":{"start":{"line":15,"column":45},"end":{"line":15,"column":74}},"5":{"start":{"line":19,"column":30},"end":{"line":19,"column":46}},"6":{"start":{"line":22,"column":30},"end":{"line":22,"column":null}},"7":{"start":{"line":23,"column":38},"end":{"line":23,"column":null}},"8":{"start":{"line":24,"column":40},"end":{"line":24,"column":null}},"9":{"start":{"line":26,"column":17},"end":{"line":26,"column":null}},"10":{"start":{"line":27,"column":19},"end":{"line":27,"column":null}},"11":{"start":{"line":28,"column":15},"end":{"line":28,"column":null}},"12":{"start":{"line":29,"column":18},"end":{"line":29,"column":null}},"13":{"start":{"line":30,"column":19},"end":{"line":30,"column":null}},"14":{"start":{"line":31,"column":18},"end":{"line":31,"column":null}},"15":{"start":{"line":32,"column":42},"end":{"line":32,"column":null}},"16":{"start":{"line":35,"column":8},"end":{"line":42,"column":null}},"17":{"start":{"line":36,"column":17},"end":{"line":36,"column":null}},"18":{"start":{"line":37,"column":4},"end":{"line":39,"column":null}},"19":{"start":{"line":38,"column":6},"end":{"line":38,"column":null}},"20":{"start":{"line":38,"column":17},"end":{"line":38,"column":44}},"21":{"start":{"line":38,"column":44},"end":{"line":38,"column":null}},"22":{"start":{"line":40,"column":4},"end":{"line":40,"column":null}},"23":{"start":{"line":40,"column":30},"end":{"line":40,"column":null}},"24":{"start":{"line":41,"column":4},"end":{"line":41,"column":null}},"25":{"start":{"line":44,"column":2},"end":{"line":46,"column":null}},"26":{"start":{"line":45,"column":4},"end":{"line":45,"column":null}},"27":{"start":{"line":45,"column":42},"end":{"line":45,"column":78}},"28":{"start":{"line":48,"column":2},"end":{"line":67,"column":null}},"29":{"start":{"line":49,"column":23},"end":{"line":49,"column":null}},"30":{"start":{"line":50,"column":18},"end":{"line":50,"column":null}},"31":{"start":{"line":51,"column":4},"end":{"line":51,"column":null}},"32":{"start":{"line":51,"column":16},"end":{"line":51,"column":null}},"33":{"start":{"line":52,"column":4},"end":{"line":52,"column":null}},"34":{"start":{"line":52,"column":18},"end":{"line":52,"column":null}},"35":{"start":{"line":54,"column":4},"end":{"line":64,"column":null}},"36":{"start":{"line":55,"column":22},"end":{"line":60,"column":8}},"37":{"start":{"line":62,"column":8},"end":{"line":62,"column":null}},"38":{"start":{"line":62,"column":39},"end":{"line":62,"column":null}},"39":{"start":{"line":63,"column":8},"end":{"line":63,"column":null}},"40":{"start":{"line":66,"column":4},"end":{"line":66,"column":null}},"41":{"start":{"line":66,"column":17},"end":{"line":66,"column":null}},"42":{"start":{"line":69,"column":18},"end":{"line":72,"column":null}},"43":{"start":{"line":70,"column":19},"end":{"line":70,"column":null}},"44":{"start":{"line":71,"column":4},"end":{"line":71,"column":null}},"45":{"start":{"line":74,"column":25},"end":{"line":74,"column":null}},"46":{"start":{"line":74,"column":51},"end":{"line":74,"column":72}},"47":{"start":{"line":75,"column":21},"end":{"line":75,"column":null}},"48":{"start":{"line":77,"column":2},"end":{"line":155,"column":null}},"49":{"start":{"line":91,"column":91},"end":{"line":91,"column":117}},"50":{"start":{"line":93,"column":14},"end":{"line":97,"column":null}},"51":{"start":{"line":94,"column":103},"end":{"line":94,"column":null}},"52":{"start":{"line":101,"column":91},"end":{"line":101,"column":129}},"53":{"start":{"line":108,"column":98},"end":{"line":108,"column":null}},"54":{"start":{"line":108,"column":120},"end":{"line":108,"column":122}},"55":{"start":{"line":112,"column":87},"end":{"line":112,"column":111}},"56":{"start":{"line":115,"column":98},"end":{"line":115,"column":124}},"57":{"start":{"line":120,"column":78},"end":{"line":120,"column":null}},"58":{"start":{"line":121,"column":65},"end":{"line":121,"column":111}},"59":{"start":{"line":129,"column":79},"end":{"line":129,"column":110}},"60":{"start":{"line":134,"column":102},"end":{"line":134,"column":140}},"61":{"start":{"line":140,"column":40},"end":{"line":140,"column":91}},"62":{"start":{"line":146,"column":72},"end":{"line":146,"column":108}},"63":{"start":{"line":147,"column":66},"end":{"line":147,"column":71}},"64":{"start":{"line":148,"column":16},"end":{"line":148,"column":null}},"65":{"start":{"line":148,"column":100},"end":{"line":148,"column":129}},"66":{"start":{"line":150,"column":87},"end":{"line":150,"column":123}}},"fnMap":{"0":{"name":"(anonymous_0)","decl":{"start":{"line":13,"column":46},"end":{"line":13,"column":53}},"loc":{"start":{"line":13,"column":62},"end":{"line":13,"column":92}},"line":13},"1":{"name":"(anonymous_1)","decl":{"start":{"line":14,"column":47},"end":{"line":14,"column":54}},"loc":{"start":{"line":14,"column":63},"end":{"line":14,"column":93}},"line":14},"2":{"name":"(anonymous_2)","decl":{"start":{"line":15,"column":29},"end":{"line":15,"column":36}},"loc":{"start":{"line":15,"column":45},"end":{"line":15,"column":74}},"line":15},"3":{"name":"Products","decl":{"start":{"line":18,"column":24},"end":{"line":18,"column":35}},"loc":{"start":{"line":18,"column":35},"end":{"line":157,"column":null}},"line":18},"4":{"name":"(anonymous_4)","decl":{"start":{"line":35,"column":8},"end":{"line":35,"column":18}},"loc":{"start":{"line":35,"column":30},"end":{"line":42,"column":null}},"line":35},"5":{"name":"(anonymous_5)","decl":{"start":{"line":37,"column":28},"end":{"line":37,"column":37}},"loc":{"start":{"line":37,"column":54},"end":{"line":39,"column":5}},"line":37},"6":{"name":"(anonymous_6)","decl":{"start":{"line":44,"column":2},"end":{"line":44,"column":18}},"loc":{"start":{"line":44,"column":18},"end":{"line":46,"column":5}},"line":44},"7":{"name":"(anonymous_7)","decl":{"start":{"line":45,"column":27},"end":{"line":45,"column":33}},"loc":{"start":{"line":45,"column":42},"end":{"line":45,"column":78}},"line":45},"8":{"name":"(anonymous_8)","decl":{"start":{"line":45,"column":80},"end":{"line":45,"column":92}},"loc":{"start":{"line":45,"column":92},"end":{"line":45,"column":94}},"line":45},"9":{"name":"(anonymous_9)","decl":{"start":{"line":48,"column":2},"end":{"line":48,"column":18}},"loc":{"start":{"line":48,"column":18},"end":{"line":67,"column":5}},"line":48},"10":{"name":"(anonymous_10)","decl":{"start":{"line":55,"column":7},"end":{"line":55,"column":13}},"loc":{"start":{"line":55,"column":22},"end":{"line":60,"column":8}},"line":55},"11":{"name":"(anonymous_11)","decl":{"start":{"line":61,"column":7},"end":{"line":61,"column":14}},"loc":{"start":{"line":61,"column":22},"end":{"line":64,"column":7}},"line":61},"12":{"name":"(anonymous_12)","decl":{"start":{"line":66,"column":4},"end":{"line":66,"column":17}},"loc":{"start":{"line":66,"column":17},"end":{"line":66,"column":null}},"line":66},"13":{"name":"(anonymous_13)","decl":{"start":{"line":69,"column":18},"end":{"line":69,"column":32}},"loc":{"start":{"line":69,"column":32},"end":{"line":72,"column":5}},"line":69},"14":{"name":"(anonymous_14)","decl":{"start":{"line":74,"column":36},"end":{"line":74,"column":42}},"loc":{"start":{"line":74,"column":51},"end":{"line":74,"column":72}},"line":74},"15":{"name":"(anonymous_15)","decl":{"start":{"line":91,"column":76},"end":{"line":91,"column":91}},"loc":{"start":{"line":91,"column":91},"end":{"line":91,"column":117}},"line":91},"16":{"name":"(anonymous_16)","decl":{"start":{"line":92,"column":24},"end":{"line":92,"column":29}},"loc":{"start":{"line":93,"column":14},"end":{"line":97,"column":null}},"line":93},"17":{"name":"(anonymous_17)","decl":{"start":{"line":94,"column":88},"end":{"line":94,"column":103}},"loc":{"start":{"line":94,"column":103},"end":{"line":94,"column":null}},"line":94},"18":{"name":"(anonymous_18)","decl":{"start":{"line":101,"column":76},"end":{"line":101,"column":91}},"loc":{"start":{"line":101,"column":91},"end":{"line":101,"column":129}},"line":101},"19":{"name":"(anonymous_19)","decl":{"start":{"line":108,"column":83},"end":{"line":108,"column":98}},"loc":{"start":{"line":108,"column":98},"end":{"line":108,"column":null}},"line":108},"20":{"name":"(anonymous_20)","decl":{"start":{"line":108,"column":98},"end":{"line":108,"column":114}},"loc":{"start":{"line":108,"column":120},"end":{"line":108,"column":122}},"line":108},"21":{"name":"(anonymous_21)","decl":{"start":{"line":112,"column":72},"end":{"line":112,"column":87}},"loc":{"start":{"line":112,"column":87},"end":{"line":112,"column":111}},"line":112},"22":{"name":"(anonymous_22)","decl":{"start":{"line":115,"column":83},"end":{"line":115,"column":98}},"loc":{"start":{"line":115,"column":98},"end":{"line":115,"column":124}},"line":115},"23":{"name":"(anonymous_23)","decl":{"start":{"line":120,"column":57},"end":{"line":120,"column":68}},"loc":{"start":{"line":120,"column":78},"end":{"line":120,"column":null}},"line":120},"24":{"name":"(anonymous_24)","decl":{"start":{"line":121,"column":39},"end":{"line":121,"column":44}},"loc":{"start":{"line":121,"column":65},"end":{"line":121,"column":111}},"line":121},"25":{"name":"(anonymous_25)","decl":{"start":{"line":129,"column":66},"end":{"line":129,"column":70}},"loc":{"start":{"line":129,"column":79},"end":{"line":129,"column":110}},"line":129},"26":{"name":"(anonymous_26)","decl":{"start":{"line":134,"column":87},"end":{"line":134,"column":102}},"loc":{"start":{"line":134,"column":102},"end":{"line":134,"column":140}},"line":134},"27":{"name":"(anonymous_27)","decl":{"start":{"line":140,"column":23},"end":{"line":140,"column":28}},"loc":{"start":{"line":140,"column":40},"end":{"line":140,"column":91}},"line":140},"28":{"name":"(anonymous_28)","decl":{"start":{"line":146,"column":57},"end":{"line":146,"column":72}},"loc":{"start":{"line":146,"column":72},"end":{"line":146,"column":108}},"line":146},"29":{"name":"(anonymous_29)","decl":{"start":{"line":147,"column":53},"end":{"line":147,"column":57}},"loc":{"start":{"line":147,"column":66},"end":{"line":147,"column":71}},"line":147},"30":{"name":"(anonymous_30)","decl":{"start":{"line":147,"column":73},"end":{"line":147,"column":78}},"loc":{"start":{"line":148,"column":16},"end":{"line":148,"column":null}},"line":148},"31":{"name":"(anonymous_31)","decl":{"start":{"line":148,"column":85},"end":{"line":148,"column":100}},"loc":{"start":{"line":148,"column":100},"end":{"line":148,"column":129}},"line":148},"32":{"name":"(anonymous_32)","decl":{"start":{"line":150,"column":72},"end":{"line":150,"column":87}},"loc":{"start":{"line":150,"column":87},"end":{"line":150,"column":123}},"line":150}},"branchMap":{"0":{"loc":{"start":{"line":26,"column":17},"end":{"line":26,"column":null}},"type":"binary-expr","locations":[{"start":{"line":26,"column":17},"end":{"line":26,"column":41}},{"start":{"line":26,"column":41},"end":{"line":26,"column":null}}],"line":26},"1":{"loc":{"start":{"line":27,"column":19},"end":{"line":27,"column":null}},"type":"binary-expr","locations":[{"start":{"line":27,"column":19},"end":{"line":27,"column":45}},{"start":{"line":27,"column":45},"end":{"line":27,"column":null}}],"line":27},"2":{"loc":{"start":{"line":28,"column":24},"end":{"line":28,"column":70}},"type":"binary-expr","locations":[{"start":{"line":28,"column":24},"end":{"line":28,"column":67}},{"start":{"line":28,"column":67},"end":{"line":28,"column":70}}],"line":28},"3":{"loc":{"start":{"line":28,"column":33},"end":{"line":28,"column":60}},"type":"binary-expr","locations":[{"start":{"line":28,"column":33},"end":{"line":28,"column":55}},{"start":{"line":28,"column":55},"end":{"line":28,"column":60}}],"line":28},"4":{"loc":{"start":{"line":29,"column":18},"end":{"line":29,"column":null}},"type":"cond-expr","locations":[{"start":{"line":29,"column":46},"end":{"line":29,"column":67}},{"start":{"line":29,"column":67},"end":{"line":29,"column":null}}],"line":29},"5":{"loc":{"start":{"line":38,"column":6},"end":{"line":38,"column":null}},"type":"if","locations":[{"start":{"line":38,"column":6},"end":{"line":38,"column":null}},{"start":{"line":38,"column":44},"end":{"line":38,"column":null}}],"line":38},"6":{"loc":{"start":{"line":40,"column":4},"end":{"line":40,"column":null}},"type":"if","locations":[{"start":{"line":40,"column":4},"end":{"line":40,"column":null}},{"start":{},"end":{}}],"line":40},"7":{"loc":{"start":{"line":45,"column":56},"end":{"line":45,"column":77}},"type":"binary-expr","locations":[{"start":{"line":45,"column":56},"end":{"line":45,"column":75}},{"start":{"line":45,"column":75},"end":{"line":45,"column":77}}],"line":45},"8":{"loc":{"start":{"line":51,"column":4},"end":{"line":51,"column":null}},"type":"if","locations":[{"start":{"line":51,"column":4},"end":{"line":51,"column":null}},{"start":{},"end":{}}],"line":51},"9":{"loc":{"start":{"line":52,"column":4},"end":{"line":52,"column":null}},"type":"if","locations":[{"start":{"line":52,"column":4},"end":{"line":52,"column":null}},{"start":{},"end":{}}],"line":52},"10":{"loc":{"start":{"line":57,"column":18},"end":{"line":57,"column":null}},"type":"binary-expr","locations":[{"start":{"line":57,"column":18},"end":{"line":57,"column":35}},{"start":{"line":57,"column":35},"end":{"line":57,"column":null}}],"line":57},"11":{"loc":{"start":{"line":58,"column":20},"end":{"line":58,"column":null}},"type":"binary-expr","locations":[{"start":{"line":58,"column":20},"end":{"line":58,"column":39}},{"start":{"line":58,"column":39},"end":{"line":58,"column":null}}],"line":58},"12":{"loc":{"start":{"line":58,"column":67},"end":{"line":58,"column":94}},"type":"binary-expr","locations":[{"start":{"line":58,"column":67},"end":{"line":58,"column":92}},{"start":{"line":58,"column":92},"end":{"line":58,"column":94}}],"line":58},"13":{"loc":{"start":{"line":62,"column":8},"end":{"line":62,"column":null}},"type":"if","locations":[{"start":{"line":62,"column":8},"end":{"line":62,"column":null}},{"start":{},"end":{}}],"line":62},"14":{"loc":{"start":{"line":71,"column":11},"end":{"line":71,"column":null}},"type":"cond-expr","locations":[{"start":{"line":71,"column":20},"end":{"line":71,"column":49}},{"start":{"line":71,"column":49},"end":{"line":71,"column":null}}],"line":71},"15":{"loc":{"start":{"line":75,"column":29},"end":{"line":75,"column":47}},"type":"binary-expr","locations":[{"start":{"line":75,"column":29},"end":{"line":75,"column":39}},{"start":{"line":75,"column":39},"end":{"line":75,"column":47}}],"line":75},"16":{"loc":{"start":{"line":82,"column":37},"end":{"line":82,"column":132}},"type":"cond-expr","locations":[{"start":{"line":82,"column":54},"end":{"line":82,"column":76}},{"start":{"line":82,"column":76},"end":{"line":82,"column":132}}],"line":82},"17":{"loc":{"start":{"line":82,"column":76},"end":{"line":82,"column":132}},"type":"cond-expr","locations":[{"start":{"line":82,"column":85},"end":{"line":82,"column":113}},{"start":{"line":82,"column":113},"end":{"line":82,"column":132}}],"line":82},"18":{"loc":{"start":{"line":84,"column":9},"end":{"line":85,"column":null}},"type":"binary-expr","locations":[{"start":{"line":84,"column":9},"end":{"line":84,"column":21}},{"start":{"line":84,"column":21},"end":{"line":84,"column":31}},{"start":{"line":84,"column":31},"end":{"line":85,"column":null}}],"line":84},"19":{"loc":{"start":{"line":84,"column":54},"end":{"line":84,"column":99}},"type":"cond-expr","locations":[{"start":{"line":84,"column":79},"end":{"line":84,"column":88}},{"start":{"line":84,"column":88},"end":{"line":84,"column":99}}],"line":84},"20":{"loc":{"start":{"line":88,"column":36},"end":{"line":88,"column":66}},"type":"cond-expr","locations":[{"start":{"line":88,"column":50},"end":{"line":88,"column":60}},{"start":{"line":88,"column":60},"end":{"line":88,"column":66}}],"line":88},"21":{"loc":{"start":{"line":91,"column":49},"end":{"line":91,"column":76}},"type":"cond-expr","locations":[{"start":{"line":91,"column":61},"end":{"line":91,"column":72}},{"start":{"line":91,"column":72},"end":{"line":91,"column":76}}],"line":91},"22":{"loc":{"start":{"line":94,"column":49},"end":{"line":94,"column":88}},"type":"cond-expr","locations":[{"start":{"line":94,"column":73},"end":{"line":94,"column":84}},{"start":{"line":94,"column":84},"end":{"line":94,"column":88}}],"line":94},"23":{"loc":{"start":{"line":100,"column":11},"end":{"line":101,"column":null}},"type":"binary-expr","locations":[{"start":{"line":100,"column":11},"end":{"line":100,"column":null}},{"start":{"line":101,"column":12},"end":{"line":101,"column":null}}],"line":100},"24":{"loc":{"start":{"line":111,"column":15},"end":{"line":112,"column":null}},"type":"binary-expr","locations":[{"start":{"line":111,"column":15},"end":{"line":111,"column":null}},{"start":{"line":112,"column":16},"end":{"line":112,"column":null}}],"line":111},"25":{"loc":{"start":{"line":114,"column":15},"end":{"line":115,"column":null}},"type":"binary-expr","locations":[{"start":{"line":114,"column":15},"end":{"line":114,"column":null}},{"start":{"line":115,"column":16},"end":{"line":115,"column":null}}],"line":114},"26":{"loc":{"start":{"line":120,"column":93},"end":{"line":120,"column":152}},"type":"cond-expr","locations":[{"start":{"line":120,"column":127},"end":{"line":120,"column":132}},{"start":{"line":120,"column":132},"end":{"line":120,"column":152}}],"line":120},"27":{"loc":{"start":{"line":126,"column":11},"end":{"line":126,"column":null}},"type":"binary-expr","locations":[{"start":{"line":126,"column":11},"end":{"line":126,"column":20}},{"start":{"line":126,"column":20},"end":{"line":126,"column":null}}],"line":126},"28":{"loc":{"start":{"line":128,"column":11},"end":{"line":141,"column":null}},"type":"cond-expr","locations":[{"start":{"line":129,"column":12},"end":{"line":130,"column":22}},{"start":{"line":130,"column":14},"end":{"line":141,"column":null}}],"line":128},"29":{"loc":{"start":{"line":130,"column":14},"end":{"line":141,"column":null}},"type":"cond-expr","locations":[{"start":{"line":131,"column":12},"end":{"line":139,"column":13}},{"start":{"line":139,"column":12},"end":{"line":141,"column":null}}],"line":130},"30":{"loc":{"start":{"line":130,"column":14},"end":{"line":130,"column":null}},"type":"binary-expr","locations":[{"start":{"line":130,"column":14},"end":{"line":130,"column":38}},{"start":{"line":130,"column":38},"end":{"line":130,"column":null}}],"line":130},"31":{"loc":{"start":{"line":134,"column":23},"end":{"line":134,"column":null}},"type":"binary-expr","locations":[{"start":{"line":134,"column":23},"end":{"line":134,"column":37}},{"start":{"line":134,"column":37},"end":{"line":134,"column":null}}],"line":134},"32":{"loc":{"start":{"line":136,"column":15},"end":{"line":136,"column":null}},"type":"cond-expr","locations":[{"start":{"line":136,"column":28},"end":{"line":136,"column":68}},{"start":{"line":136,"column":68},"end":{"line":136,"column":null}}],"line":136},"33":{"loc":{"start":{"line":144,"column":11},"end":{"line":151,"column":null}},"type":"binary-expr","locations":[{"start":{"line":144,"column":11},"end":{"line":144,"column":null}},{"start":{"line":145,"column":12},"end":{"line":151,"column":null}}],"line":144},"34":{"loc":{"start":{"line":148,"column":57},"end":{"line":148,"column":85}},"type":"cond-expr","locations":[{"start":{"line":148,"column":70},"end":{"line":148,"column":81}},{"start":{"line":148,"column":81},"end":{"line":148,"column":85}}],"line":148},"35":{"loc":{"start":{"line":148,"column":143},"end":{"line":148,"column":177}},"type":"cond-expr","locations":[{"start":{"line":148,"column":156},"end":{"line":148,"column":165}},{"start":{"line":148,"column":165},"end":{"line":148,"column":177}}],"line":148}},"s":{"0":1,"1":1,"2":0,"3":0,"4":0,"5":10,"6":10,"7":10,"8":10,"9":10,"10":10,"11":10,"12":10,"13":10,"14":10,"15":10,"16":10,"17":2,"18":2,"19":2,"20":2,"21":0,"22":2,"23":1,"24":2,"25":10,"26":3,"27":3,"28":10,"29":5,"30":5,"31":5,"32":0,"33":5,"34":2,"35":5,"36":5,"37":0,"38":0,"39":0,"40":5,"41":2,"42":10,"43":6,"44":6,"45":10,"46":10,"47":10,"48":10,"49":0,"50":14,"51":1,"52":0,"53":0,"54":0,"55":0,"56":0,"57":0,"58":40,"59":40,"60":0,"61":10,"62":0,"63":14,"64":14,"65":1,"66":0},"f":{"0":0,"1":0,"2":0,"3":10,"4":2,"5":2,"6":3,"7":3,"8":0,"9":5,"10":5,"11":0,"12":2,"13":6,"14":10,"15":0,"16":14,"17":1,"18":0,"19":0,"20":0,"21":0,"22":0,"23":0,"24":40,"25":40,"26":0,"27":10,"28":0,"29":14,"30":14,"31":1,"32":0},"b":{"0":[10,10],"1":[10,6],"2":[10,0],"3":[10,8],"4":[0,10],"5":[2,0],"6":[1,1],"7":[3,0],"8":[0,5],"9":[2,3],"10":[5,0],"11":[5,0],"12":[0,0],"13":[0,0],"14":[0,6],"15":[10,10],"16":[4,6],"17":[0,6],"18":[10,5,5],"19":[0,5],"20":[0,10],"21":[6,4],"22":[4,10],"23":[10,4],"24":[10,0],"25":[10,4],"26":[0,0],"27":[10,0],"28":[5,5],"29":[0,5],"30":[5,0],"31":[0,0],"32":[0,0],"33":[10,7],"34":[7,7],"35":[7,7]},"meta":{"lastBranch":36,"lastFunction":33,"lastStatement":67,"seen":{"s:9:18:9:Infinity":0,"s:11:14:16:Infinity":1,"f:13:46:13:53":0,"s:13:62:13:92":2,"f:14:47:14:54":1,"s:14:63:14:93":3,"f:15:29:15:36":2,"s:15:45:15:74":4,"f:18:24:18:35":3,"s:19:30:19:46":5,"s:22:30:22:Infinity":6,"s:23:38:23:Infinity":7,"s:24:40:24:Infinity":8,"s:26:17:26:Infinity":9,"b:26:17:26:41:26:41:26:Infinity":0,"s:27:19:27:Infinity":10,"b:27:19:27:45:27:45:27:Infinity":1,"s:28:15:28:Infinity":11,"b:28:24:28:67:28:67:28:70":2,"b:28:33:28:55:28:55:28:60":3,"s:29:18:29:Infinity":12,"b:29:46:29:67:29:67:29:Infinity":4,"s:30:19:30:Infinity":13,"s:31:18:31:Infinity":14,"s:32:42:32:Infinity":15,"s:35:8:42:Infinity":16,"f:35:8:35:18":4,"s:36:17:36:Infinity":17,"s:37:4:39:Infinity":18,"f:37:28:37:37":5,"b:38:6:38:Infinity:38:44:38:Infinity":5,"s:38:6:38:Infinity":19,"s:38:17:38:44":20,"s:38:44:38:Infinity":21,"b:40:4:40:Infinity:undefined:undefined:undefined:undefined":6,"s:40:4:40:Infinity":22,"s:40:30:40:Infinity":23,"s:41:4:41:Infinity":24,"s:44:2:46:Infinity":25,"f:44:2:44:18":6,"s:45:4:45:Infinity":26,"f:45:27:45:33":7,"s:45:42:45:78":27,"b:45:56:45:75:45:75:45:77":7,"f:45:80:45:92":8,"s:48:2:67:Infinity":28,"f:48:2:48:18":9,"s:49:23:49:Infinity":29,"s:50:18:50:Infinity":30,"b:51:4:51:Infinity:undefined:undefined:undefined:undefined":8,"s:51:4:51:Infinity":31,"s:51:16:51:Infinity":32,"b:52:4:52:Infinity:undefined:undefined:undefined:undefined":9,"s:52:4:52:Infinity":33,"s:52:18:52:Infinity":34,"s:54:4:64:Infinity":35,"f:55:7:55:13":10,"s:55:22:60:8":36,"b:57:18:57:35:57:35:57:Infinity":10,"b:58:20:58:39:58:39:58:Infinity":11,"b:58:67:58:92:58:92:58:94":12,"f:61:7:61:14":11,"b:62:8:62:Infinity:undefined:undefined:undefined:undefined":13,"s:62:8:62:Infinity":37,"s:62:39:62:Infinity":38,"s:63:8:63:Infinity":39,"s:66:4:66:Infinity":40,"f:66:4:66:17":12,"s:66:17:66:Infinity":41,"s:69:18:72:Infinity":42,"f:69:18:69:32":13,"s:70:19:70:Infinity":43,"s:71:4:71:Infinity":44,"b:71:20:71:49:71:49:71:Infinity":14,"s:74:25:74:Infinity":45,"f:74:36:74:42":14,"s:74:51:74:72":46,"s:75:21:75:Infinity":47,"b:75:29:75:39:75:39:75:47":15,"s:77:2:155:Infinity":48,"b:82:54:82:76:82:76:82:132":16,"b:82:85:82:113:82:113:82:132":17,"b:84:9:84:21:84:21:84:31:84:31:85:Infinity":18,"b:84:79:84:88:84:88:84:99":19,"b:88:50:88:60:88:60:88:66":20,"b:91:61:91:72:91:72:91:76":21,"f:91:76:91:91":15,"s:91:91:91:117":49,"f:92:24:92:29":16,"s:93:14:97:Infinity":50,"b:94:73:94:84:94:84:94:88":22,"f:94:88:94:103":17,"s:94:103:94:Infinity":51,"b:100:11:100:Infinity:101:12:101:Infinity":23,"f:101:76:101:91":18,"s:101:91:101:129":52,"f:108:83:108:98":19,"s:108:98:108:Infinity":53,"f:108:98:108:114":20,"s:108:120:108:122":54,"b:111:15:111:Infinity:112:16:112:Infinity":24,"f:112:72:112:87":21,"s:112:87:112:111":55,"b:114:15:114:Infinity:115:16:115:Infinity":25,"f:115:83:115:98":22,"s:115:98:115:124":56,"f:120:57:120:68":23,"s:120:78:120:Infinity":57,"b:120:127:120:132:120:132:120:152":26,"f:121:39:121:44":24,"s:121:65:121:111":58,"b:126:11:126:20:126:20:126:Infinity":27,"b:129:12:130:22:130:14:141:Infinity":28,"f:129:66:129:70":25,"s:129:79:129:110":59,"b:131:12:139:13:139:12:141:Infinity":29,"b:130:14:130:38:130:38:130:Infinity":30,"b:134:23:134:37:134:37:134:Infinity":31,"f:134:87:134:102":26,"s:134:102:134:140":60,"b:136:28:136:68:136:68:136:Infinity":32,"f:140:23:140:28":27,"s:140:40:140:91":61,"b:144:11:144:Infinity:145:12:151:Infinity":33,"f:146:57:146:72":28,"s:146:72:146:108":62,"f:147:53:147:57":29,"s:147:66:147:71":63,"f:147:73:147:78":30,"s:148:16:148:Infinity":64,"b:148:70:148:81:148:81:148:85":34,"f:148:85:148:100":31,"s:148:100:148:129":65,"b:148:156:148:165:148:165:148:177":35,"f:150:72:150:87":32,"s:150:87:150:123":66},"fnNames":{}}}
}
