{"C:\\Users\\missr\\OneDrive - belgiumcampus.ac.za\\Desktop\\Uni\\Projects\\11. SEN371\\main-project\\SEN371\\backend\\app.js": {"path":"C:\\Users\\missr\\OneDrive - belgiumcampus.ac.za\\Desktop\\Uni\\Projects\\11. SEN371\\main-project\\SEN371\\backend\\app.js","statementMap":{"0":{"start":{"line":1,"column":12},"end":{"line":1,"column":26}},"1":{"start":{"line":2,"column":0},"end":{"line":2,"column":39}},"2":{"start":{"line":3,"column":0},"end":{"line":3,"column":27}},"3":{"start":{"line":5,"column":16},"end":{"line":5,"column":34}},"4":{"start":{"line":6,"column":13},"end":{"line":6,"column":28}},"5":{"start":{"line":7,"column":35},"end":{"line":7,"column":71}},"6":{"start":{"line":9,"column":12},"end":{"line":9,"column":21}},"7":{"start":{"line":10,"column":0},"end":{"line":10,"column":16}},"8":{"start":{"line":11,"column":0},"end":{"line":11,"column":24}},"9":{"start":{"line":13,"column":0},"end":{"line":15,"column":3}},"10":{"start":{"line":14,"column":2},"end":{"line":14,"column":32}},"11":{"start":{"line":17,"column":19},"end":{"line":17,"column":49}},"12":{"start":{"line":18,"column":19},"end":{"line":18,"column":49}},"13":{"start":{"line":19,"column":22},"end":{"line":19,"column":55}},"14":{"start":{"line":20,"column":20},"end":{"line":20,"column":51}},"15":{"start":{"line":21,"column":19},"end":{"line":21,"column":49}},"16":{"start":{"line":22,"column":23},"end":{"line":22,"column":57}},"17":{"start":{"line":23,"column":23},"end":{"line":23,"column":57}},"18":{"start":{"line":25,"column":0},"end":{"line":25,"column":33}},"19":{"start":{"line":26,"column":0},"end":{"line":26,"column":34}},"20":{"start":{"line":27,"column":0},"end":{"line":27,"column":40}},"21":{"start":{"line":28,"column":0},"end":{"line":28,"column":36}},"22":{"start":{"line":29,"column":0},"end":{"line":29,"column":43}},"23":{"start":{"line":30,"column":0},"end":{"line":30,"column":33}},"24":{"start":{"line":31,"column":0},"end":{"line":31,"column":41}},"25":{"start":{"line":33,"column":0},"end":{"line":33,"column":18}},"26":{"start":{"line":34,"column":0},"end":{"line":34,"column":22}},"27":{"start":{"line":36,"column":0},"end":{"line":36,"column":21}}},"fnMap":{"0":{"name":"(anonymous_0)","decl":{"start":{"line":13,"column":13},"end":{"line":13,"column":14}},"loc":{"start":{"line":13,"column":27},"end":{"line":15,"column":1}},"line":13}},"branchMap":{},"s":{"0":1,"1":1,"2":1,"3":1,"4":1,"5":1,"6":1,"7":1,"8":1,"9":1,"10":1,"11":1,"12":1,"13":1,"14":1,"15":1,"16":1,"17":1,"18":1,"19":1,"20":1,"21":1,"22":1,"23":1,"24":1,"25":1,"26":1,"27":1},"f":{"0":1},"b":{},"_coverageSchema":"1a1c01bbd47fc00a2c39e90264f33305004495a9","hash":"12fd53e9ac82b23f675f0602ea797e6bd3b204ff"}
,"C:\\Users\\missr\\OneDrive - belgiumcampus.ac.za\\Desktop\\Uni\\Projects\\11. SEN371\\main-project\\SEN371\\backend\\controllers\\authController.js": {"path":"C:\\Users\\missr\\OneDrive - belgiumcampus.ac.za\\Desktop\\Uni\\Projects\\11. SEN371\\main-project\\SEN371\\backend\\controllers\\authController.js","statementMap":{"0":{"start":{"line":1,"column":13},"end":{"line":1,"column":38}},"1":{"start":{"line":6,"column":4},"end":{"line":6,"column":38}},"2":{"start":{"line":8,"column":17},"end":{"line":56,"column":1}},"3":{"start":{"line":9,"column":2},"end":{"line":55,"column":3}},"4":{"start":{"line":10,"column":55},"end":{"line":10,"column":63}},"5":{"start":{"line":12,"column":4},"end":{"line":16,"column":5}},"6":{"start":{"line":13,"column":20},"end":{"line":13,"column":56}},"7":{"start":{"line":14,"column":6},"end":{"line":14,"column":29}},"8":{"start":{"line":15,"column":6},"end":{"line":15,"column":18}},"9":{"start":{"line":18,"column":4},"end":{"line":22,"column":5}},"10":{"start":{"line":19,"column":20},"end":{"line":19,"column":71}},"11":{"start":{"line":20,"column":6},"end":{"line":20,"column":29}},"12":{"start":{"line":21,"column":6},"end":{"line":21,"column":18}},"13":{"start":{"line":24,"column":25},"end":{"line":24,"column":54}},"14":{"start":{"line":25,"column":4},"end":{"line":29,"column":5}},"15":{"start":{"line":26,"column":20},"end":{"line":26,"column":53}},"16":{"start":{"line":27,"column":6},"end":{"line":27,"column":29}},"17":{"start":{"line":28,"column":6},"end":{"line":28,"column":18}},"18":{"start":{"line":31,"column":17},"end":{"line":36,"column":6}},"19":{"start":{"line":38,"column":4},"end":{"line":48,"column":7}},"20":{"start":{"line":50,"column":4},"end":{"line":53,"column":5}},"21":{"start":{"line":51,"column":6},"end":{"line":51,"column":29}},"22":{"start":{"line":52,"column":6},"end":{"line":52,"column":45}},"23":{"start":{"line":54,"column":4},"end":{"line":54,"column":16}},"24":{"start":{"line":58,"column":14},"end":{"line":96,"column":1}},"25":{"start":{"line":59,"column":2},"end":{"line":95,"column":3}},"26":{"start":{"line":60,"column":32},"end":{"line":60,"column":40}},"27":{"start":{"line":62,"column":4},"end":{"line":66,"column":5}},"28":{"start":{"line":63,"column":20},"end":{"line":63,"column":64}},"29":{"start":{"line":64,"column":6},"end":{"line":64,"column":29}},"30":{"start":{"line":65,"column":6},"end":{"line":65,"column":18}},"31":{"start":{"line":68,"column":17},"end":{"line":68,"column":46}},"32":{"start":{"line":69,"column":4},"end":{"line":73,"column":5}},"33":{"start":{"line":70,"column":20},"end":{"line":70,"column":58}},"34":{"start":{"line":71,"column":6},"end":{"line":71,"column":29}},"35":{"start":{"line":72,"column":6},"end":{"line":72,"column":18}},"36":{"start":{"line":75,"column":20},"end":{"line":75,"column":71}},"37":{"start":{"line":76,"column":4},"end":{"line":80,"column":5}},"38":{"start":{"line":77,"column":20},"end":{"line":77,"column":58}},"39":{"start":{"line":78,"column":6},"end":{"line":78,"column":29}},"40":{"start":{"line":79,"column":6},"end":{"line":79,"column":18}},"41":{"start":{"line":82,"column":4},"end":{"line":92,"column":7}},"42":{"start":{"line":94,"column":4},"end":{"line":94,"column":16}},"43":{"start":{"line":98,"column":0},"end":{"line":98,"column":37}}},"fnMap":{"0":{"name":"(anonymous_0)","decl":{"start":{"line":8,"column":17},"end":{"line":8,"column":18}},"loc":{"start":{"line":8,"column":43},"end":{"line":56,"column":1}},"line":8},"1":{"name":"(anonymous_1)","decl":{"start":{"line":58,"column":14},"end":{"line":58,"column":15}},"loc":{"start":{"line":58,"column":40},"end":{"line":96,"column":1}},"line":58}},"branchMap":{"0":{"loc":{"start":{"line":12,"column":4},"end":{"line":16,"column":5}},"type":"if","locations":[{"start":{"line":12,"column":4},"end":{"line":16,"column":5}},{"start":{},"end":{}}],"line":12},"1":{"loc":{"start":{"line":12,"column":8},"end":{"line":12,"column":56}},"type":"binary-expr","locations":[{"start":{"line":12,"column":8},"end":{"line":12,"column":14}},{"start":{"line":12,"column":18},"end":{"line":12,"column":27}},{"start":{"line":12,"column":31},"end":{"line":12,"column":42}},{"start":{"line":12,"column":46},"end":{"line":12,"column":56}}],"line":12},"2":{"loc":{"start":{"line":18,"column":4},"end":{"line":22,"column":5}},"type":"if","locations":[{"start":{"line":18,"column":4},"end":{"line":22,"column":5}},{"start":{},"end":{}}],"line":18},"3":{"loc":{"start":{"line":25,"column":4},"end":{"line":29,"column":5}},"type":"if","locations":[{"start":{"line":25,"column":4},"end":{"line":29,"column":5}},{"start":{},"end":{}}],"line":25},"4":{"loc":{"start":{"line":50,"column":4},"end":{"line":53,"column":5}},"type":"if","locations":[{"start":{"line":50,"column":4},"end":{"line":53,"column":5}},{"start":{},"end":{}}],"line":50},"5":{"loc":{"start":{"line":62,"column":4},"end":{"line":66,"column":5}},"type":"if","locations":[{"start":{"line":62,"column":4},"end":{"line":66,"column":5}},{"start":{},"end":{}}],"line":62},"6":{"loc":{"start":{"line":62,"column":8},"end":{"line":62,"column":27}},"type":"binary-expr","locations":[{"start":{"line":62,"column":8},"end":{"line":62,"column":14}},{"start":{"line":62,"column":18},"end":{"line":62,"column":27}}],"line":62},"7":{"loc":{"start":{"line":69,"column":4},"end":{"line":73,"column":5}},"type":"if","locations":[{"start":{"line":69,"column":4},"end":{"line":73,"column":5}},{"start":{},"end":{}}],"line":69},"8":{"loc":{"start":{"line":76,"column":4},"end":{"line":80,"column":5}},"type":"if","locations":[{"start":{"line":76,"column":4},"end":{"line":80,"column":5}},{"start":{},"end":{}}],"line":76}},"s":{"0":1,"1":1,"2":1,"3":2,"4":2,"5":2,"6":0,"7":0,"8":0,"9":2,"10":0,"11":0,"12":0,"13":2,"14":2,"15":0,"16":0,"17":0,"18":2,"19":2,"20":0,"21":0,"22":0,"23":0,"24":1,"25":0,"26":0,"27":0,"28":0,"29":0,"30":0,"31":0,"32":0,"33":0,"34":0,"35":0,"36":0,"37":0,"38":0,"39":0,"40":0,"41":0,"42":0,"43":1},"f":{"0":2,"1":0},"b":{"0":[0,2],"1":[2,2,2,2],"2":[0,2],"3":[0,2],"4":[0,0],"5":[0,0],"6":[0,0],"7":[0,0],"8":[0,0]},"_coverageSchema":"1a1c01bbd47fc00a2c39e90264f33305004495a9","hash":"7de13d8660272ec3cf938db5f584a710e514320a"}
,"C:\\Users\\missr\\OneDrive - belgiumcampus.ac.za\\Desktop\\Uni\\Projects\\11. SEN371\\main-project\\SEN371\\backend\\controllers\\cartController.js": {"path":"C:\\Users\\missr\\OneDrive - belgiumcampus.ac.za\\Desktop\\Uni\\Projects\\11. SEN371\\main-project\\SEN371\\backend\\controllers\\cartController.js","statementMap":{"0":{"start":{"line":1,"column":13},"end":{"line":1,"column":38}},"1":{"start":{"line":2,"column":16},"end":{"line":2,"column":44}},"2":{"start":{"line":3,"column":18},"end":{"line":3,"column":47}},"3":{"start":{"line":4,"column":25},"end":{"line":4,"column":56}},"4":{"start":{"line":9,"column":28},"end":{"line":9,"column":68}},"5":{"start":{"line":15,"column":24},"end":{"line":20,"column":3}},"6":{"start":{"line":16,"column":2},"end":{"line":20,"column":3}},"7":{"start":{"line":24,"column":22},"end":{"line":32,"column":1}},"8":{"start":{"line":25,"column":19},"end":{"line":25,"column":32}},"9":{"start":{"line":27,"column":2},"end":{"line":29,"column":3}},"10":{"start":{"line":28,"column":4},"end":{"line":28,"column":73}},"11":{"start":{"line":31,"column":2},"end":{"line":31,"column":18}},"12":{"start":{"line":34,"column":22},"end":{"line":41,"column":1}},"13":{"start":{"line":35,"column":2},"end":{"line":40,"column":3}},"14":{"start":{"line":36,"column":4},"end":{"line":39,"column":6}},"15":{"start":{"line":45,"column":25},"end":{"line":66,"column":1}},"16":{"start":{"line":46,"column":18},"end":{"line":46,"column":51}},"17":{"start":{"line":47,"column":15},"end":{"line":47,"column":44}},"18":{"start":{"line":49,"column":23},"end":{"line":51,"column":3}},"19":{"start":{"line":50,"column":14},"end":{"line":50,"column":67}},"20":{"start":{"line":55,"column":22},"end":{"line":55,"column":80}},"21":{"start":{"line":56,"column":2},"end":{"line":56,"column":38}},"22":{"start":{"line":58,"column":2},"end":{"line":62,"column":3}},"23":{"start":{"line":59,"column":4},"end":{"line":59,"column":40}},"24":{"start":{"line":61,"column":4},"end":{"line":61,"column":59}},"25":{"start":{"line":64,"column":2},"end":{"line":64,"column":20}},"26":{"start":{"line":65,"column":2},"end":{"line":65,"column":14}},"27":{"start":{"line":68,"column":16},"end":{"line":77,"column":1}},"28":{"start":{"line":69,"column":2},"end":{"line":76,"column":3}},"29":{"start":{"line":70,"column":17},"end":{"line":70,"column":52}},"30":{"start":{"line":71,"column":4},"end":{"line":71,"column":65}},"31":{"start":{"line":73,"column":4},"end":{"line":73,"column":38}},"32":{"start":{"line":75,"column":4},"end":{"line":75,"column":16}},"33":{"start":{"line":79,"column":18},"end":{"line":95,"column":1}},"34":{"start":{"line":80,"column":2},"end":{"line":94,"column":3}},"35":{"start":{"line":81,"column":27},"end":{"line":81,"column":35}},"36":{"start":{"line":83,"column":4},"end":{"line":85,"column":5}},"37":{"start":{"line":84,"column":6},"end":{"line":84,"column":53}},"38":{"start":{"line":87,"column":21},"end":{"line":87,"column":58}},"39":{"start":{"line":88,"column":17},"end":{"line":88,"column":75}},"40":{"start":{"line":89,"column":4},"end":{"line":89,"column":65}},"41":{"start":{"line":91,"column":4},"end":{"line":91,"column":50}},"42":{"start":{"line":93,"column":4},"end":{"line":93,"column":16}},"43":{"start":{"line":97,"column":23},"end":{"line":122,"column":1}},"44":{"start":{"line":98,"column":2},"end":{"line":121,"column":3}},"45":{"start":{"line":99,"column":21},"end":{"line":99,"column":53}},"46":{"start":{"line":100,"column":17},"end":{"line":100,"column":52}},"47":{"start":{"line":102,"column":17},"end":{"line":104,"column":5}},"48":{"start":{"line":103,"column":20},"end":{"line":103,"column":75}},"49":{"start":{"line":106,"column":4},"end":{"line":108,"column":5}},"50":{"start":{"line":107,"column":6},"end":{"line":107,"column":63}},"51":{"start":{"line":112,"column":4},"end":{"line":112,"column":69}},"52":{"start":{"line":113,"column":4},"end":{"line":113,"column":29}},"53":{"start":{"line":115,"column":4},"end":{"line":115,"column":22}},"54":{"start":{"line":116,"column":4},"end":{"line":116,"column":65}},"55":{"start":{"line":118,"column":4},"end":{"line":118,"column":38}},"56":{"start":{"line":120,"column":4},"end":{"line":120,"column":16}},"57":{"start":{"line":124,"column":23},"end":{"line":144,"column":1}},"58":{"start":{"line":125,"column":2},"end":{"line":143,"column":3}},"59":{"start":{"line":126,"column":17},"end":{"line":126,"column":52}},"60":{"start":{"line":128,"column":17},"end":{"line":130,"column":5}},"61":{"start":{"line":129,"column":20},"end":{"line":129,"column":75}},"62":{"start":{"line":132,"column":4},"end":{"line":134,"column":5}},"63":{"start":{"line":133,"column":6},"end":{"line":133,"column":63}},"64":{"start":{"line":136,"column":4},"end":{"line":136,"column":30}},"65":{"start":{"line":137,"column":4},"end":{"line":137,"column":22}},"66":{"start":{"line":138,"column":4},"end":{"line":138,"column":65}},"67":{"start":{"line":140,"column":4},"end":{"line":140,"column":38}},"68":{"start":{"line":142,"column":4},"end":{"line":142,"column":16}},"69":{"start":{"line":148,"column":18},"end":{"line":158,"column":1}},"70":{"start":{"line":149,"column":2},"end":{"line":157,"column":3}},"71":{"start":{"line":150,"column":17},"end":{"line":150,"column":52}},"72":{"start":{"line":151,"column":4},"end":{"line":151,"column":20}},"73":{"start":{"line":152,"column":4},"end":{"line":152,"column":22}},"74":{"start":{"line":154,"column":4},"end":{"line":154,"column":38}},"75":{"start":{"line":156,"column":4},"end":{"line":156,"column":16}},"76":{"start":{"line":160,"column":0},"end":{"line":167,"column":2}}},"fnMap":{"0":{"name":"(anonymous_0)","decl":{"start":{"line":15,"column":24},"end":{"line":15,"column":25}},"loc":{"start":{"line":16,"column":2},"end":{"line":20,"column":3}},"line":16},"1":{"name":"(anonymous_1)","decl":{"start":{"line":24,"column":22},"end":{"line":24,"column":23}},"loc":{"start":{"line":24,"column":33},"end":{"line":32,"column":1}},"line":24},"2":{"name":"(anonymous_2)","decl":{"start":{"line":34,"column":22},"end":{"line":34,"column":23}},"loc":{"start":{"line":34,"column":45},"end":{"line":41,"column":1}},"line":34},"3":{"name":"(anonymous_3)","decl":{"start":{"line":45,"column":25},"end":{"line":45,"column":26}},"loc":{"start":{"line":45,"column":64},"end":{"line":66,"column":1}},"line":45},"4":{"name":"(anonymous_4)","decl":{"start":{"line":50,"column":4},"end":{"line":50,"column":5}},"loc":{"start":{"line":50,"column":14},"end":{"line":50,"column":67}},"line":50},"5":{"name":"(anonymous_5)","decl":{"start":{"line":68,"column":16},"end":{"line":68,"column":17}},"loc":{"start":{"line":68,"column":42},"end":{"line":77,"column":1}},"line":68},"6":{"name":"(anonymous_6)","decl":{"start":{"line":79,"column":18},"end":{"line":79,"column":19}},"loc":{"start":{"line":79,"column":44},"end":{"line":95,"column":1}},"line":79},"7":{"name":"(anonymous_7)","decl":{"start":{"line":97,"column":23},"end":{"line":97,"column":24}},"loc":{"start":{"line":97,"column":49},"end":{"line":122,"column":1}},"line":97},"8":{"name":"(anonymous_8)","decl":{"start":{"line":103,"column":6},"end":{"line":103,"column":7}},"loc":{"start":{"line":103,"column":20},"end":{"line":103,"column":75}},"line":103},"9":{"name":"(anonymous_9)","decl":{"start":{"line":124,"column":23},"end":{"line":124,"column":24}},"loc":{"start":{"line":124,"column":49},"end":{"line":144,"column":1}},"line":124},"10":{"name":"(anonymous_10)","decl":{"start":{"line":129,"column":6},"end":{"line":129,"column":7}},"loc":{"start":{"line":129,"column":20},"end":{"line":129,"column":75}},"line":129},"11":{"name":"(anonymous_11)","decl":{"start":{"line":148,"column":18},"end":{"line":148,"column":19}},"loc":{"start":{"line":148,"column":44},"end":{"line":158,"column":1}},"line":148}},"branchMap":{"0":{"loc":{"start":{"line":27,"column":2},"end":{"line":29,"column":3}},"type":"if","locations":[{"start":{"line":27,"column":2},"end":{"line":29,"column":3}},{"start":{},"end":{}}],"line":27},"1":{"loc":{"start":{"line":27,"column":6},"end":{"line":27,"column":49}},"type":"binary-expr","locations":[{"start":{"line":27,"column":6},"end":{"line":27,"column":33}},{"start":{"line":27,"column":37},"end":{"line":27,"column":49}}],"line":27},"2":{"loc":{"start":{"line":35,"column":2},"end":{"line":40,"column":3}},"type":"if","locations":[{"start":{"line":35,"column":2},"end":{"line":40,"column":3}},{"start":{},"end":{}}],"line":35},"3":{"loc":{"start":{"line":55,"column":22},"end":{"line":55,"column":80}},"type":"cond-expr","locations":[{"start":{"line":55,"column":37},"end":{"line":55,"column":69}},{"start":{"line":55,"column":72},"end":{"line":55,"column":80}}],"line":55},"4":{"loc":{"start":{"line":58,"column":2},"end":{"line":62,"column":3}},"type":"if","locations":[{"start":{"line":58,"column":2},"end":{"line":62,"column":3}},{"start":{"line":60,"column":9},"end":{"line":62,"column":3}}],"line":58},"5":{"loc":{"start":{"line":83,"column":4},"end":{"line":85,"column":5}},"type":"if","locations":[{"start":{"line":83,"column":4},"end":{"line":85,"column":5}},{"start":{},"end":{}}],"line":83},"6":{"loc":{"start":{"line":87,"column":35},"end":{"line":87,"column":57}},"type":"binary-expr","locations":[{"start":{"line":87,"column":35},"end":{"line":87,"column":52}},{"start":{"line":87,"column":56},"end":{"line":87,"column":57}}],"line":87},"7":{"loc":{"start":{"line":106,"column":4},"end":{"line":108,"column":5}},"type":"if","locations":[{"start":{"line":106,"column":4},"end":{"line":108,"column":5}},{"start":{},"end":{}}],"line":106},"8":{"loc":{"start":{"line":132,"column":4},"end":{"line":134,"column":5}},"type":"if","locations":[{"start":{"line":132,"column":4},"end":{"line":134,"column":5}},{"start":{},"end":{}}],"line":132}},"s":{"0":1,"1":1,"2":1,"3":1,"4":1,"5":1,"6":3,"7":1,"8":1,"9":1,"10":0,"11":1,"12":1,"13":1,"14":0,"15":1,"16":1,"17":1,"18":1,"19":0,"20":1,"21":1,"22":1,"23":0,"24":1,"25":1,"26":1,"27":1,"28":2,"29":2,"30":2,"31":2,"32":0,"33":1,"34":1,"35":1,"36":1,"37":0,"38":1,"39":1,"40":1,"41":1,"42":0,"43":1,"44":0,"45":0,"46":0,"47":0,"48":0,"49":0,"50":0,"51":0,"52":0,"53":0,"54":0,"55":0,"56":0,"57":1,"58":0,"59":0,"60":0,"61":0,"62":0,"63":0,"64":0,"65":0,"66":0,"67":0,"68":0,"69":1,"70":0,"71":0,"72":0,"73":0,"74":0,"75":0,"76":1},"f":{"0":3,"1":1,"2":1,"3":1,"4":0,"5":2,"6":1,"7":0,"8":0,"9":0,"10":0,"11":0},"b":{"0":[0,1],"1":[1,1],"2":[0,1],"3":[0,1],"4":[0,1],"5":[0,1],"6":[1,0],"7":[0,0],"8":[0,0]},"_coverageSchema":"1a1c01bbd47fc00a2c39e90264f33305004495a9","hash":"07a94abac547c9ad95be836fe033949cdcafdce8"}
,"C:\\Users\\missr\\OneDrive - belgiumcampus.ac.za\\Desktop\\Uni\\Projects\\11. SEN371\\main-project\\SEN371\\backend\\controllers\\categoryController.js": {"path":"C:\\Users\\missr\\OneDrive - belgiumcampus.ac.za\\Desktop\\Uni\\Projects\\11. SEN371\\main-project\\SEN371\\backend\\controllers\\categoryController.js","statementMap":{"0":{"start":{"line":1,"column":17},"end":{"line":1,"column":46}},"1":{"start":{"line":3,"column":23},"end":{"line":10,"column":1}},"2":{"start":{"line":4,"column":2},"end":{"line":9,"column":3}},"3":{"start":{"line":5,"column":23},"end":{"line":5,"column":62}},"4":{"start":{"line":6,"column":4},"end":{"line":6,"column":44}},"5":{"start":{"line":8,"column":4},"end":{"line":8,"column":16}},"6":{"start":{"line":12,"column":20},"end":{"line":24,"column":1}},"7":{"start":{"line":13,"column":2},"end":{"line":23,"column":3}},"8":{"start":{"line":14,"column":21},"end":{"line":14,"column":59}},"9":{"start":{"line":15,"column":4},"end":{"line":19,"column":5}},"10":{"start":{"line":16,"column":20},"end":{"line":16,"column":51}},"11":{"start":{"line":17,"column":6},"end":{"line":17,"column":29}},"12":{"start":{"line":18,"column":6},"end":{"line":18,"column":18}},"13":{"start":{"line":20,"column":4},"end":{"line":20,"column":42}},"14":{"start":{"line":22,"column":4},"end":{"line":22,"column":16}},"15":{"start":{"line":26,"column":23},"end":{"line":33,"column":1}},"16":{"start":{"line":27,"column":2},"end":{"line":32,"column":3}},"17":{"start":{"line":28,"column":21},"end":{"line":28,"column":52}},"18":{"start":{"line":29,"column":4},"end":{"line":29,"column":54}},"19":{"start":{"line":31,"column":4},"end":{"line":31,"column":16}},"20":{"start":{"line":35,"column":23},"end":{"line":51,"column":1}},"21":{"start":{"line":36,"column":2},"end":{"line":50,"column":3}},"22":{"start":{"line":37,"column":21},"end":{"line":41,"column":5}},"23":{"start":{"line":42,"column":4},"end":{"line":46,"column":5}},"24":{"start":{"line":43,"column":20},"end":{"line":43,"column":51}},"25":{"start":{"line":44,"column":6},"end":{"line":44,"column":29}},"26":{"start":{"line":45,"column":6},"end":{"line":45,"column":18}},"27":{"start":{"line":47,"column":4},"end":{"line":47,"column":42}},"28":{"start":{"line":49,"column":4},"end":{"line":49,"column":16}},"29":{"start":{"line":53,"column":23},"end":{"line":65,"column":1}},"30":{"start":{"line":54,"column":2},"end":{"line":64,"column":3}},"31":{"start":{"line":55,"column":21},"end":{"line":55,"column":68}},"32":{"start":{"line":56,"column":4},"end":{"line":60,"column":5}},"33":{"start":{"line":57,"column":20},"end":{"line":57,"column":51}},"34":{"start":{"line":58,"column":6},"end":{"line":58,"column":29}},"35":{"start":{"line":59,"column":6},"end":{"line":59,"column":18}},"36":{"start":{"line":61,"column":4},"end":{"line":61,"column":74}},"37":{"start":{"line":63,"column":4},"end":{"line":63,"column":16}},"38":{"start":{"line":67,"column":0},"end":{"line":73,"column":2}}},"fnMap":{"0":{"name":"(anonymous_0)","decl":{"start":{"line":3,"column":23},"end":{"line":3,"column":24}},"loc":{"start":{"line":3,"column":49},"end":{"line":10,"column":1}},"line":3},"1":{"name":"(anonymous_1)","decl":{"start":{"line":12,"column":20},"end":{"line":12,"column":21}},"loc":{"start":{"line":12,"column":46},"end":{"line":24,"column":1}},"line":12},"2":{"name":"(anonymous_2)","decl":{"start":{"line":26,"column":23},"end":{"line":26,"column":24}},"loc":{"start":{"line":26,"column":49},"end":{"line":33,"column":1}},"line":26},"3":{"name":"(anonymous_3)","decl":{"start":{"line":35,"column":23},"end":{"line":35,"column":24}},"loc":{"start":{"line":35,"column":49},"end":{"line":51,"column":1}},"line":35},"4":{"name":"(anonymous_4)","decl":{"start":{"line":53,"column":23},"end":{"line":53,"column":24}},"loc":{"start":{"line":53,"column":49},"end":{"line":65,"column":1}},"line":53}},"branchMap":{"0":{"loc":{"start":{"line":15,"column":4},"end":{"line":19,"column":5}},"type":"if","locations":[{"start":{"line":15,"column":4},"end":{"line":19,"column":5}},{"start":{},"end":{}}],"line":15},"1":{"loc":{"start":{"line":42,"column":4},"end":{"line":46,"column":5}},"type":"if","locations":[{"start":{"line":42,"column":4},"end":{"line":46,"column":5}},{"start":{},"end":{}}],"line":42},"2":{"loc":{"start":{"line":56,"column":4},"end":{"line":60,"column":5}},"type":"if","locations":[{"start":{"line":56,"column":4},"end":{"line":60,"column":5}},{"start":{},"end":{}}],"line":56}},"s":{"0":1,"1":1,"2":0,"3":0,"4":0,"5":0,"6":1,"7":0,"8":0,"9":0,"10":0,"11":0,"12":0,"13":0,"14":0,"15":1,"16":0,"17":0,"18":0,"19":0,"20":1,"21":0,"22":0,"23":0,"24":0,"25":0,"26":0,"27":0,"28":0,"29":1,"30":0,"31":0,"32":0,"33":0,"34":0,"35":0,"36":0,"37":0,"38":1},"f":{"0":0,"1":0,"2":0,"3":0,"4":0},"b":{"0":[0,0],"1":[0,0],"2":[0,0]},"_coverageSchema":"1a1c01bbd47fc00a2c39e90264f33305004495a9","hash":"0022d22feb397e622e372c0cc1b0859b45534b16"}
,"C:\\Users\\missr\\OneDrive - belgiumcampus.ac.za\\Desktop\\Uni\\Projects\\11. SEN371\\main-project\\SEN371\\backend\\controllers\\orderController.js": {"path":"C:\\Users\\missr\\OneDrive - belgiumcampus.ac.za\\Desktop\\Uni\\Projects\\11. SEN371\\main-project\\SEN371\\backend\\controllers\\orderController.js","statementMap":{"0":{"start":{"line":1,"column":14},"end":{"line":1,"column":40}},"1":{"start":{"line":2,"column":13},"end":{"line":2,"column":38}},"2":{"start":{"line":3,"column":16},"end":{"line":3,"column":44}},"3":{"start":{"line":5,"column":20},"end":{"line":57,"column":1}},"4":{"start":{"line":6,"column":2},"end":{"line":56,"column":3}},"5":{"start":{"line":7,"column":17},"end":{"line":7,"column":91}},"6":{"start":{"line":9,"column":4},"end":{"line":13,"column":5}},"7":{"start":{"line":10,"column":20},"end":{"line":10,"column":51}},"8":{"start":{"line":11,"column":6},"end":{"line":11,"column":29}},"9":{"start":{"line":12,"column":6},"end":{"line":12,"column":18}},"10":{"start":{"line":15,"column":27},"end":{"line":15,"column":28}},"11":{"start":{"line":16,"column":23},"end":{"line":25,"column":6}},"12":{"start":{"line":17,"column":27},"end":{"line":17,"column":54}},"13":{"start":{"line":18,"column":6},"end":{"line":18,"column":55}},"14":{"start":{"line":20,"column":6},"end":{"line":24,"column":8}},"15":{"start":{"line":27,"column":21},"end":{"line":27,"column":44}},"16":{"start":{"line":29,"column":6},"end":{"line":41,"column":19}},"17":{"start":{"line":43,"column":18},"end":{"line":50,"column":6}},"18":{"start":{"line":52,"column":4},"end":{"line":52,"column":59}},"19":{"start":{"line":53,"column":4},"end":{"line":53,"column":51}},"20":{"start":{"line":55,"column":4},"end":{"line":55,"column":16}},"21":{"start":{"line":59,"column":23},"end":{"line":92,"column":1}},"22":{"start":{"line":60,"column":2},"end":{"line":91,"column":3}},"23":{"start":{"line":61,"column":31},"end":{"line":61,"column":39}},"24":{"start":{"line":62,"column":18},"end":{"line":62,"column":53}},"25":{"start":{"line":64,"column":4},"end":{"line":68,"column":5}},"26":{"start":{"line":65,"column":20},"end":{"line":65,"column":48}},"27":{"start":{"line":66,"column":6},"end":{"line":66,"column":29}},"28":{"start":{"line":67,"column":6},"end":{"line":67,"column":18}},"29":{"start":{"line":70,"column":4},"end":{"line":74,"column":5}},"30":{"start":{"line":71,"column":20},"end":{"line":71,"column":69}},"31":{"start":{"line":72,"column":6},"end":{"line":72,"column":29}},"32":{"start":{"line":73,"column":6},"end":{"line":73,"column":18}},"33":{"start":{"line":76,"column":30},"end":{"line":76,"column":78}},"34":{"start":{"line":78,"column":20},"end":{"line":84,"column":6}},"35":{"start":{"line":86,"column":4},"end":{"line":86,"column":32}},"36":{"start":{"line":87,"column":4},"end":{"line":87,"column":23}},"37":{"start":{"line":88,"column":4},"end":{"line":88,"column":48}},"38":{"start":{"line":90,"column":4},"end":{"line":90,"column":16}},"39":{"start":{"line":94,"column":22},"end":{"line":103,"column":1}},"40":{"start":{"line":95,"column":2},"end":{"line":102,"column":3}},"41":{"start":{"line":96,"column":19},"end":{"line":98,"column":31}},"42":{"start":{"line":99,"column":4},"end":{"line":99,"column":40}},"43":{"start":{"line":101,"column":4},"end":{"line":101,"column":16}},"44":{"start":{"line":105,"column":0},"end":{"line":105,"column":64}}},"fnMap":{"0":{"name":"(anonymous_0)","decl":{"start":{"line":5,"column":20},"end":{"line":5,"column":21}},"loc":{"start":{"line":5,"column":46},"end":{"line":57,"column":1}},"line":5},"1":{"name":"(anonymous_1)","decl":{"start":{"line":16,"column":38},"end":{"line":16,"column":39}},"loc":{"start":{"line":16,"column":48},"end":{"line":25,"column":5}},"line":16},"2":{"name":"(anonymous_2)","decl":{"start":{"line":59,"column":23},"end":{"line":59,"column":24}},"loc":{"start":{"line":59,"column":49},"end":{"line":92,"column":1}},"line":59},"3":{"name":"(anonymous_3)","decl":{"start":{"line":94,"column":22},"end":{"line":94,"column":23}},"loc":{"start":{"line":94,"column":48},"end":{"line":103,"column":1}},"line":94}},"branchMap":{"0":{"loc":{"start":{"line":9,"column":4},"end":{"line":13,"column":5}},"type":"if","locations":[{"start":{"line":9,"column":4},"end":{"line":13,"column":5}},{"start":{},"end":{}}],"line":9},"1":{"loc":{"start":{"line":9,"column":8},"end":{"line":9,"column":40}},"type":"binary-expr","locations":[{"start":{"line":9,"column":8},"end":{"line":9,"column":13}},{"start":{"line":9,"column":17},"end":{"line":9,"column":40}}],"line":9},"2":{"loc":{"start":{"line":27,"column":21},"end":{"line":27,"column":44}},"type":"binary-expr","locations":[{"start":{"line":27,"column":21},"end":{"line":27,"column":38}},{"start":{"line":27,"column":42},"end":{"line":27,"column":44}}],"line":27},"3":{"loc":{"start":{"line":29,"column":6},"end":{"line":41,"column":19}},"type":"cond-expr","locations":[{"start":{"line":34,"column":10},"end":{"line":40,"column":11}},{"start":{"line":41,"column":10},"end":{"line":41,"column":19}}],"line":29},"4":{"loc":{"start":{"line":29,"column":6},"end":{"line":33,"column":26}},"type":"binary-expr","locations":[{"start":{"line":29,"column":6},"end":{"line":29,"column":24}},{"start":{"line":30,"column":6},"end":{"line":30,"column":20}},{"start":{"line":31,"column":6},"end":{"line":31,"column":29}},{"start":{"line":32,"column":6},"end":{"line":32,"column":19}},{"start":{"line":33,"column":6},"end":{"line":33,"column":26}}],"line":29},"5":{"loc":{"start":{"line":35,"column":23},"end":{"line":35,"column":47}},"type":"binary-expr","locations":[{"start":{"line":35,"column":23},"end":{"line":35,"column":41}},{"start":{"line":35,"column":45},"end":{"line":35,"column":47}}],"line":35},"6":{"loc":{"start":{"line":36,"column":19},"end":{"line":36,"column":39}},"type":"binary-expr","locations":[{"start":{"line":36,"column":19},"end":{"line":36,"column":33}},{"start":{"line":36,"column":37},"end":{"line":36,"column":39}}],"line":36},"7":{"loc":{"start":{"line":37,"column":28},"end":{"line":37,"column":57}},"type":"binary-expr","locations":[{"start":{"line":37,"column":28},"end":{"line":37,"column":51}},{"start":{"line":37,"column":55},"end":{"line":37,"column":57}}],"line":37},"8":{"loc":{"start":{"line":38,"column":18},"end":{"line":38,"column":37}},"type":"binary-expr","locations":[{"start":{"line":38,"column":18},"end":{"line":38,"column":31}},{"start":{"line":38,"column":35},"end":{"line":38,"column":37}}],"line":38},"9":{"loc":{"start":{"line":39,"column":25},"end":{"line":39,"column":51}},"type":"binary-expr","locations":[{"start":{"line":39,"column":25},"end":{"line":39,"column":45}},{"start":{"line":39,"column":49},"end":{"line":39,"column":51}}],"line":39},"10":{"loc":{"start":{"line":48,"column":27},"end":{"line":48,"column":63}},"type":"binary-expr","locations":[{"start":{"line":48,"column":27},"end":{"line":48,"column":55}},{"start":{"line":48,"column":59},"end":{"line":48,"column":63}}],"line":48},"11":{"loc":{"start":{"line":49,"column":10},"end":{"line":49,"column":73}},"type":"cond-expr","locations":[{"start":{"line":49,"column":29},"end":{"line":49,"column":68}},{"start":{"line":49,"column":71},"end":{"line":49,"column":73}}],"line":49},"12":{"loc":{"start":{"line":64,"column":4},"end":{"line":68,"column":5}},"type":"if","locations":[{"start":{"line":64,"column":4},"end":{"line":68,"column":5}},{"start":{},"end":{}}],"line":64},"13":{"loc":{"start":{"line":70,"column":4},"end":{"line":74,"column":5}},"type":"if","locations":[{"start":{"line":70,"column":4},"end":{"line":74,"column":5}},{"start":{},"end":{}}],"line":70},"14":{"loc":{"start":{"line":81,"column":22},"end":{"line":81,"column":48}},"type":"binary-expr","locations":[{"start":{"line":81,"column":22},"end":{"line":81,"column":36}},{"start":{"line":81,"column":40},"end":{"line":81,"column":48}}],"line":81}},"s":{"0":1,"1":1,"2":1,"3":1,"4":2,"5":2,"6":2,"7":1,"8":1,"9":1,"10":1,"11":1,"12":1,"13":1,"14":1,"15":1,"16":1,"17":1,"18":1,"19":1,"20":1,"21":1,"22":1,"23":1,"24":1,"25":1,"26":0,"27":0,"28":0,"29":1,"30":0,"31":0,"32":0,"33":1,"34":1,"35":1,"36":1,"37":1,"38":0,"39":1,"40":1,"41":1,"42":1,"43":0,"44":1},"f":{"0":2,"1":1,"2":1,"3":1},"b":{"0":[1,1],"1":[2,2],"2":[1,0],"3":[1,0],"4":[1,0,0,0,0],"5":[1,0],"6":[1,0],"7":[1,0],"8":[1,0],"9":[1,0],"10":[1,1],"11":[1,0],"12":[0,1],"13":[0,1],"14":[1,0]},"_coverageSchema":"1a1c01bbd47fc00a2c39e90264f33305004495a9","hash":"d5bc97443f0dde0fb788fd2d9e0b4da07fd22767"}
,"C:\\Users\\missr\\OneDrive - belgiumcampus.ac.za\\Desktop\\Uni\\Projects\\11. SEN371\\main-project\\SEN371\\backend\\controllers\\productController.js": {"path":"C:\\Users\\missr\\OneDrive - belgiumcampus.ac.za\\Desktop\\Uni\\Projects\\11. SEN371\\main-project\\SEN371\\backend\\controllers\\productController.js","statementMap":{"0":{"start":{"line":1,"column":16},"end":{"line":1,"column":44}},"1":{"start":{"line":2,"column":17},"end":{"line":2,"column":46}},"2":{"start":{"line":4,"column":21},"end":{"line":44,"column":1}},"3":{"start":{"line":5,"column":2},"end":{"line":43,"column":3}},"4":{"start":{"line":6,"column":63},"end":{"line":6,"column":72}},"5":{"start":{"line":7,"column":23},"end":{"line":7,"column":59}},"6":{"start":{"line":8,"column":24},"end":{"line":8,"column":77}},"7":{"start":{"line":10,"column":19},"end":{"line":10,"column":21}},"8":{"start":{"line":11,"column":4},"end":{"line":18,"column":5}},"9":{"start":{"line":12,"column":22},"end":{"line":12,"column":74}},"10":{"start":{"line":13,"column":6},"end":{"line":17,"column":8}},"11":{"start":{"line":20,"column":4},"end":{"line":20,"column":54}},"12":{"start":{"line":20,"column":21},"end":{"line":20,"column":54}},"13":{"start":{"line":22,"column":30},"end":{"line":29,"column":6}},"14":{"start":{"line":31,"column":4},"end":{"line":40,"column":7}},"15":{"start":{"line":42,"column":4},"end":{"line":42,"column":16}},"16":{"start":{"line":46,"column":24},"end":{"line":63,"column":1}},"17":{"start":{"line":47,"column":2},"end":{"line":62,"column":3}},"18":{"start":{"line":48,"column":20},"end":{"line":51,"column":5}},"19":{"start":{"line":53,"column":4},"end":{"line":57,"column":5}},"20":{"start":{"line":54,"column":20},"end":{"line":54,"column":50}},"21":{"start":{"line":55,"column":6},"end":{"line":55,"column":29}},"22":{"start":{"line":56,"column":6},"end":{"line":56,"column":18}},"23":{"start":{"line":59,"column":4},"end":{"line":59,"column":41}},"24":{"start":{"line":61,"column":4},"end":{"line":61,"column":16}},"25":{"start":{"line":65,"column":22},"end":{"line":72,"column":1}},"26":{"start":{"line":66,"column":2},"end":{"line":71,"column":3}},"27":{"start":{"line":67,"column":20},"end":{"line":67,"column":50}},"28":{"start":{"line":68,"column":4},"end":{"line":68,"column":53}},"29":{"start":{"line":70,"column":4},"end":{"line":70,"column":16}},"30":{"start":{"line":74,"column":22},"end":{"line":92,"column":1}},"31":{"start":{"line":75,"column":2},"end":{"line":91,"column":3}},"32":{"start":{"line":76,"column":20},"end":{"line":80,"column":5}},"33":{"start":{"line":82,"column":4},"end":{"line":86,"column":5}},"34":{"start":{"line":83,"column":20},"end":{"line":83,"column":50}},"35":{"start":{"line":84,"column":6},"end":{"line":84,"column":29}},"36":{"start":{"line":85,"column":6},"end":{"line":85,"column":18}},"37":{"start":{"line":88,"column":4},"end":{"line":88,"column":41}},"38":{"start":{"line":90,"column":4},"end":{"line":90,"column":16}},"39":{"start":{"line":94,"column":22},"end":{"line":108,"column":1}},"40":{"start":{"line":95,"column":2},"end":{"line":107,"column":3}},"41":{"start":{"line":96,"column":20},"end":{"line":96,"column":75}},"42":{"start":{"line":98,"column":4},"end":{"line":102,"column":5}},"43":{"start":{"line":99,"column":20},"end":{"line":99,"column":50}},"44":{"start":{"line":100,"column":6},"end":{"line":100,"column":29}},"45":{"start":{"line":101,"column":6},"end":{"line":101,"column":18}},"46":{"start":{"line":104,"column":4},"end":{"line":104,"column":73}},"47":{"start":{"line":106,"column":4},"end":{"line":106,"column":16}},"48":{"start":{"line":110,"column":0},"end":{"line":116,"column":2}}},"fnMap":{"0":{"name":"(anonymous_0)","decl":{"start":{"line":4,"column":21},"end":{"line":4,"column":22}},"loc":{"start":{"line":4,"column":47},"end":{"line":44,"column":1}},"line":4},"1":{"name":"(anonymous_1)","decl":{"start":{"line":46,"column":24},"end":{"line":46,"column":25}},"loc":{"start":{"line":46,"column":50},"end":{"line":63,"column":1}},"line":46},"2":{"name":"(anonymous_2)","decl":{"start":{"line":65,"column":22},"end":{"line":65,"column":23}},"loc":{"start":{"line":65,"column":48},"end":{"line":72,"column":1}},"line":65},"3":{"name":"(anonymous_3)","decl":{"start":{"line":74,"column":22},"end":{"line":74,"column":23}},"loc":{"start":{"line":74,"column":48},"end":{"line":92,"column":1}},"line":74},"4":{"name":"(anonymous_4)","decl":{"start":{"line":94,"column":22},"end":{"line":94,"column":23}},"loc":{"start":{"line":94,"column":48},"end":{"line":108,"column":1}},"line":94}},"branchMap":{"0":{"loc":{"start":{"line":6,"column":12},"end":{"line":6,"column":23}},"type":"default-arg","locations":[{"start":{"line":6,"column":21},"end":{"line":6,"column":23}}],"line":6},"1":{"loc":{"start":{"line":6,"column":38},"end":{"line":6,"column":46}},"type":"default-arg","locations":[{"start":{"line":6,"column":45},"end":{"line":6,"column":46}}],"line":6},"2":{"loc":{"start":{"line":6,"column":48},"end":{"line":6,"column":58}},"type":"default-arg","locations":[{"start":{"line":6,"column":56},"end":{"line":6,"column":58}}],"line":6},"3":{"loc":{"start":{"line":7,"column":32},"end":{"line":7,"column":55}},"type":"binary-expr","locations":[{"start":{"line":7,"column":32},"end":{"line":7,"column":50}},{"start":{"line":7,"column":54},"end":{"line":7,"column":55}}],"line":7},"4":{"loc":{"start":{"line":8,"column":42},"end":{"line":8,"column":67}},"type":"binary-expr","locations":[{"start":{"line":8,"column":42},"end":{"line":8,"column":61}},{"start":{"line":8,"column":65},"end":{"line":8,"column":67}}],"line":8},"5":{"loc":{"start":{"line":11,"column":4},"end":{"line":18,"column":5}},"type":"if","locations":[{"start":{"line":11,"column":4},"end":{"line":18,"column":5}},{"start":{},"end":{}}],"line":11},"6":{"loc":{"start":{"line":20,"column":4},"end":{"line":20,"column":54}},"type":"if","locations":[{"start":{"line":20,"column":4},"end":{"line":20,"column":54}},{"start":{},"end":{}}],"line":20},"7":{"loc":{"start":{"line":53,"column":4},"end":{"line":57,"column":5}},"type":"if","locations":[{"start":{"line":53,"column":4},"end":{"line":57,"column":5}},{"start":{},"end":{}}],"line":53},"8":{"loc":{"start":{"line":82,"column":4},"end":{"line":86,"column":5}},"type":"if","locations":[{"start":{"line":82,"column":4},"end":{"line":86,"column":5}},{"start":{},"end":{}}],"line":82},"9":{"loc":{"start":{"line":98,"column":4},"end":{"line":102,"column":5}},"type":"if","locations":[{"start":{"line":98,"column":4},"end":{"line":102,"column":5}},{"start":{},"end":{}}],"line":98}},"s":{"0":1,"1":1,"2":1,"3":0,"4":0,"5":0,"6":0,"7":0,"8":0,"9":0,"10":0,"11":0,"12":0,"13":0,"14":0,"15":0,"16":1,"17":0,"18":0,"19":0,"20":0,"21":0,"22":0,"23":0,"24":0,"25":1,"26":0,"27":0,"28":0,"29":0,"30":1,"31":0,"32":0,"33":0,"34":0,"35":0,"36":0,"37":0,"38":0,"39":1,"40":0,"41":0,"42":0,"43":0,"44":0,"45":0,"46":0,"47":0,"48":1},"f":{"0":0,"1":0,"2":0,"3":0,"4":0},"b":{"0":[0],"1":[0],"2":[0],"3":[0,0],"4":[0,0],"5":[0,0],"6":[0,0],"7":[0,0],"8":[0,0],"9":[0,0]},"_coverageSchema":"1a1c01bbd47fc00a2c39e90264f33305004495a9","hash":"beb7f3e442671f44e0d283c946cd6341d9fd14b1"}
,"C:\\Users\\missr\\OneDrive - belgiumcampus.ac.za\\Desktop\\Uni\\Projects\\11. SEN371\\main-project\\SEN371\\backend\\controllers\\userController.js": {"path":"C:\\Users\\missr\\OneDrive - belgiumcampus.ac.za\\Desktop\\Uni\\Projects\\11. SEN371\\main-project\\SEN371\\backend\\controllers\\userController.js","statementMap":{"0":{"start":{"line":1,"column":13},"end":{"line":1,"column":38}},"1":{"start":{"line":2,"column":12},"end":{"line":2,"column":35}},"2":{"start":{"line":3,"column":15},"end":{"line":3,"column":34}},"3":{"start":{"line":5,"column":22},"end":{"line":9,"column":1}},"4":{"start":{"line":6,"column":2},"end":{"line":8,"column":5}},"5":{"start":{"line":11,"column":14},"end":{"line":28,"column":1}},"6":{"start":{"line":12,"column":2},"end":{"line":27,"column":3}},"7":{"start":{"line":13,"column":17},"end":{"line":13,"column":75}},"8":{"start":{"line":15,"column":4},"end":{"line":19,"column":5}},"9":{"start":{"line":16,"column":20},"end":{"line":16,"column":47}},"10":{"start":{"line":17,"column":6},"end":{"line":17,"column":29}},"11":{"start":{"line":18,"column":6},"end":{"line":18,"column":18}},"12":{"start":{"line":21,"column":4},"end":{"line":24,"column":7}},"13":{"start":{"line":26,"column":4},"end":{"line":26,"column":16}},"14":{"start":{"line":30,"column":21},"end":{"line":66,"column":1}},"15":{"start":{"line":31,"column":2},"end":{"line":65,"column":3}},"16":{"start":{"line":32,"column":55},"end":{"line":32,"column":63}},"17":{"start":{"line":34,"column":4},"end":{"line":36,"column":5}},"18":{"start":{"line":35,"column":6},"end":{"line":35,"column":72}},"19":{"start":{"line":38,"column":23},"end":{"line":38,"column":52}},"20":{"start":{"line":39,"column":4},"end":{"line":41,"column":5}},"21":{"start":{"line":40,"column":6},"end":{"line":40,"column":70}},"22":{"start":{"line":43,"column":17},"end":{"line":43,"column":41}},"23":{"start":{"line":44,"column":27},"end":{"line":44,"column":60}},"24":{"start":{"line":46,"column":17},"end":{"line":51,"column":6}},"25":{"start":{"line":53,"column":4},"end":{"line":62,"column":5}},"26":{"start":{"line":54,"column":6},"end":{"line":59,"column":9}},"27":{"start":{"line":61,"column":6},"end":{"line":61,"column":61}},"28":{"start":{"line":64,"column":4},"end":{"line":64,"column":16}},"29":{"start":{"line":68,"column":18},"end":{"line":87,"column":1}},"30":{"start":{"line":69,"column":2},"end":{"line":86,"column":3}},"31":{"start":{"line":70,"column":32},"end":{"line":70,"column":40}},"32":{"start":{"line":72,"column":17},"end":{"line":72,"column":46}},"33":{"start":{"line":74,"column":4},"end":{"line":83,"column":5}},"34":{"start":{"line":75,"column":6},"end":{"line":80,"column":9}},"35":{"start":{"line":82,"column":6},"end":{"line":82,"column":63}},"36":{"start":{"line":85,"column":4},"end":{"line":85,"column":16}},"37":{"start":{"line":89,"column":0},"end":{"line":89,"column":52}}},"fnMap":{"0":{"name":"(anonymous_0)","decl":{"start":{"line":5,"column":22},"end":{"line":5,"column":23}},"loc":{"start":{"line":5,"column":30},"end":{"line":9,"column":1}},"line":5},"1":{"name":"(anonymous_1)","decl":{"start":{"line":11,"column":14},"end":{"line":11,"column":15}},"loc":{"start":{"line":11,"column":40},"end":{"line":28,"column":1}},"line":11},"2":{"name":"(anonymous_2)","decl":{"start":{"line":30,"column":21},"end":{"line":30,"column":22}},"loc":{"start":{"line":30,"column":47},"end":{"line":66,"column":1}},"line":30},"3":{"name":"(anonymous_3)","decl":{"start":{"line":68,"column":18},"end":{"line":68,"column":19}},"loc":{"start":{"line":68,"column":44},"end":{"line":87,"column":1}},"line":68}},"branchMap":{"0":{"loc":{"start":{"line":6,"column":26},"end":{"line":6,"column":76}},"type":"binary-expr","locations":[{"start":{"line":6,"column":26},"end":{"line":6,"column":48}},{"start":{"line":6,"column":52},"end":{"line":6,"column":76}}],"line":6},"1":{"loc":{"start":{"line":15,"column":4},"end":{"line":19,"column":5}},"type":"if","locations":[{"start":{"line":15,"column":4},"end":{"line":19,"column":5}},{"start":{},"end":{}}],"line":15},"2":{"loc":{"start":{"line":34,"column":4},"end":{"line":36,"column":5}},"type":"if","locations":[{"start":{"line":34,"column":4},"end":{"line":36,"column":5}},{"start":{},"end":{}}],"line":34},"3":{"loc":{"start":{"line":34,"column":8},"end":{"line":34,"column":56}},"type":"binary-expr","locations":[{"start":{"line":34,"column":8},"end":{"line":34,"column":19}},{"start":{"line":34,"column":23},"end":{"line":34,"column":33}},{"start":{"line":34,"column":37},"end":{"line":34,"column":43}},{"start":{"line":34,"column":47},"end":{"line":34,"column":56}}],"line":34},"4":{"loc":{"start":{"line":39,"column":4},"end":{"line":41,"column":5}},"type":"if","locations":[{"start":{"line":39,"column":4},"end":{"line":41,"column":5}},{"start":{},"end":{}}],"line":39},"5":{"loc":{"start":{"line":53,"column":4},"end":{"line":62,"column":5}},"type":"if","locations":[{"start":{"line":53,"column":4},"end":{"line":62,"column":5}},{"start":{"line":60,"column":11},"end":{"line":62,"column":5}}],"line":53},"6":{"loc":{"start":{"line":74,"column":4},"end":{"line":83,"column":5}},"type":"if","locations":[{"start":{"line":74,"column":4},"end":{"line":83,"column":5}},{"start":{"line":81,"column":11},"end":{"line":83,"column":5}}],"line":74},"7":{"loc":{"start":{"line":74,"column":8},"end":{"line":74,"column":68}},"type":"binary-expr","locations":[{"start":{"line":74,"column":8},"end":{"line":74,"column":12}},{"start":{"line":74,"column":17},"end":{"line":74,"column":67}}],"line":74}},"s":{"0":1,"1":1,"2":1,"3":1,"4":0,"5":1,"6":0,"7":0,"8":0,"9":0,"10":0,"11":0,"12":0,"13":0,"14":1,"15":0,"16":0,"17":0,"18":0,"19":0,"20":0,"21":0,"22":0,"23":0,"24":0,"25":0,"26":0,"27":0,"28":0,"29":1,"30":0,"31":0,"32":0,"33":0,"34":0,"35":0,"36":0,"37":1},"f":{"0":0,"1":0,"2":0,"3":0},"b":{"0":[0,0],"1":[0,0],"2":[0,0],"3":[0,0,0,0],"4":[0,0],"5":[0,0],"6":[0,0],"7":[0,0]},"_coverageSchema":"1a1c01bbd47fc00a2c39e90264f33305004495a9","hash":"7deba2027eb871aa8944cf6c37c478710cb6d8c9"}
,"C:\\Users\\missr\\OneDrive - belgiumcampus.ac.za\\Desktop\\Uni\\Projects\\11. SEN371\\main-project\\SEN371\\backend\\controllers\\wishlistController.js": {"path":"C:\\Users\\missr\\OneDrive - belgiumcampus.ac.za\\Desktop\\Uni\\Projects\\11. SEN371\\main-project\\SEN371\\backend\\controllers\\wishlistController.js","statementMap":{"0":{"start":{"line":1,"column":17},"end":{"line":1,"column":46}},"1":{"start":{"line":2,"column":18},"end":{"line":2,"column":47}},"2":{"start":{"line":3,"column":25},"end":{"line":3,"column":56}},"3":{"start":{"line":4,"column":29},"end":{"line":4,"column":56}},"4":{"start":{"line":6,"column":32},"end":{"line":6,"column":72}},"5":{"start":{"line":10,"column":28},"end":{"line":15,"column":3}},"6":{"start":{"line":11,"column":2},"end":{"line":15,"column":3}},"7":{"start":{"line":17,"column":20},"end":{"line":26,"column":1}},"8":{"start":{"line":18,"column":2},"end":{"line":25,"column":3}},"9":{"start":{"line":19,"column":21},"end":{"line":19,"column":60}},"10":{"start":{"line":20,"column":4},"end":{"line":20,"column":65}},"11":{"start":{"line":22,"column":4},"end":{"line":22,"column":42}},"12":{"start":{"line":24,"column":4},"end":{"line":24,"column":16}},"13":{"start":{"line":28,"column":22},"end":{"line":50,"column":1}},"14":{"start":{"line":29,"column":2},"end":{"line":49,"column":3}},"15":{"start":{"line":30,"column":27},"end":{"line":30,"column":35}},"16":{"start":{"line":32,"column":4},"end":{"line":34,"column":5}},"17":{"start":{"line":33,"column":6},"end":{"line":33,"column":53}},"18":{"start":{"line":36,"column":20},"end":{"line":36,"column":54}},"19":{"start":{"line":40,"column":21},"end":{"line":44,"column":51}},"20":{"start":{"line":46,"column":4},"end":{"line":46,"column":54}},"21":{"start":{"line":48,"column":4},"end":{"line":48,"column":16}},"22":{"start":{"line":52,"column":27},"end":{"line":72,"column":1}},"23":{"start":{"line":53,"column":2},"end":{"line":71,"column":3}},"24":{"start":{"line":54,"column":21},"end":{"line":54,"column":60}},"25":{"start":{"line":56,"column":20},"end":{"line":58,"column":5}},"26":{"start":{"line":57,"column":21},"end":{"line":57,"column":66}},"27":{"start":{"line":60,"column":4},"end":{"line":62,"column":5}},"28":{"start":{"line":61,"column":6},"end":{"line":61,"column":67}},"29":{"start":{"line":64,"column":4},"end":{"line":64,"column":49}},"30":{"start":{"line":65,"column":4},"end":{"line":65,"column":26}},"31":{"start":{"line":66,"column":4},"end":{"line":66,"column":65}},"32":{"start":{"line":68,"column":4},"end":{"line":68,"column":42}},"33":{"start":{"line":70,"column":4},"end":{"line":70,"column":16}},"34":{"start":{"line":77,"column":19},"end":{"line":101,"column":1}},"35":{"start":{"line":78,"column":2},"end":{"line":100,"column":3}},"36":{"start":{"line":79,"column":26},"end":{"line":79,"column":36}},"37":{"start":{"line":80,"column":21},"end":{"line":80,"column":60}},"38":{"start":{"line":82,"column":20},"end":{"line":84,"column":5}},"39":{"start":{"line":83,"column":19},"end":{"line":83,"column":51}},"40":{"start":{"line":86,"column":4},"end":{"line":88,"column":5}},"41":{"start":{"line":87,"column":6},"end":{"line":87,"column":67}},"42":{"start":{"line":90,"column":17},"end":{"line":90,"column":67}},"43":{"start":{"line":92,"column":4},"end":{"line":92,"column":38}},"44":{"start":{"line":93,"column":4},"end":{"line":93,"column":26}},"45":{"start":{"line":94,"column":4},"end":{"line":94,"column":65}},"46":{"start":{"line":95,"column":4},"end":{"line":95,"column":69}},"47":{"start":{"line":97,"column":4},"end":{"line":97,"column":48}},"48":{"start":{"line":99,"column":4},"end":{"line":99,"column":16}},"49":{"start":{"line":103,"column":0},"end":{"line":108,"column":2}}},"fnMap":{"0":{"name":"(anonymous_0)","decl":{"start":{"line":10,"column":28},"end":{"line":10,"column":29}},"loc":{"start":{"line":11,"column":2},"end":{"line":15,"column":3}},"line":11},"1":{"name":"(anonymous_1)","decl":{"start":{"line":17,"column":20},"end":{"line":17,"column":21}},"loc":{"start":{"line":17,"column":46},"end":{"line":26,"column":1}},"line":17},"2":{"name":"(anonymous_2)","decl":{"start":{"line":28,"column":22},"end":{"line":28,"column":23}},"loc":{"start":{"line":28,"column":48},"end":{"line":50,"column":1}},"line":28},"3":{"name":"(anonymous_3)","decl":{"start":{"line":52,"column":27},"end":{"line":52,"column":28}},"loc":{"start":{"line":52,"column":53},"end":{"line":72,"column":1}},"line":52},"4":{"name":"(anonymous_4)","decl":{"start":{"line":57,"column":6},"end":{"line":57,"column":7}},"loc":{"start":{"line":57,"column":21},"end":{"line":57,"column":66}},"line":57},"5":{"name":"(anonymous_5)","decl":{"start":{"line":77,"column":19},"end":{"line":77,"column":20}},"loc":{"start":{"line":77,"column":45},"end":{"line":101,"column":1}},"line":77},"6":{"name":"(anonymous_6)","decl":{"start":{"line":83,"column":6},"end":{"line":83,"column":7}},"loc":{"start":{"line":83,"column":19},"end":{"line":83,"column":51}},"line":83}},"branchMap":{"0":{"loc":{"start":{"line":32,"column":4},"end":{"line":34,"column":5}},"type":"if","locations":[{"start":{"line":32,"column":4},"end":{"line":34,"column":5}},{"start":{},"end":{}}],"line":32},"1":{"loc":{"start":{"line":60,"column":4},"end":{"line":62,"column":5}},"type":"if","locations":[{"start":{"line":60,"column":4},"end":{"line":62,"column":5}},{"start":{},"end":{}}],"line":60},"2":{"loc":{"start":{"line":86,"column":4},"end":{"line":88,"column":5}},"type":"if","locations":[{"start":{"line":86,"column":4},"end":{"line":88,"column":5}},{"start":{},"end":{}}],"line":86}},"s":{"0":1,"1":1,"2":1,"3":1,"4":1,"5":1,"6":0,"7":1,"8":0,"9":0,"10":0,"11":0,"12":0,"13":1,"14":0,"15":0,"16":0,"17":0,"18":0,"19":0,"20":0,"21":0,"22":1,"23":0,"24":0,"25":0,"26":0,"27":0,"28":0,"29":0,"30":0,"31":0,"32":0,"33":0,"34":1,"35":0,"36":0,"37":0,"38":0,"39":0,"40":0,"41":0,"42":0,"43":0,"44":0,"45":0,"46":0,"47":0,"48":0,"49":1},"f":{"0":0,"1":0,"2":0,"3":0,"4":0,"5":0,"6":0},"b":{"0":[0,0],"1":[0,0],"2":[0,0]},"_coverageSchema":"1a1c01bbd47fc00a2c39e90264f33305004495a9","hash":"6135bc69f3f5d731a11c211af24314359bbd721b"}
,"C:\\Users\\missr\\OneDrive - belgiumcampus.ac.za\\Desktop\\Uni\\Projects\\11. SEN371\\main-project\\SEN371\\backend\\middleware\\authMiddleware.js": {"path":"C:\\Users\\missr\\OneDrive - belgiumcampus.ac.za\\Desktop\\Uni\\Projects\\11. SEN371\\main-project\\SEN371\\backend\\middleware\\authMiddleware.js","statementMap":{"0":{"start":{"line":1,"column":24},"end":{"line":1,"column":58}},"1":{"start":{"line":3,"column":16},"end":{"line":22,"column":1}},"2":{"start":{"line":4,"column":21},"end":{"line":4,"column":46}},"3":{"start":{"line":6,"column":2},"end":{"line":10,"column":3}},"4":{"start":{"line":7,"column":18},"end":{"line":7,"column":55}},"5":{"start":{"line":8,"column":4},"end":{"line":8,"column":27}},"6":{"start":{"line":9,"column":4},"end":{"line":9,"column":23}},"7":{"start":{"line":12,"column":16},"end":{"line":12,"column":40}},"8":{"start":{"line":14,"column":2},"end":{"line":21,"column":3}},"9":{"start":{"line":15,"column":4},"end":{"line":15,"column":34}},"10":{"start":{"line":16,"column":4},"end":{"line":16,"column":11}},"11":{"start":{"line":18,"column":4},"end":{"line":18,"column":27}},"12":{"start":{"line":19,"column":4},"end":{"line":19,"column":52}},"13":{"start":{"line":20,"column":4},"end":{"line":20,"column":16}},"14":{"start":{"line":24,"column":0},"end":{"line":24,"column":29}}},"fnMap":{"0":{"name":"(anonymous_0)","decl":{"start":{"line":3,"column":16},"end":{"line":3,"column":17}},"loc":{"start":{"line":3,"column":36},"end":{"line":22,"column":1}},"line":3}},"branchMap":{"0":{"loc":{"start":{"line":6,"column":2},"end":{"line":10,"column":3}},"type":"if","locations":[{"start":{"line":6,"column":2},"end":{"line":10,"column":3}},{"start":{},"end":{}}],"line":6},"1":{"loc":{"start":{"line":6,"column":6},"end":{"line":6,"column":54}},"type":"binary-expr","locations":[{"start":{"line":6,"column":6},"end":{"line":6,"column":17}},{"start":{"line":6,"column":21},"end":{"line":6,"column":54}}],"line":6}},"s":{"0":2,"1":2,"2":10,"3":10,"4":1,"5":1,"6":1,"7":9,"8":9,"9":9,"10":8,"11":1,"12":1,"13":1,"14":2},"f":{"0":10},"b":{"0":[1,9],"1":[10,9]},"_coverageSchema":"1a1c01bbd47fc00a2c39e90264f33305004495a9","hash":"145990cca93d165f8538160ad3221cbfad4de88a"}
,"C:\\Users\\missr\\OneDrive - belgiumcampus.ac.za\\Desktop\\Uni\\Projects\\11. SEN371\\main-project\\SEN371\\backend\\middleware\\errorHandler.js": {"path":"C:\\Users\\missr\\OneDrive - belgiumcampus.ac.za\\Desktop\\Uni\\Projects\\11. SEN371\\main-project\\SEN371\\backend\\middleware\\errorHandler.js","statementMap":{"0":{"start":{"line":2,"column":17},"end":{"line":6,"column":1}},"1":{"start":{"line":3,"column":16},"end":{"line":3,"column":59}},"2":{"start":{"line":4,"column":2},"end":{"line":4,"column":25}},"3":{"start":{"line":5,"column":2},"end":{"line":5,"column":14}},"4":{"start":{"line":11,"column":21},"end":{"line":23,"column":1}},"5":{"start":{"line":12,"column":21},"end":{"line":12,"column":42}},"6":{"start":{"line":14,"column":2},"end":{"line":16,"column":3}},"7":{"start":{"line":15,"column":4},"end":{"line":15,"column":23}},"8":{"start":{"line":18,"column":2},"end":{"line":22,"column":5}},"9":{"start":{"line":25,"column":0},"end":{"line":25,"column":44}}},"fnMap":{"0":{"name":"(anonymous_0)","decl":{"start":{"line":2,"column":17},"end":{"line":2,"column":18}},"loc":{"start":{"line":2,"column":37},"end":{"line":6,"column":1}},"line":2},"1":{"name":"(anonymous_1)","decl":{"start":{"line":11,"column":21},"end":{"line":11,"column":22}},"loc":{"start":{"line":11,"column":46},"end":{"line":23,"column":1}},"line":11}},"branchMap":{"0":{"loc":{"start":{"line":12,"column":21},"end":{"line":12,"column":42}},"type":"binary-expr","locations":[{"start":{"line":12,"column":21},"end":{"line":12,"column":35}},{"start":{"line":12,"column":39},"end":{"line":12,"column":42}}],"line":12},"1":{"loc":{"start":{"line":14,"column":2},"end":{"line":16,"column":3}},"type":"if","locations":[{"start":{"line":14,"column":2},"end":{"line":16,"column":3}},{"start":{},"end":{}}],"line":14},"2":{"loc":{"start":{"line":20,"column":13},"end":{"line":20,"column":42}},"type":"binary-expr","locations":[{"start":{"line":20,"column":13},"end":{"line":20,"column":24}},{"start":{"line":20,"column":28},"end":{"line":20,"column":42}}],"line":20},"3":{"loc":{"start":{"line":21,"column":11},"end":{"line":21,"column":72}},"type":"cond-expr","locations":[{"start":{"line":21,"column":51},"end":{"line":21,"column":60}},{"start":{"line":21,"column":63},"end":{"line":21,"column":72}}],"line":21}},"s":{"0":1,"1":0,"2":0,"3":0,"4":1,"5":2,"6":2,"7":0,"8":2,"9":1},"f":{"0":0,"1":2},"b":{"0":[2,0],"1":[0,2],"2":[2,0],"3":[0,2]},"_coverageSchema":"1a1c01bbd47fc00a2c39e90264f33305004495a9","hash":"3a0549fe43e300bfae29b35428736181111e38ae"}
,"C:\\Users\\missr\\OneDrive - belgiumcampus.ac.za\\Desktop\\Uni\\Projects\\11. SEN371\\main-project\\SEN371\\backend\\models\\Cart.js": {"path":"C:\\Users\\missr\\OneDrive - belgiumcampus.ac.za\\Desktop\\Uni\\Projects\\11. SEN371\\main-project\\SEN371\\backend\\models\\Cart.js","statementMap":{"0":{"start":{"line":1,"column":17},"end":{"line":1,"column":36}},"1":{"start":{"line":3,"column":19},"end":{"line":25,"column":1}},"2":{"start":{"line":27,"column":0},"end":{"line":27,"column":52}}},"fnMap":{},"branchMap":{},"s":{"0":1,"1":1,"2":1},"f":{},"b":{},"_coverageSchema":"1a1c01bbd47fc00a2c39e90264f33305004495a9","hash":"4cb8cdd718d4a761e50b1617de55602541bd35d1"}
,"C:\\Users\\missr\\OneDrive - belgiumcampus.ac.za\\Desktop\\Uni\\Projects\\11. SEN371\\main-project\\SEN371\\backend\\models\\Category.js": {"path":"C:\\Users\\missr\\OneDrive - belgiumcampus.ac.za\\Desktop\\Uni\\Projects\\11. SEN371\\main-project\\SEN371\\backend\\models\\Category.js","statementMap":{"0":{"start":{"line":1,"column":17},"end":{"line":1,"column":36}},"1":{"start":{"line":3,"column":23},"end":{"line":7,"column":2}},"2":{"start":{"line":9,"column":0},"end":{"line":9,"column":60}}},"fnMap":{},"branchMap":{},"s":{"0":1,"1":1,"2":1},"f":{},"b":{},"_coverageSchema":"1a1c01bbd47fc00a2c39e90264f33305004495a9","hash":"3713a926b9208fe880cfd56fe7aaff3b9ddd92d3"}
,"C:\\Users\\missr\\OneDrive - belgiumcampus.ac.za\\Desktop\\Uni\\Projects\\11. SEN371\\main-project\\SEN371\\backend\\models\\Order.js": {"path":"C:\\Users\\missr\\OneDrive - belgiumcampus.ac.za\\Desktop\\Uni\\Projects\\11. SEN371\\main-project\\SEN371\\backend\\models\\Order.js","statementMap":{"0":{"start":{"line":2,"column":17},"end":{"line":2,"column":36}},"1":{"start":{"line":4,"column":20},"end":{"line":39,"column":1}},"2":{"start":{"line":41,"column":0},"end":{"line":41,"column":54}}},"fnMap":{},"branchMap":{},"s":{"0":1,"1":1,"2":1},"f":{},"b":{},"_coverageSchema":"1a1c01bbd47fc00a2c39e90264f33305004495a9","hash":"97622b37ff9c59c9089083b5a603e9dc2864d723"}
,"C:\\Users\\missr\\OneDrive - belgiumcampus.ac.za\\Desktop\\Uni\\Projects\\11. SEN371\\main-project\\SEN371\\backend\\models\\Payment.js": {"path":"C:\\Users\\missr\\OneDrive - belgiumcampus.ac.za\\Desktop\\Uni\\Projects\\11. SEN371\\main-project\\SEN371\\backend\\models\\Payment.js","statementMap":{"0":{"start":{"line":1,"column":17},"end":{"line":1,"column":36}},"1":{"start":{"line":3,"column":22},"end":{"line":20,"column":1}},"2":{"start":{"line":22,"column":0},"end":{"line":22,"column":58}}},"fnMap":{},"branchMap":{},"s":{"0":1,"1":1,"2":1},"f":{},"b":{},"_coverageSchema":"1a1c01bbd47fc00a2c39e90264f33305004495a9","hash":"cc2f5b06821d15c6610cf586b83b729213ad2e0d"}
,"C:\\Users\\missr\\OneDrive - belgiumcampus.ac.za\\Desktop\\Uni\\Projects\\11. SEN371\\main-project\\SEN371\\backend\\models\\Product.js": {"path":"C:\\Users\\missr\\OneDrive - belgiumcampus.ac.za\\Desktop\\Uni\\Projects\\11. SEN371\\main-project\\SEN371\\backend\\models\\Product.js","statementMap":{"0":{"start":{"line":2,"column":17},"end":{"line":2,"column":36}},"1":{"start":{"line":4,"column":22},"end":{"line":21,"column":2}},"2":{"start":{"line":23,"column":0},"end":{"line":23,"column":58}}},"fnMap":{},"branchMap":{},"s":{"0":2,"1":2,"2":2},"f":{},"b":{},"_coverageSchema":"1a1c01bbd47fc00a2c39e90264f33305004495a9","hash":"3350b692f6faec8c78548cf116f2b995a9ccbc52"}
,"C:\\Users\\missr\\OneDrive - belgiumcampus.ac.za\\Desktop\\Uni\\Projects\\11. SEN371\\main-project\\SEN371\\backend\\models\\User.js": {"path":"C:\\Users\\missr\\OneDrive - belgiumcampus.ac.za\\Desktop\\Uni\\Projects\\11. SEN371\\main-project\\SEN371\\backend\\models\\User.js","statementMap":{"0":{"start":{"line":1,"column":17},"end":{"line":1,"column":36}},"1":{"start":{"line":3,"column":19},"end":{"line":22,"column":1}},"2":{"start":{"line":24,"column":0},"end":{"line":24,"column":52}}},"fnMap":{},"branchMap":{},"s":{"0":2,"1":2,"2":2},"f":{},"b":{},"_coverageSchema":"1a1c01bbd47fc00a2c39e90264f33305004495a9","hash":"48e4e172255d85c59bacface52282a1d03d30c4d"}
,"C:\\Users\\missr\\OneDrive - belgiumcampus.ac.za\\Desktop\\Uni\\Projects\\11. SEN371\\main-project\\SEN371\\backend\\models\\Wishlist.js": {"path":"C:\\Users\\missr\\OneDrive - belgiumcampus.ac.za\\Desktop\\Uni\\Projects\\11. SEN371\\main-project\\SEN371\\backend\\models\\Wishlist.js","statementMap":{"0":{"start":{"line":1,"column":17},"end":{"line":1,"column":36}},"1":{"start":{"line":3,"column":23},"end":{"line":12,"column":2}},"2":{"start":{"line":14,"column":0},"end":{"line":14,"column":60}}},"fnMap":{},"branchMap":{},"s":{"0":1,"1":1,"2":1},"f":{},"b":{},"_coverageSchema":"1a1c01bbd47fc00a2c39e90264f33305004495a9","hash":"35cd4abf9043ce645599a4f23adff33a6a413c99"}
,"C:\\Users\\missr\\OneDrive - belgiumcampus.ac.za\\Desktop\\Uni\\Projects\\11. SEN371\\main-project\\SEN371\\backend\\routes\\authRoutes.js": {"path":"C:\\Users\\missr\\OneDrive - belgiumcampus.ac.za\\Desktop\\Uni\\Projects\\11. SEN371\\main-project\\SEN371\\backend\\routes\\authRoutes.js","statementMap":{"0":{"start":{"line":1,"column":16},"end":{"line":1,"column":34}},"1":{"start":{"line":2,"column":28},"end":{"line":2,"column":68}},"2":{"start":{"line":3,"column":20},"end":{"line":3,"column":59}},"3":{"start":{"line":4,"column":18},"end":{"line":4,"column":58}},"4":{"start":{"line":6,"column":15},"end":{"line":6,"column":31}},"5":{"start":{"line":8,"column":0},"end":{"line":8,"column":35}},"6":{"start":{"line":9,"column":0},"end":{"line":9,"column":29}},"7":{"start":{"line":10,"column":0},"end":{"line":10,"column":34}},"8":{"start":{"line":11,"column":0},"end":{"line":13,"column":3}},"9":{"start":{"line":12,"column":2},"end":{"line":12,"column":53}},"10":{"start":{"line":15,"column":0},"end":{"line":15,"column":24}}},"fnMap":{"0":{"name":"(anonymous_0)","decl":{"start":{"line":11,"column":23},"end":{"line":11,"column":24}},"loc":{"start":{"line":11,"column":37},"end":{"line":13,"column":1}},"line":11}},"branchMap":{},"s":{"0":1,"1":1,"2":1,"3":1,"4":1,"5":1,"6":1,"7":1,"8":1,"9":0,"10":1},"f":{"0":0},"b":{},"_coverageSchema":"1a1c01bbd47fc00a2c39e90264f33305004495a9","hash":"901ab65f493fe17b7bdd18d2560c42a8d85d8630"}
,"C:\\Users\\missr\\OneDrive - belgiumcampus.ac.za\\Desktop\\Uni\\Projects\\11. SEN371\\main-project\\SEN371\\backend\\routes\\cartRoutes.js": {"path":"C:\\Users\\missr\\OneDrive - belgiumcampus.ac.za\\Desktop\\Uni\\Projects\\11. SEN371\\main-project\\SEN371\\backend\\routes\\cartRoutes.js","statementMap":{"0":{"start":{"line":1,"column":16},"end":{"line":1,"column":34}},"1":{"start":{"line":2,"column":20},"end":{"line":2,"column":59}},"2":{"start":{"line":9,"column":4},"end":{"line":9,"column":44}},"3":{"start":{"line":11,"column":15},"end":{"line":11,"column":31}},"4":{"start":{"line":14,"column":0},"end":{"line":14,"column":20}},"5":{"start":{"line":16,"column":0},"end":{"line":19,"column":21}},"6":{"start":{"line":23,"column":0},"end":{"line":25,"column":26}},"7":{"start":{"line":27,"column":0},"end":{"line":27,"column":24}}},"fnMap":{},"branchMap":{},"s":{"0":1,"1":1,"2":1,"3":1,"4":1,"5":1,"6":1,"7":1},"f":{},"b":{},"_coverageSchema":"1a1c01bbd47fc00a2c39e90264f33305004495a9","hash":"a126c84de5ef402a24011e71dd557a84be37a99c"}
,"C:\\Users\\missr\\OneDrive - belgiumcampus.ac.za\\Desktop\\Uni\\Projects\\11. SEN371\\main-project\\SEN371\\backend\\routes\\categoryRoutes.js": {"path":"C:\\Users\\missr\\OneDrive - belgiumcampus.ac.za\\Desktop\\Uni\\Projects\\11. SEN371\\main-project\\SEN371\\backend\\routes\\categoryRoutes.js","statementMap":{"0":{"start":{"line":1,"column":16},"end":{"line":1,"column":34}},"1":{"start":{"line":8,"column":4},"end":{"line":8,"column":48}},"2":{"start":{"line":10,"column":15},"end":{"line":10,"column":31}},"3":{"start":{"line":12,"column":0},"end":{"line":12,"column":32}},"4":{"start":{"line":13,"column":0},"end":{"line":13,"column":33}},"5":{"start":{"line":14,"column":0},"end":{"line":14,"column":32}},"6":{"start":{"line":15,"column":0},"end":{"line":15,"column":35}},"7":{"start":{"line":16,"column":0},"end":{"line":16,"column":38}},"8":{"start":{"line":18,"column":0},"end":{"line":18,"column":24}}},"fnMap":{},"branchMap":{},"s":{"0":1,"1":1,"2":1,"3":1,"4":1,"5":1,"6":1,"7":1,"8":1},"f":{},"b":{},"_coverageSchema":"1a1c01bbd47fc00a2c39e90264f33305004495a9","hash":"96ddd654b68c27d1e26a200fee550cefc753930b"}
,"C:\\Users\\missr\\OneDrive - belgiumcampus.ac.za\\Desktop\\Uni\\Projects\\11. SEN371\\main-project\\SEN371\\backend\\routes\\orderRoutes.js": {"path":"C:\\Users\\missr\\OneDrive - belgiumcampus.ac.za\\Desktop\\Uni\\Projects\\11. SEN371\\main-project\\SEN371\\backend\\routes\\orderRoutes.js","statementMap":{"0":{"start":{"line":1,"column":16},"end":{"line":1,"column":34}},"1":{"start":{"line":2,"column":20},"end":{"line":2,"column":59}},"2":{"start":{"line":3,"column":55},"end":{"line":3,"column":96}},"3":{"start":{"line":5,"column":15},"end":{"line":5,"column":31}},"4":{"start":{"line":8,"column":0},"end":{"line":8,"column":20}},"5":{"start":{"line":11,"column":0},"end":{"line":13,"column":22}},"6":{"start":{"line":16,"column":0},"end":{"line":16,"column":40}},"7":{"start":{"line":18,"column":0},"end":{"line":18,"column":24}}},"fnMap":{},"branchMap":{},"s":{"0":1,"1":1,"2":1,"3":1,"4":1,"5":1,"6":1,"7":1},"f":{},"b":{},"_coverageSchema":"1a1c01bbd47fc00a2c39e90264f33305004495a9","hash":"f9a5d84dd253d90bb336505e5ccb0d77dbffef47"}
,"C:\\Users\\missr\\OneDrive - belgiumcampus.ac.za\\Desktop\\Uni\\Projects\\11. SEN371\\main-project\\SEN371\\backend\\routes\\productRoutes.js": {"path":"C:\\Users\\missr\\OneDrive - belgiumcampus.ac.za\\Desktop\\Uni\\Projects\\11. SEN371\\main-project\\SEN371\\backend\\routes\\productRoutes.js","statementMap":{"0":{"start":{"line":1,"column":16},"end":{"line":1,"column":34}},"1":{"start":{"line":8,"column":4},"end":{"line":8,"column":47}},"2":{"start":{"line":10,"column":15},"end":{"line":10,"column":31}},"3":{"start":{"line":12,"column":0},"end":{"line":12,"column":30}},"4":{"start":{"line":13,"column":0},"end":{"line":13,"column":32}},"5":{"start":{"line":14,"column":0},"end":{"line":14,"column":37}},"6":{"start":{"line":15,"column":0},"end":{"line":15,"column":35}},"7":{"start":{"line":16,"column":0},"end":{"line":16,"column":38}},"8":{"start":{"line":18,"column":0},"end":{"line":18,"column":24}}},"fnMap":{},"branchMap":{},"s":{"0":1,"1":1,"2":1,"3":1,"4":1,"5":1,"6":1,"7":1,"8":1},"f":{},"b":{},"_coverageSchema":"1a1c01bbd47fc00a2c39e90264f33305004495a9","hash":"4b4c1bd99a1a3f469bb3c7476b12cd1220c94346"}
,"C:\\Users\\missr\\OneDrive - belgiumcampus.ac.za\\Desktop\\Uni\\Projects\\11. SEN371\\main-project\\SEN371\\backend\\routes\\userRoutes.js": {"path":"C:\\Users\\missr\\OneDrive - belgiumcampus.ac.za\\Desktop\\Uni\\Projects\\11. SEN371\\main-project\\SEN371\\backend\\routes\\userRoutes.js","statementMap":{"0":{"start":{"line":1,"column":16},"end":{"line":1,"column":34}},"1":{"start":{"line":2,"column":20},"end":{"line":2,"column":59}},"2":{"start":{"line":3,"column":43},"end":{"line":3,"column":83}},"3":{"start":{"line":5,"column":15},"end":{"line":5,"column":31}},"4":{"start":{"line":8,"column":0},"end":{"line":8,"column":39}},"5":{"start":{"line":9,"column":0},"end":{"line":9,"column":33}},"6":{"start":{"line":12,"column":0},"end":{"line":12,"column":34}},"7":{"start":{"line":15,"column":0},"end":{"line":19,"column":3}},"8":{"start":{"line":16,"column":4},"end":{"line":18,"column":7}},"9":{"start":{"line":22,"column":0},"end":{"line":26,"column":3}},"10":{"start":{"line":23,"column":4},"end":{"line":25,"column":7}},"11":{"start":{"line":29,"column":0},"end":{"line":33,"column":3}},"12":{"start":{"line":30,"column":4},"end":{"line":32,"column":7}},"13":{"start":{"line":36,"column":0},"end":{"line":40,"column":3}},"14":{"start":{"line":37,"column":4},"end":{"line":39,"column":7}},"15":{"start":{"line":42,"column":0},"end":{"line":42,"column":24}}},"fnMap":{"0":{"name":"(anonymous_0)","decl":{"start":{"line":15,"column":16},"end":{"line":15,"column":17}},"loc":{"start":{"line":15,"column":30},"end":{"line":19,"column":1}},"line":15},"1":{"name":"(anonymous_1)","decl":{"start":{"line":22,"column":19},"end":{"line":22,"column":20}},"loc":{"start":{"line":22,"column":33},"end":{"line":26,"column":1}},"line":22},"2":{"name":"(anonymous_2)","decl":{"start":{"line":29,"column":19},"end":{"line":29,"column":20}},"loc":{"start":{"line":29,"column":33},"end":{"line":33,"column":1}},"line":29},"3":{"name":"(anonymous_3)","decl":{"start":{"line":36,"column":22},"end":{"line":36,"column":23}},"loc":{"start":{"line":36,"column":36},"end":{"line":40,"column":1}},"line":36}},"branchMap":{},"s":{"0":1,"1":1,"2":1,"3":1,"4":1,"5":1,"6":1,"7":1,"8":0,"9":1,"10":0,"11":1,"12":0,"13":1,"14":0,"15":1},"f":{"0":0,"1":0,"2":0,"3":0},"b":{},"_coverageSchema":"1a1c01bbd47fc00a2c39e90264f33305004495a9","hash":"704a4fd1be60a242237bced4cbf11245afb647c2"}
,"C:\\Users\\missr\\OneDrive - belgiumcampus.ac.za\\Desktop\\Uni\\Projects\\11. SEN371\\main-project\\SEN371\\backend\\routes\\wishlistRoutes.js": {"path":"C:\\Users\\missr\\OneDrive - belgiumcampus.ac.za\\Desktop\\Uni\\Projects\\11. SEN371\\main-project\\SEN371\\backend\\routes\\wishlistRoutes.js","statementMap":{"0":{"start":{"line":1,"column":16},"end":{"line":1,"column":34}},"1":{"start":{"line":2,"column":20},"end":{"line":2,"column":59}},"2":{"start":{"line":8,"column":4},"end":{"line":8,"column":48}},"3":{"start":{"line":10,"column":15},"end":{"line":10,"column":31}},"4":{"start":{"line":12,"column":0},"end":{"line":12,"column":20}},"5":{"start":{"line":14,"column":0},"end":{"line":16,"column":23}},"6":{"start":{"line":18,"column":0},"end":{"line":18,"column":55}},"7":{"start":{"line":19,"column":0},"end":{"line":19,"column":58}},"8":{"start":{"line":21,"column":0},"end":{"line":21,"column":24}}},"fnMap":{},"branchMap":{},"s":{"0":1,"1":1,"2":1,"3":1,"4":1,"5":1,"6":1,"7":1,"8":1},"f":{},"b":{},"_coverageSchema":"1a1c01bbd47fc00a2c39e90264f33305004495a9","hash":"85793afa6d0c3bab68bce9ef66001f22cceac016"}
,"C:\\Users\\missr\\OneDrive - belgiumcampus.ac.za\\Desktop\\Uni\\Projects\\11. SEN371\\main-project\\SEN371\\backend\\services\\authService.js": {"path":"C:\\Users\\missr\\OneDrive - belgiumcampus.ac.za\\Desktop\\Uni\\Projects\\11. SEN371\\main-project\\SEN371\\backend\\services\\authService.js","statementMap":{"0":{"start":{"line":1,"column":15},"end":{"line":1,"column":32}},"1":{"start":{"line":2,"column":12},"end":{"line":2,"column":35}},"2":{"start":{"line":4,"column":20},"end":{"line":4,"column":22}},"3":{"start":{"line":6,"column":21},"end":{"line":8,"column":1}},"4":{"start":{"line":7,"column":2},"end":{"line":7,"column":44}},"5":{"start":{"line":10,"column":24},"end":{"line":12,"column":1}},"6":{"start":{"line":11,"column":2},"end":{"line":11,"column":48}},"7":{"start":{"line":14,"column":22},"end":{"line":26,"column":1}},"8":{"start":{"line":15,"column":2},"end":{"line":19,"column":3}},"9":{"start":{"line":16,"column":18},"end":{"line":16,"column":59}},"10":{"start":{"line":17,"column":4},"end":{"line":17,"column":27}},"11":{"start":{"line":18,"column":4},"end":{"line":18,"column":16}},"12":{"start":{"line":21,"column":2},"end":{"line":25,"column":4}},"13":{"start":{"line":28,"column":20},"end":{"line":36,"column":1}},"14":{"start":{"line":29,"column":2},"end":{"line":33,"column":3}},"15":{"start":{"line":30,"column":18},"end":{"line":30,"column":59}},"16":{"start":{"line":31,"column":4},"end":{"line":31,"column":27}},"17":{"start":{"line":32,"column":4},"end":{"line":32,"column":16}},"18":{"start":{"line":35,"column":2},"end":{"line":35,"column":51}},"19":{"start":{"line":38,"column":0},"end":{"line":43,"column":2}}},"fnMap":{"0":{"name":"(anonymous_0)","decl":{"start":{"line":6,"column":21},"end":{"line":6,"column":22}},"loc":{"start":{"line":6,"column":41},"end":{"line":8,"column":1}},"line":6},"1":{"name":"(anonymous_1)","decl":{"start":{"line":10,"column":24},"end":{"line":10,"column":25}},"loc":{"start":{"line":10,"column":58},"end":{"line":12,"column":1}},"line":10},"2":{"name":"(anonymous_2)","decl":{"start":{"line":14,"column":22},"end":{"line":14,"column":23}},"loc":{"start":{"line":14,"column":32},"end":{"line":26,"column":1}},"line":14},"3":{"name":"(anonymous_3)","decl":{"start":{"line":28,"column":20},"end":{"line":28,"column":21}},"loc":{"start":{"line":28,"column":31},"end":{"line":36,"column":1}},"line":28}},"branchMap":{"0":{"loc":{"start":{"line":15,"column":2},"end":{"line":19,"column":3}},"type":"if","locations":[{"start":{"line":15,"column":2},"end":{"line":19,"column":3}},{"start":{},"end":{}}],"line":15},"1":{"loc":{"start":{"line":24,"column":17},"end":{"line":24,"column":51}},"type":"binary-expr","locations":[{"start":{"line":24,"column":17},"end":{"line":24,"column":43}},{"start":{"line":24,"column":47},"end":{"line":24,"column":51}}],"line":24},"2":{"loc":{"start":{"line":29,"column":2},"end":{"line":33,"column":3}},"type":"if","locations":[{"start":{"line":29,"column":2},"end":{"line":33,"column":3}},{"start":{},"end":{}}],"line":29}},"s":{"0":3,"1":3,"2":3,"3":3,"4":2,"5":3,"6":0,"7":3,"8":3,"9":0,"10":0,"11":0,"12":3,"13":3,"14":7,"15":0,"16":0,"17":0,"18":7,"19":3},"f":{"0":2,"1":0,"2":3,"3":7},"b":{"0":[0,3],"1":[3,3],"2":[0,7]},"_coverageSchema":"1a1c01bbd47fc00a2c39e90264f33305004495a9","hash":"662160ade4fe552daa107780160a5a497280a571"}
,"C:\\Users\\missr\\OneDrive - belgiumcampus.ac.za\\Desktop\\Uni\\Projects\\11. SEN371\\main-project\\SEN371\\backend\\utils\\findProduct.js": {"path":"C:\\Users\\missr\\OneDrive - belgiumcampus.ac.za\\Desktop\\Uni\\Projects\\11. SEN371\\main-project\\SEN371\\backend\\utils\\findProduct.js","statementMap":{"0":{"start":{"line":1,"column":17},"end":{"line":1,"column":36}},"1":{"start":{"line":2,"column":16},"end":{"line":2,"column":44}},"2":{"start":{"line":3,"column":18},"end":{"line":3,"column":40}},"3":{"start":{"line":9,"column":25},"end":{"line":21,"column":1}},"4":{"start":{"line":10,"column":2},"end":{"line":12,"column":3}},"5":{"start":{"line":11,"column":4},"end":{"line":11,"column":47}},"6":{"start":{"line":14,"column":18},"end":{"line":14,"column":51}},"7":{"start":{"line":16,"column":2},"end":{"line":18,"column":3}},"8":{"start":{"line":17,"column":4},"end":{"line":17,"column":46}},"9":{"start":{"line":20,"column":2},"end":{"line":20,"column":17}},"10":{"start":{"line":23,"column":0},"end":{"line":23,"column":34}}},"fnMap":{"0":{"name":"(anonymous_0)","decl":{"start":{"line":9,"column":25},"end":{"line":9,"column":26}},"loc":{"start":{"line":9,"column":46},"end":{"line":21,"column":1}},"line":9}},"branchMap":{"0":{"loc":{"start":{"line":10,"column":2},"end":{"line":12,"column":3}},"type":"if","locations":[{"start":{"line":10,"column":2},"end":{"line":12,"column":3}},{"start":{},"end":{}}],"line":10},"1":{"loc":{"start":{"line":16,"column":2},"end":{"line":18,"column":3}},"type":"if","locations":[{"start":{"line":16,"column":2},"end":{"line":18,"column":3}},{"start":{},"end":{}}],"line":16}},"s":{"0":2,"1":2,"2":2,"3":2,"4":3,"5":1,"6":2,"7":2,"8":1,"9":1,"10":2},"f":{"0":3},"b":{"0":[1,2],"1":[1,1]},"_coverageSchema":"1a1c01bbd47fc00a2c39e90264f33305004495a9","hash":"5ffc8c6f7a9acf7148ea887e7edcdb8627b5f3f8"}
,"C:\\Users\\missr\\OneDrive - belgiumcampus.ac.za\\Desktop\\Uni\\Projects\\11. SEN371\\main-project\\SEN371\\backend\\utils\\httpError.js": {"path":"C:\\Users\\missr\\OneDrive - belgiumcampus.ac.za\\Desktop\\Uni\\Projects\\11. SEN371\\main-project\\SEN371\\backend\\utils\\httpError.js","statementMap":{"0":{"start":{"line":4,"column":18},"end":{"line":8,"column":1}},"1":{"start":{"line":5,"column":16},"end":{"line":5,"column":34}},"2":{"start":{"line":6,"column":2},"end":{"line":6,"column":32}},"3":{"start":{"line":7,"column":2},"end":{"line":7,"column":15}},"4":{"start":{"line":10,"column":0},"end":{"line":10,"column":27}}},"fnMap":{"0":{"name":"(anonymous_0)","decl":{"start":{"line":4,"column":18},"end":{"line":4,"column":19}},"loc":{"start":{"line":4,"column":43},"end":{"line":8,"column":1}},"line":4}},"branchMap":{},"s":{"0":3,"1":3,"2":3,"3":3,"4":3},"f":{"0":3},"b":{},"_coverageSchema":"1a1c01bbd47fc00a2c39e90264f33305004495a9","hash":"e9f4d26256221c9619d50e1b9fc85f434acdaac1"}
}
