TN:
SF:middleware\authMiddleware.js
FN:3,(anonymous_0)
FNF:1
FNH:1
FNDA:2,(anonymous_0)
DA:1,1
DA:3,1
DA:4,2
DA:6,2
DA:7,0
DA:8,0
DA:9,0
DA:12,2
DA:14,2
DA:15,2
DA:16,1
DA:18,1
DA:19,1
DA:20,1
DA:24,1
LF:15
LH:12
BRDA:6,0,0,0
BRDA:6,0,1,2
BRDA:6,1,0,2
BRDA:6,1,1,2
BRF:4
BRH:3
end_of_record
TN:
SF:models\Product.js
FNF:0
FNH:0
DA:2,1
DA:4,1
DA:23,1
LF:3
LH:3
BRF:0
BRH:0
end_of_record
TN:
SF:models\User.js
FNF:0
FNH:0
DA:1,1
DA:3,1
DA:24,1
LF:3
LH:3
BRF:0
BRH:0
end_of_record
TN:
SF:services\authService.js
FN:6,(anonymous_0)
FN:10,(anonymous_1)
FN:14,(anonymous_2)
FN:28,(anonymous_3)
FNF:4
FNH:1
FNDA:0,(anonymous_0)
FNDA:0,(anonymous_1)
FNDA:1,(anonymous_2)
FNDA:0,(anonymous_3)
DA:1,2
DA:2,2
DA:4,2
DA:6,2
DA:7,0
DA:10,2
DA:11,0
DA:14,2
DA:15,1
DA:16,0
DA:17,0
DA:18,0
DA:21,1
DA:28,2
DA:29,0
DA:30,0
DA:31,0
DA:32,0
DA:35,0
DA:38,2
LF:20
LH:10
BRDA:15,0,0,0
BRDA:15,0,1,1
BRDA:24,1,0,1
BRDA:24,1,1,1
BRDA:29,2,0,0
BRDA:29,2,1,0
BRF:6
BRH:3
end_of_record
TN:
SF:utils\findProduct.js
FN:9,(anonymous_0)
FNF:1
FNH:1
FNDA:2,(anonymous_0)
DA:1,1
DA:2,1
DA:3,1
DA:9,1
DA:10,2
DA:11,1
DA:14,1
DA:16,1
DA:17,1
DA:20,0
DA:23,1
LF:11
LH:10
BRDA:10,0,0,1
BRDA:10,0,1,1
BRDA:16,1,0,1
BRDA:16,1,1,0
BRF:4
BRH:3
end_of_record
TN:
SF:utils\httpError.js
FN:4,(anonymous_0)
FNF:1
FNH:1
FNDA:3,(anonymous_0)
DA:4,2
DA:5,3
DA:6,3
DA:7,3
DA:10,2
LF:5
LH:5
BRF:0
BRH:0
end_of_record
